ERROR - 2023-12-18 01:45:23 --> mysqli_sql_exception: Duplicate entry '23456' for key 'd_material.material_number' in D:\Kerja\Cataloguing Tool\Backend-Catalouging\system\Database\MySQLi\Connection.php:306
Stack trace:
#0 D:\Kerja\Cataloguing Tool\Backend-Catalouging\system\Database\MySQLi\Connection.php(306): mysqli->query()
#1 D:\Kerja\Cataloguing Tool\Backend-Catalouging\system\Database\BaseConnection.php(692): CodeIgniter\Database\MySQLi\Connection->execute()
#2 D:\Kerja\Cataloguing Tool\Backend-Catalouging\system\Database\BaseConnection.php(606): CodeIgniter\Database\BaseConnection->simpleQuery()
#3 D:\Kerja\Cataloguing Tool\Backend-Catalouging\system\Database\BaseBuilder.php(1800): CodeIgniter\Database\BaseConnection->query()
#4 D:\Kerja\Cataloguing Tool\Backend-Catalouging\system\Database\BaseBuilder.php(2191): CodeIgniter\Database\BaseBuilder->batchExecute()
#5 D:\Kerja\Cataloguing Tool\Backend-Catalouging\system\Model.php(353): CodeIgniter\Database\BaseBuilder->insertBatch()
#6 D:\Kerja\Cataloguing Tool\Backend-Catalouging\system\BaseModel.php(880): CodeIgniter\Model->doInsertBatch()
#7 D:\Kerja\Cataloguing Tool\Backend-Catalouging\app\Controllers\MaterialController.php(248): CodeIgniter\BaseModel->insertBatch()
#8 D:\Kerja\Cataloguing Tool\Backend-Catalouging\system\CodeIgniter.php(919): App\Controllers\MaterialController->bulkInsertFromExcel()
#9 D:\Kerja\Cataloguing Tool\Backend-Catalouging\system\CodeIgniter.php(494): CodeIgniter\CodeIgniter->runController()
#10 D:\Kerja\Cataloguing Tool\Backend-Catalouging\system\CodeIgniter.php(353): CodeIgniter\CodeIgniter->handleRequest()
#11 D:\Kerja\Cataloguing Tool\Backend-Catalouging\public\index.php(87): CodeIgniter\CodeIgniter->run()
#12 D:\Kerja\Cataloguing Tool\Backend-Catalouging\system\Commands\Server\rewrite.php(47): require_once('...')
#13 {main}
CRITICAL - 2023-12-18 01:45:23 --> Duplicate entry '23456' for key 'd_material.material_number'
in SYSTEMPATH\Database\BaseConnection.php on line 646.
 1 SYSTEMPATH\Database\BaseBuilder.php(1800): CodeIgniter\Database\BaseConnection->query()
 2 SYSTEMPATH\Database\BaseBuilder.php(2191): CodeIgniter\Database\BaseBuilder->batchExecute()
 3 SYSTEMPATH\Model.php(353): CodeIgniter\Database\BaseBuilder->insertBatch()
 4 SYSTEMPATH\BaseModel.php(880): CodeIgniter\Model->doInsertBatch()
 5 APPPATH\Controllers\MaterialController.php(248): CodeIgniter\BaseModel->insertBatch()
 6 SYSTEMPATH\CodeIgniter.php(919): App\Controllers\MaterialController->bulkInsertFromExcel()
 7 SYSTEMPATH\CodeIgniter.php(494): CodeIgniter\CodeIgniter->runController()
 8 SYSTEMPATH\CodeIgniter.php(353): CodeIgniter\CodeIgniter->handleRequest()
 9 FCPATH\index.php(87): CodeIgniter\CodeIgniter->run()
10 SYSTEMPATH\Commands\Server\rewrite.php(47): require_once('D:\\Kerja\\Cataloguing Tool\\Backend-Catalouging\\public\\index.php')
ERROR - 2023-12-18 01:47:39 --> mysqli_sql_exception: Duplicate entry '11111111' for key 'd_material.material_number' in D:\Kerja\Cataloguing Tool\Backend-Catalouging\system\Database\MySQLi\Connection.php:306
Stack trace:
#0 D:\Kerja\Cataloguing Tool\Backend-Catalouging\system\Database\MySQLi\Connection.php(306): mysqli->query()
#1 D:\Kerja\Cataloguing Tool\Backend-Catalouging\system\Database\BaseConnection.php(692): CodeIgniter\Database\MySQLi\Connection->execute()
#2 D:\Kerja\Cataloguing Tool\Backend-Catalouging\system\Database\BaseConnection.php(606): CodeIgniter\Database\BaseConnection->simpleQuery()
#3 D:\Kerja\Cataloguing Tool\Backend-Catalouging\system\Database\BaseBuilder.php(1800): CodeIgniter\Database\BaseConnection->query()
#4 D:\Kerja\Cataloguing Tool\Backend-Catalouging\system\Database\BaseBuilder.php(2191): CodeIgniter\Database\BaseBuilder->batchExecute()
#5 D:\Kerja\Cataloguing Tool\Backend-Catalouging\system\Model.php(353): CodeIgniter\Database\BaseBuilder->insertBatch()
#6 D:\Kerja\Cataloguing Tool\Backend-Catalouging\system\BaseModel.php(880): CodeIgniter\Model->doInsertBatch()
#7 D:\Kerja\Cataloguing Tool\Backend-Catalouging\app\Controllers\MaterialController.php(248): CodeIgniter\BaseModel->insertBatch()
#8 D:\Kerja\Cataloguing Tool\Backend-Catalouging\system\CodeIgniter.php(919): App\Controllers\MaterialController->bulkInsertFromExcel()
#9 D:\Kerja\Cataloguing Tool\Backend-Catalouging\system\CodeIgniter.php(494): CodeIgniter\CodeIgniter->runController()
#10 D:\Kerja\Cataloguing Tool\Backend-Catalouging\system\CodeIgniter.php(353): CodeIgniter\CodeIgniter->handleRequest()
#11 D:\Kerja\Cataloguing Tool\Backend-Catalouging\public\index.php(87): CodeIgniter\CodeIgniter->run()
#12 D:\Kerja\Cataloguing Tool\Backend-Catalouging\system\Commands\Server\rewrite.php(47): require_once('...')
#13 {main}
CRITICAL - 2023-12-18 01:47:39 --> Duplicate entry '11111111' for key 'd_material.material_number'
in SYSTEMPATH\Database\BaseConnection.php on line 646.
 1 SYSTEMPATH\Database\BaseBuilder.php(1800): CodeIgniter\Database\BaseConnection->query()
 2 SYSTEMPATH\Database\BaseBuilder.php(2191): CodeIgniter\Database\BaseBuilder->batchExecute()
 3 SYSTEMPATH\Model.php(353): CodeIgniter\Database\BaseBuilder->insertBatch()
 4 SYSTEMPATH\BaseModel.php(880): CodeIgniter\Model->doInsertBatch()
 5 APPPATH\Controllers\MaterialController.php(248): CodeIgniter\BaseModel->insertBatch()
 6 SYSTEMPATH\CodeIgniter.php(919): App\Controllers\MaterialController->bulkInsertFromExcel()
 7 SYSTEMPATH\CodeIgniter.php(494): CodeIgniter\CodeIgniter->runController()
 8 SYSTEMPATH\CodeIgniter.php(353): CodeIgniter\CodeIgniter->handleRequest()
 9 FCPATH\index.php(87): CodeIgniter\CodeIgniter->run()
10 SYSTEMPATH\Commands\Server\rewrite.php(47): require_once('D:\\Kerja\\Cataloguing Tool\\Backend-Catalouging\\public\\index.php')
ERROR - 2023-12-18 01:54:00 --> mysqli_sql_exception: Duplicate entry '11111111' for key 'd_material.material_number' in D:\Kerja\Cataloguing Tool\Backend-Catalouging\system\Database\MySQLi\Connection.php:306
Stack trace:
#0 D:\Kerja\Cataloguing Tool\Backend-Catalouging\system\Database\MySQLi\Connection.php(306): mysqli->query()
#1 D:\Kerja\Cataloguing Tool\Backend-Catalouging\system\Database\BaseConnection.php(692): CodeIgniter\Database\MySQLi\Connection->execute()
#2 D:\Kerja\Cataloguing Tool\Backend-Catalouging\system\Database\BaseConnection.php(606): CodeIgniter\Database\BaseConnection->simpleQuery()
#3 D:\Kerja\Cataloguing Tool\Backend-Catalouging\system\Database\BaseBuilder.php(1800): CodeIgniter\Database\BaseConnection->query()
#4 D:\Kerja\Cataloguing Tool\Backend-Catalouging\system\Database\BaseBuilder.php(2191): CodeIgniter\Database\BaseBuilder->batchExecute()
#5 D:\Kerja\Cataloguing Tool\Backend-Catalouging\system\Model.php(353): CodeIgniter\Database\BaseBuilder->insertBatch()
#6 D:\Kerja\Cataloguing Tool\Backend-Catalouging\system\BaseModel.php(880): CodeIgniter\Model->doInsertBatch()
#7 D:\Kerja\Cataloguing Tool\Backend-Catalouging\app\Controllers\MaterialController.php(248): CodeIgniter\BaseModel->insertBatch()
#8 D:\Kerja\Cataloguing Tool\Backend-Catalouging\system\CodeIgniter.php(919): App\Controllers\MaterialController->bulkInsertFromExcel()
#9 D:\Kerja\Cataloguing Tool\Backend-Catalouging\system\CodeIgniter.php(494): CodeIgniter\CodeIgniter->runController()
#10 D:\Kerja\Cataloguing Tool\Backend-Catalouging\system\CodeIgniter.php(353): CodeIgniter\CodeIgniter->handleRequest()
#11 D:\Kerja\Cataloguing Tool\Backend-Catalouging\public\index.php(87): CodeIgniter\CodeIgniter->run()
#12 D:\Kerja\Cataloguing Tool\Backend-Catalouging\system\Commands\Server\rewrite.php(47): require_once('...')
#13 {main}
CRITICAL - 2023-12-18 01:54:00 --> Duplicate entry '11111111' for key 'd_material.material_number'
in SYSTEMPATH\Database\BaseConnection.php on line 646.
 1 SYSTEMPATH\Database\BaseBuilder.php(1800): CodeIgniter\Database\BaseConnection->query()
 2 SYSTEMPATH\Database\BaseBuilder.php(2191): CodeIgniter\Database\BaseBuilder->batchExecute()
 3 SYSTEMPATH\Model.php(353): CodeIgniter\Database\BaseBuilder->insertBatch()
 4 SYSTEMPATH\BaseModel.php(880): CodeIgniter\Model->doInsertBatch()
 5 APPPATH\Controllers\MaterialController.php(248): CodeIgniter\BaseModel->insertBatch()
 6 SYSTEMPATH\CodeIgniter.php(919): App\Controllers\MaterialController->bulkInsertFromExcel()
 7 SYSTEMPATH\CodeIgniter.php(494): CodeIgniter\CodeIgniter->runController()
 8 SYSTEMPATH\CodeIgniter.php(353): CodeIgniter\CodeIgniter->handleRequest()
 9 FCPATH\index.php(87): CodeIgniter\CodeIgniter->run()
10 SYSTEMPATH\Commands\Server\rewrite.php(47): require_once('D:\\Kerja\\Cataloguing Tool\\Backend-Catalouging\\public\\index.php')
ERROR - 2023-12-18 01:54:28 --> mysqli_sql_exception: Duplicate entry '11111111' for key 'd_material.material_number' in D:\Kerja\Cataloguing Tool\Backend-Catalouging\system\Database\MySQLi\Connection.php:306
Stack trace:
#0 D:\Kerja\Cataloguing Tool\Backend-Catalouging\system\Database\MySQLi\Connection.php(306): mysqli->query()
#1 D:\Kerja\Cataloguing Tool\Backend-Catalouging\system\Database\BaseConnection.php(692): CodeIgniter\Database\MySQLi\Connection->execute()
#2 D:\Kerja\Cataloguing Tool\Backend-Catalouging\system\Database\BaseConnection.php(606): CodeIgniter\Database\BaseConnection->simpleQuery()
#3 D:\Kerja\Cataloguing Tool\Backend-Catalouging\system\Database\BaseBuilder.php(1800): CodeIgniter\Database\BaseConnection->query()
#4 D:\Kerja\Cataloguing Tool\Backend-Catalouging\system\Database\BaseBuilder.php(2191): CodeIgniter\Database\BaseBuilder->batchExecute()
#5 D:\Kerja\Cataloguing Tool\Backend-Catalouging\system\Model.php(353): CodeIgniter\Database\BaseBuilder->insertBatch()
#6 D:\Kerja\Cataloguing Tool\Backend-Catalouging\system\BaseModel.php(880): CodeIgniter\Model->doInsertBatch()
#7 D:\Kerja\Cataloguing Tool\Backend-Catalouging\app\Controllers\MaterialController.php(248): CodeIgniter\BaseModel->insertBatch()
#8 D:\Kerja\Cataloguing Tool\Backend-Catalouging\system\CodeIgniter.php(919): App\Controllers\MaterialController->bulkInsertFromExcel()
#9 D:\Kerja\Cataloguing Tool\Backend-Catalouging\system\CodeIgniter.php(494): CodeIgniter\CodeIgniter->runController()
#10 D:\Kerja\Cataloguing Tool\Backend-Catalouging\system\CodeIgniter.php(353): CodeIgniter\CodeIgniter->handleRequest()
#11 D:\Kerja\Cataloguing Tool\Backend-Catalouging\public\index.php(87): CodeIgniter\CodeIgniter->run()
#12 D:\Kerja\Cataloguing Tool\Backend-Catalouging\system\Commands\Server\rewrite.php(47): require_once('...')
#13 {main}
CRITICAL - 2023-12-18 01:54:28 --> Duplicate entry '11111111' for key 'd_material.material_number'
in SYSTEMPATH\Database\BaseConnection.php on line 646.
 1 SYSTEMPATH\Database\BaseBuilder.php(1800): CodeIgniter\Database\BaseConnection->query()
 2 SYSTEMPATH\Database\BaseBuilder.php(2191): CodeIgniter\Database\BaseBuilder->batchExecute()
 3 SYSTEMPATH\Model.php(353): CodeIgniter\Database\BaseBuilder->insertBatch()
 4 SYSTEMPATH\BaseModel.php(880): CodeIgniter\Model->doInsertBatch()
 5 APPPATH\Controllers\MaterialController.php(248): CodeIgniter\BaseModel->insertBatch()
 6 SYSTEMPATH\CodeIgniter.php(919): App\Controllers\MaterialController->bulkInsertFromExcel()
 7 SYSTEMPATH\CodeIgniter.php(494): CodeIgniter\CodeIgniter->runController()
 8 SYSTEMPATH\CodeIgniter.php(353): CodeIgniter\CodeIgniter->handleRequest()
 9 FCPATH\index.php(87): CodeIgniter\CodeIgniter->run()
10 SYSTEMPATH\Commands\Server\rewrite.php(47): require_once('D:\\Kerja\\Cataloguing Tool\\Backend-Catalouging\\public\\index.php')
ERROR - 2023-12-18 01:55:05 --> mysqli_sql_exception: Duplicate entry '11111111' for key 'd_material.material_number' in D:\Kerja\Cataloguing Tool\Backend-Catalouging\system\Database\MySQLi\Connection.php:306
Stack trace:
#0 D:\Kerja\Cataloguing Tool\Backend-Catalouging\system\Database\MySQLi\Connection.php(306): mysqli->query()
#1 D:\Kerja\Cataloguing Tool\Backend-Catalouging\system\Database\BaseConnection.php(692): CodeIgniter\Database\MySQLi\Connection->execute()
#2 D:\Kerja\Cataloguing Tool\Backend-Catalouging\system\Database\BaseConnection.php(606): CodeIgniter\Database\BaseConnection->simpleQuery()
#3 D:\Kerja\Cataloguing Tool\Backend-Catalouging\system\Database\BaseBuilder.php(1800): CodeIgniter\Database\BaseConnection->query()
#4 D:\Kerja\Cataloguing Tool\Backend-Catalouging\system\Database\BaseBuilder.php(2191): CodeIgniter\Database\BaseBuilder->batchExecute()
#5 D:\Kerja\Cataloguing Tool\Backend-Catalouging\system\Model.php(353): CodeIgniter\Database\BaseBuilder->insertBatch()
#6 D:\Kerja\Cataloguing Tool\Backend-Catalouging\system\BaseModel.php(880): CodeIgniter\Model->doInsertBatch()
#7 D:\Kerja\Cataloguing Tool\Backend-Catalouging\app\Controllers\MaterialController.php(248): CodeIgniter\BaseModel->insertBatch()
#8 D:\Kerja\Cataloguing Tool\Backend-Catalouging\system\CodeIgniter.php(919): App\Controllers\MaterialController->bulkInsertFromExcel()
#9 D:\Kerja\Cataloguing Tool\Backend-Catalouging\system\CodeIgniter.php(494): CodeIgniter\CodeIgniter->runController()
#10 D:\Kerja\Cataloguing Tool\Backend-Catalouging\system\CodeIgniter.php(353): CodeIgniter\CodeIgniter->handleRequest()
#11 D:\Kerja\Cataloguing Tool\Backend-Catalouging\public\index.php(87): CodeIgniter\CodeIgniter->run()
#12 D:\Kerja\Cataloguing Tool\Backend-Catalouging\system\Commands\Server\rewrite.php(47): require_once('...')
#13 {main}
CRITICAL - 2023-12-18 01:55:05 --> Duplicate entry '11111111' for key 'd_material.material_number'
in SYSTEMPATH\Database\BaseConnection.php on line 646.
 1 SYSTEMPATH\Database\BaseBuilder.php(1800): CodeIgniter\Database\BaseConnection->query()
 2 SYSTEMPATH\Database\BaseBuilder.php(2191): CodeIgniter\Database\BaseBuilder->batchExecute()
 3 SYSTEMPATH\Model.php(353): CodeIgniter\Database\BaseBuilder->insertBatch()
 4 SYSTEMPATH\BaseModel.php(880): CodeIgniter\Model->doInsertBatch()
 5 APPPATH\Controllers\MaterialController.php(248): CodeIgniter\BaseModel->insertBatch()
 6 SYSTEMPATH\CodeIgniter.php(919): App\Controllers\MaterialController->bulkInsertFromExcel()
 7 SYSTEMPATH\CodeIgniter.php(494): CodeIgniter\CodeIgniter->runController()
 8 SYSTEMPATH\CodeIgniter.php(353): CodeIgniter\CodeIgniter->handleRequest()
 9 FCPATH\index.php(87): CodeIgniter\CodeIgniter->run()
10 SYSTEMPATH\Commands\Server\rewrite.php(47): require_once('D:\\Kerja\\Cataloguing Tool\\Backend-Catalouging\\public\\index.php')
CRITICAL - 2023-12-18 02:13:49 --> Undefined property: stdClass::$inc
in APPPATH\Controllers\MaterialController.php on line 278.
 1 APPPATH\Controllers\MaterialController.php(278): CodeIgniter\Debug\Exceptions->errorHandler()
 2 SYSTEMPATH\CodeIgniter.php(919): App\Controllers\MaterialController->updateINCByIDs()
 3 SYSTEMPATH\CodeIgniter.php(494): CodeIgniter\CodeIgniter->runController()
 4 SYSTEMPATH\CodeIgniter.php(353): CodeIgniter\CodeIgniter->handleRequest()
 5 FCPATH\index.php(87): CodeIgniter\CodeIgniter->run()
 6 SYSTEMPATH\Commands\Server\rewrite.php(47): require_once('D:\\Kerja\\Cataloguing Tool\\Backend-Catalouging\\public\\index.php')
CRITICAL - 2023-12-18 02:57:31 --> Class "App\Controllers\IOFactory" not found
in APPPATH\Controllers\AttributeController.php on line 183.
 1 SYSTEMPATH\CodeIgniter.php(919): App\Controllers\AttributeController->bulkInsertFromExcel()
 2 SYSTEMPATH\CodeIgniter.php(494): CodeIgniter\CodeIgniter->runController()
 3 SYSTEMPATH\CodeIgniter.php(353): CodeIgniter\CodeIgniter->handleRequest()
 4 FCPATH\index.php(87): CodeIgniter\CodeIgniter->run()
 5 SYSTEMPATH\Commands\Server\rewrite.php(47): require_once('D:\\Kerja\\Cataloguing Tool\\Backend-Catalouging\\public\\index.php')
CRITICAL - 2023-12-18 02:58:02 --> Call to a member function insertBatch() on null
in APPPATH\Controllers\AttributeController.php on line 204.
 1 SYSTEMPATH\CodeIgniter.php(919): App\Controllers\AttributeController->bulkInsertFromExcel()
 2 SYSTEMPATH\CodeIgniter.php(494): CodeIgniter\CodeIgniter->runController()
 3 SYSTEMPATH\CodeIgniter.php(353): CodeIgniter\CodeIgniter->handleRequest()
 4 FCPATH\index.php(87): CodeIgniter\CodeIgniter->run()
 5 SYSTEMPATH\Commands\Server\rewrite.php(47): require_once('D:\\Kerja\\Cataloguing Tool\\Backend-Catalouging\\public\\index.php')
CRITICAL - 2023-12-18 03:00:46 --> Call to a member function insertBatch() on null
in APPPATH\Controllers\AttributeController.php on line 204.
 1 SYSTEMPATH\CodeIgniter.php(919): App\Controllers\AttributeController->bulkInsertFromExcel()
 2 SYSTEMPATH\CodeIgniter.php(494): CodeIgniter\CodeIgniter->runController()
 3 SYSTEMPATH\CodeIgniter.php(353): CodeIgniter\CodeIgniter->handleRequest()
 4 FCPATH\index.php(87): CodeIgniter\CodeIgniter->run()
 5 SYSTEMPATH\Commands\Server\rewrite.php(47): require_once('D:\\Kerja\\Cataloguing Tool\\Backend-Catalouging\\public\\index.php')
CRITICAL - 2023-12-18 03:01:54 --> Call to a member function insertBatch() on null
in APPPATH\Controllers\AttributeController.php on line 203.
 1 SYSTEMPATH\CodeIgniter.php(919): App\Controllers\AttributeController->bulkInsertFromExcel()
 2 SYSTEMPATH\CodeIgniter.php(494): CodeIgniter\CodeIgniter->runController()
 3 SYSTEMPATH\CodeIgniter.php(353): CodeIgniter\CodeIgniter->handleRequest()
 4 FCPATH\index.php(87): CodeIgniter\CodeIgniter->run()
 5 SYSTEMPATH\Commands\Server\rewrite.php(47): require_once('D:\\Kerja\\Cataloguing Tool\\Backend-Catalouging\\public\\index.php')
CRITICAL - 2023-12-18 03:04:13 --> Undefined variable $model
in APPPATH\Controllers\AttributeController.php on line 203.
 1 APPPATH\Controllers\AttributeController.php(203): CodeIgniter\Debug\Exceptions->errorHandler()
 2 SYSTEMPATH\CodeIgniter.php(919): App\Controllers\AttributeController->bulkInsertFromExcel()
 3 SYSTEMPATH\CodeIgniter.php(494): CodeIgniter\CodeIgniter->runController()
 4 SYSTEMPATH\CodeIgniter.php(353): CodeIgniter\CodeIgniter->handleRequest()
 5 FCPATH\index.php(87): CodeIgniter\CodeIgniter->run()
 6 SYSTEMPATH\Commands\Server\rewrite.php(47): require_once('D:\\Kerja\\Cataloguing Tool\\Backend-Catalouging\\public\\index.php')
CRITICAL - 2023-12-18 03:04:39 --> Call to a member function insertBatch() on null
in APPPATH\Controllers\AttributeController.php on line 203.
 1 SYSTEMPATH\CodeIgniter.php(919): App\Controllers\AttributeController->bulkInsertFromExcel()
 2 SYSTEMPATH\CodeIgniter.php(494): CodeIgniter\CodeIgniter->runController()
 3 SYSTEMPATH\CodeIgniter.php(353): CodeIgniter\CodeIgniter->handleRequest()
 4 FCPATH\index.php(87): CodeIgniter\CodeIgniter->run()
 5 SYSTEMPATH\Commands\Server\rewrite.php(47): require_once('D:\\Kerja\\Cataloguing Tool\\Backend-Catalouging\\public\\index.php')
ERROR - 2023-12-18 03:05:40 --> Error connecting to the database: ErrorException: mysqli::real_connect(): php_network_getaddresses: getaddrinfo for localhosot failed: No such host is known.  in D:\Kerja\Cataloguing Tool\Backend-Catalouging\system\Database\MySQLi\Connection.php:184
Stack trace:
#0 [internal function]: CodeIgniter\Debug\Exceptions->errorHandler()
#1 D:\Kerja\Cataloguing Tool\Backend-Catalouging\system\Database\MySQLi\Connection.php(184): mysqli->real_connect()
#2 D:\Kerja\Cataloguing Tool\Backend-Catalouging\system\Database\BaseConnection.php(391): CodeIgniter\Database\MySQLi\Connection->connect()
#3 D:\Kerja\Cataloguing Tool\Backend-Catalouging\system\Database\MySQLi\Connection.php(346): CodeIgniter\Database\BaseConnection->initialize()
#4 D:\Kerja\Cataloguing Tool\Backend-Catalouging\system\Database\BaseConnection.php(1296): CodeIgniter\Database\MySQLi\Connection->_escapeString()
#5 D:\Kerja\Cataloguing Tool\Backend-Catalouging\system\Database\BaseConnection.php(1268): CodeIgniter\Database\BaseConnection->escapeString()
#6 D:\Kerja\Cataloguing Tool\Backend-Catalouging\system\Database\BaseBuilder.php(1858): CodeIgniter\Database\BaseConnection->escape()
#7 D:\Kerja\Cataloguing Tool\Backend-Catalouging\system\Database\BaseBuilder.php(2188): CodeIgniter\Database\BaseBuilder->setData()
#8 D:\Kerja\Cataloguing Tool\Backend-Catalouging\system\Model.php(353): CodeIgniter\Database\BaseBuilder->insertBatch()
#9 D:\Kerja\Cataloguing Tool\Backend-Catalouging\system\BaseModel.php(880): CodeIgniter\Model->doInsertBatch()
#10 D:\Kerja\Cataloguing Tool\Backend-Catalouging\app\Controllers\MaterialController.php(248): CodeIgniter\BaseModel->insertBatch()
#11 D:\Kerja\Cataloguing Tool\Backend-Catalouging\system\CodeIgniter.php(919): App\Controllers\MaterialController->bulkInsertFromExcel()
#12 D:\Kerja\Cataloguing Tool\Backend-Catalouging\system\CodeIgniter.php(494): CodeIgniter\CodeIgniter->runController()
#13 D:\Kerja\Cataloguing Tool\Backend-Catalouging\system\CodeIgniter.php(353): CodeIgniter\CodeIgniter->handleRequest()
#14 D:\Kerja\Cataloguing Tool\Backend-Catalouging\public\index.php(87): CodeIgniter\CodeIgniter->run()
#15 D:\Kerja\Cataloguing Tool\Backend-Catalouging\system\Commands\Server\rewrite.php(47): require_once('...')
#16 {main}

Next mysqli_sql_exception: php_network_getaddresses: getaddrinfo for localhosot failed: No such host is known.  in D:\Kerja\Cataloguing Tool\Backend-Catalouging\system\Database\MySQLi\Connection.php:184
Stack trace:
#0 D:\Kerja\Cataloguing Tool\Backend-Catalouging\system\Database\MySQLi\Connection.php(184): mysqli->real_connect()
#1 D:\Kerja\Cataloguing Tool\Backend-Catalouging\system\Database\BaseConnection.php(391): CodeIgniter\Database\MySQLi\Connection->connect()
#2 D:\Kerja\Cataloguing Tool\Backend-Catalouging\system\Database\MySQLi\Connection.php(346): CodeIgniter\Database\BaseConnection->initialize()
#3 D:\Kerja\Cataloguing Tool\Backend-Catalouging\system\Database\BaseConnection.php(1296): CodeIgniter\Database\MySQLi\Connection->_escapeString()
#4 D:\Kerja\Cataloguing Tool\Backend-Catalouging\system\Database\BaseConnection.php(1268): CodeIgniter\Database\BaseConnection->escapeString()
#5 D:\Kerja\Cataloguing Tool\Backend-Catalouging\system\Database\BaseBuilder.php(1858): CodeIgniter\Database\BaseConnection->escape()
#6 D:\Kerja\Cataloguing Tool\Backend-Catalouging\system\Database\BaseBuilder.php(2188): CodeIgniter\Database\BaseBuilder->setData()
#7 D:\Kerja\Cataloguing Tool\Backend-Catalouging\system\Model.php(353): CodeIgniter\Database\BaseBuilder->insertBatch()
#8 D:\Kerja\Cataloguing Tool\Backend-Catalouging\system\BaseModel.php(880): CodeIgniter\Model->doInsertBatch()
#9 D:\Kerja\Cataloguing Tool\Backend-Catalouging\app\Controllers\MaterialController.php(248): CodeIgniter\BaseModel->insertBatch()
#10 D:\Kerja\Cataloguing Tool\Backend-Catalouging\system\CodeIgniter.php(919): App\Controllers\MaterialController->bulkInsertFromExcel()
#11 D:\Kerja\Cataloguing Tool\Backend-Catalouging\system\CodeIgniter.php(494): CodeIgniter\CodeIgniter->runController()
#12 D:\Kerja\Cataloguing Tool\Backend-Catalouging\system\CodeIgniter.php(353): CodeIgniter\CodeIgniter->handleRequest()
#13 D:\Kerja\Cataloguing Tool\Backend-Catalouging\public\index.php(87): CodeIgniter\CodeIgniter->run()
#14 D:\Kerja\Cataloguing Tool\Backend-Catalouging\system\Commands\Server\rewrite.php(47): require_once('...')
#15 {main}

Next CodeIgniter\Database\Exceptions\DatabaseException: php_network_getaddresses: getaddrinfo for localhosot failed: No such host is known.  in D:\Kerja\Cataloguing Tool\Backend-Catalouging\system\Database\MySQLi\Connection.php:229
Stack trace:
#0 D:\Kerja\Cataloguing Tool\Backend-Catalouging\system\Database\BaseConnection.php(391): CodeIgniter\Database\MySQLi\Connection->connect()
#1 D:\Kerja\Cataloguing Tool\Backend-Catalouging\system\Database\MySQLi\Connection.php(346): CodeIgniter\Database\BaseConnection->initialize()
#2 D:\Kerja\Cataloguing Tool\Backend-Catalouging\system\Database\BaseConnection.php(1296): CodeIgniter\Database\MySQLi\Connection->_escapeString()
#3 D:\Kerja\Cataloguing Tool\Backend-Catalouging\system\Database\BaseConnection.php(1268): CodeIgniter\Database\BaseConnection->escapeString()
#4 D:\Kerja\Cataloguing Tool\Backend-Catalouging\system\Database\BaseBuilder.php(1858): CodeIgniter\Database\BaseConnection->escape()
#5 D:\Kerja\Cataloguing Tool\Backend-Catalouging\system\Database\BaseBuilder.php(2188): CodeIgniter\Database\BaseBuilder->setData()
#6 D:\Kerja\Cataloguing Tool\Backend-Catalouging\system\Model.php(353): CodeIgniter\Database\BaseBuilder->insertBatch()
#7 D:\Kerja\Cataloguing Tool\Backend-Catalouging\system\BaseModel.php(880): CodeIgniter\Model->doInsertBatch()
#8 D:\Kerja\Cataloguing Tool\Backend-Catalouging\app\Controllers\MaterialController.php(248): CodeIgniter\BaseModel->insertBatch()
#9 D:\Kerja\Cataloguing Tool\Backend-Catalouging\system\CodeIgniter.php(919): App\Controllers\MaterialController->bulkInsertFromExcel()
#10 D:\Kerja\Cataloguing Tool\Backend-Catalouging\system\CodeIgniter.php(494): CodeIgniter\CodeIgniter->runController()
#11 D:\Kerja\Cataloguing Tool\Backend-Catalouging\system\CodeIgniter.php(353): CodeIgniter\CodeIgniter->handleRequest()
#12 D:\Kerja\Cataloguing Tool\Backend-Catalouging\public\index.php(87): CodeIgniter\CodeIgniter->run()
#13 D:\Kerja\Cataloguing Tool\Backend-Catalouging\system\Commands\Server\rewrite.php(47): require_once('...')
#14 {main}
CRITICAL - 2023-12-18 03:05:40 --> Unable to connect to the database.
Main connection [MySQLi]: php_network_getaddresses: getaddrinfo for localhosot failed: No such host is known. 
in SYSTEMPATH\Database\BaseConnection.php on line 427.
 1 SYSTEMPATH\Database\MySQLi\Connection.php(346): CodeIgniter\Database\BaseConnection->initialize()
 2 SYSTEMPATH\Database\BaseConnection.php(1296): CodeIgniter\Database\MySQLi\Connection->_escapeString()
 3 SYSTEMPATH\Database\BaseConnection.php(1268): CodeIgniter\Database\BaseConnection->escapeString()
 4 SYSTEMPATH\Database\BaseBuilder.php(1858): CodeIgniter\Database\BaseConnection->escape()
 5 SYSTEMPATH\Database\BaseBuilder.php(2188): CodeIgniter\Database\BaseBuilder->setData()
 6 SYSTEMPATH\Model.php(353): CodeIgniter\Database\BaseBuilder->insertBatch()
 7 SYSTEMPATH\BaseModel.php(880): CodeIgniter\Model->doInsertBatch()
 8 APPPATH\Controllers\MaterialController.php(248): CodeIgniter\BaseModel->insertBatch()
 9 SYSTEMPATH\CodeIgniter.php(919): App\Controllers\MaterialController->bulkInsertFromExcel()
10 SYSTEMPATH\CodeIgniter.php(494): CodeIgniter\CodeIgniter->runController()
11 SYSTEMPATH\CodeIgniter.php(353): CodeIgniter\CodeIgniter->handleRequest()
12 FCPATH\index.php(87): CodeIgniter\CodeIgniter->run()
13 SYSTEMPATH\Commands\Server\rewrite.php(47): require_once('D:\\Kerja\\Cataloguing Tool\\Backend-Catalouging\\public\\index.php')
ERROR - 2023-12-18 03:06:01 --> Error connecting to the database: ErrorException: mysqli::real_connect(): php_network_getaddresses: getaddrinfo for localhosot failed: No such host is known.  in D:\Kerja\Cataloguing Tool\Backend-Catalouging\system\Database\MySQLi\Connection.php:184
Stack trace:
#0 [internal function]: CodeIgniter\Debug\Exceptions->errorHandler()
#1 D:\Kerja\Cataloguing Tool\Backend-Catalouging\system\Database\MySQLi\Connection.php(184): mysqli->real_connect()
#2 D:\Kerja\Cataloguing Tool\Backend-Catalouging\system\Database\BaseConnection.php(391): CodeIgniter\Database\MySQLi\Connection->connect()
#3 D:\Kerja\Cataloguing Tool\Backend-Catalouging\system\Database\BaseConnection.php(574): CodeIgniter\Database\BaseConnection->initialize()
#4 D:\Kerja\Cataloguing Tool\Backend-Catalouging\system\Database\BaseBuilder.php(1615): CodeIgniter\Database\BaseConnection->query()
#5 D:\Kerja\Cataloguing Tool\Backend-Catalouging\system\Model.php(237): CodeIgniter\Database\BaseBuilder->get()
#6 D:\Kerja\Cataloguing Tool\Backend-Catalouging\system\BaseModel.php(624): CodeIgniter\Model->doFindAll()
#7 D:\Kerja\Cataloguing Tool\Backend-Catalouging\app\Models\Material.php(22): CodeIgniter\BaseModel->findAll()
#8 D:\Kerja\Cataloguing Tool\Backend-Catalouging\app\Controllers\MaterialController.php(22): App\Models\Material->getAllMaterialData()
#9 D:\Kerja\Cataloguing Tool\Backend-Catalouging\system\CodeIgniter.php(919): App\Controllers\MaterialController->index()
#10 D:\Kerja\Cataloguing Tool\Backend-Catalouging\system\CodeIgniter.php(494): CodeIgniter\CodeIgniter->runController()
#11 D:\Kerja\Cataloguing Tool\Backend-Catalouging\system\CodeIgniter.php(353): CodeIgniter\CodeIgniter->handleRequest()
#12 D:\Kerja\Cataloguing Tool\Backend-Catalouging\public\index.php(87): CodeIgniter\CodeIgniter->run()
#13 D:\Kerja\Cataloguing Tool\Backend-Catalouging\system\Commands\Server\rewrite.php(47): require_once('...')
#14 {main}

Next mysqli_sql_exception: php_network_getaddresses: getaddrinfo for localhosot failed: No such host is known.  in D:\Kerja\Cataloguing Tool\Backend-Catalouging\system\Database\MySQLi\Connection.php:184
Stack trace:
#0 D:\Kerja\Cataloguing Tool\Backend-Catalouging\system\Database\MySQLi\Connection.php(184): mysqli->real_connect()
#1 D:\Kerja\Cataloguing Tool\Backend-Catalouging\system\Database\BaseConnection.php(391): CodeIgniter\Database\MySQLi\Connection->connect()
#2 D:\Kerja\Cataloguing Tool\Backend-Catalouging\system\Database\BaseConnection.php(574): CodeIgniter\Database\BaseConnection->initialize()
#3 D:\Kerja\Cataloguing Tool\Backend-Catalouging\system\Database\BaseBuilder.php(1615): CodeIgniter\Database\BaseConnection->query()
#4 D:\Kerja\Cataloguing Tool\Backend-Catalouging\system\Model.php(237): CodeIgniter\Database\BaseBuilder->get()
#5 D:\Kerja\Cataloguing Tool\Backend-Catalouging\system\BaseModel.php(624): CodeIgniter\Model->doFindAll()
#6 D:\Kerja\Cataloguing Tool\Backend-Catalouging\app\Models\Material.php(22): CodeIgniter\BaseModel->findAll()
#7 D:\Kerja\Cataloguing Tool\Backend-Catalouging\app\Controllers\MaterialController.php(22): App\Models\Material->getAllMaterialData()
#8 D:\Kerja\Cataloguing Tool\Backend-Catalouging\system\CodeIgniter.php(919): App\Controllers\MaterialController->index()
#9 D:\Kerja\Cataloguing Tool\Backend-Catalouging\system\CodeIgniter.php(494): CodeIgniter\CodeIgniter->runController()
#10 D:\Kerja\Cataloguing Tool\Backend-Catalouging\system\CodeIgniter.php(353): CodeIgniter\CodeIgniter->handleRequest()
#11 D:\Kerja\Cataloguing Tool\Backend-Catalouging\public\index.php(87): CodeIgniter\CodeIgniter->run()
#12 D:\Kerja\Cataloguing Tool\Backend-Catalouging\system\Commands\Server\rewrite.php(47): require_once('...')
#13 {main}

Next CodeIgniter\Database\Exceptions\DatabaseException: php_network_getaddresses: getaddrinfo for localhosot failed: No such host is known.  in D:\Kerja\Cataloguing Tool\Backend-Catalouging\system\Database\MySQLi\Connection.php:229
Stack trace:
#0 D:\Kerja\Cataloguing Tool\Backend-Catalouging\system\Database\BaseConnection.php(391): CodeIgniter\Database\MySQLi\Connection->connect()
#1 D:\Kerja\Cataloguing Tool\Backend-Catalouging\system\Database\BaseConnection.php(574): CodeIgniter\Database\BaseConnection->initialize()
#2 D:\Kerja\Cataloguing Tool\Backend-Catalouging\system\Database\BaseBuilder.php(1615): CodeIgniter\Database\BaseConnection->query()
#3 D:\Kerja\Cataloguing Tool\Backend-Catalouging\system\Model.php(237): CodeIgniter\Database\BaseBuilder->get()
#4 D:\Kerja\Cataloguing Tool\Backend-Catalouging\system\BaseModel.php(624): CodeIgniter\Model->doFindAll()
#5 D:\Kerja\Cataloguing Tool\Backend-Catalouging\app\Models\Material.php(22): CodeIgniter\BaseModel->findAll()
#6 D:\Kerja\Cataloguing Tool\Backend-Catalouging\app\Controllers\MaterialController.php(22): App\Models\Material->getAllMaterialData()
#7 D:\Kerja\Cataloguing Tool\Backend-Catalouging\system\CodeIgniter.php(919): App\Controllers\MaterialController->index()
#8 D:\Kerja\Cataloguing Tool\Backend-Catalouging\system\CodeIgniter.php(494): CodeIgniter\CodeIgniter->runController()
#9 D:\Kerja\Cataloguing Tool\Backend-Catalouging\system\CodeIgniter.php(353): CodeIgniter\CodeIgniter->handleRequest()
#10 D:\Kerja\Cataloguing Tool\Backend-Catalouging\public\index.php(87): CodeIgniter\CodeIgniter->run()
#11 D:\Kerja\Cataloguing Tool\Backend-Catalouging\system\Commands\Server\rewrite.php(47): require_once('...')
#12 {main}
CRITICAL - 2023-12-18 03:06:01 --> Unable to connect to the database.
Main connection [MySQLi]: php_network_getaddresses: getaddrinfo for localhosot failed: No such host is known. 
in SYSTEMPATH\Database\BaseConnection.php on line 427.
 1 SYSTEMPATH\Database\BaseConnection.php(574): CodeIgniter\Database\BaseConnection->initialize()
 2 SYSTEMPATH\Database\BaseBuilder.php(1615): CodeIgniter\Database\BaseConnection->query()
 3 SYSTEMPATH\Model.php(237): CodeIgniter\Database\BaseBuilder->get()
 4 SYSTEMPATH\BaseModel.php(624): CodeIgniter\Model->doFindAll()
 5 APPPATH\Models\Material.php(22): CodeIgniter\BaseModel->findAll()
 6 APPPATH\Controllers\MaterialController.php(22): App\Models\Material->getAllMaterialData()
 7 SYSTEMPATH\CodeIgniter.php(919): App\Controllers\MaterialController->index()
 8 SYSTEMPATH\CodeIgniter.php(494): CodeIgniter\CodeIgniter->runController()
 9 SYSTEMPATH\CodeIgniter.php(353): CodeIgniter\CodeIgniter->handleRequest()
10 FCPATH\index.php(87): CodeIgniter\CodeIgniter->run()
11 SYSTEMPATH\Commands\Server\rewrite.php(47): require_once('D:\\Kerja\\Cataloguing Tool\\Backend-Catalouging\\public\\index.php')
CRITICAL - 2023-12-18 03:06:27 --> Call to a member function insertBatch() on null
in APPPATH\Controllers\AttributeController.php on line 203.
 1 SYSTEMPATH\CodeIgniter.php(919): App\Controllers\AttributeController->bulkInsertFromExcel()
 2 SYSTEMPATH\CodeIgniter.php(494): CodeIgniter\CodeIgniter->runController()
 3 SYSTEMPATH\CodeIgniter.php(353): CodeIgniter\CodeIgniter->handleRequest()
 4 FCPATH\index.php(87): CodeIgniter\CodeIgniter->run()
 5 SYSTEMPATH\Commands\Server\rewrite.php(47): require_once('D:\\Kerja\\Cataloguing Tool\\Backend-Catalouging\\public\\index.php')
ERROR - 2023-12-18 03:06:30 --> mysqli_sql_exception: Duplicate entry '11111111' for key 'd_material.material_number' in D:\Kerja\Cataloguing Tool\Backend-Catalouging\system\Database\MySQLi\Connection.php:306
Stack trace:
#0 D:\Kerja\Cataloguing Tool\Backend-Catalouging\system\Database\MySQLi\Connection.php(306): mysqli->query()
#1 D:\Kerja\Cataloguing Tool\Backend-Catalouging\system\Database\BaseConnection.php(692): CodeIgniter\Database\MySQLi\Connection->execute()
#2 D:\Kerja\Cataloguing Tool\Backend-Catalouging\system\Database\BaseConnection.php(606): CodeIgniter\Database\BaseConnection->simpleQuery()
#3 D:\Kerja\Cataloguing Tool\Backend-Catalouging\system\Database\BaseBuilder.php(1800): CodeIgniter\Database\BaseConnection->query()
#4 D:\Kerja\Cataloguing Tool\Backend-Catalouging\system\Database\BaseBuilder.php(2191): CodeIgniter\Database\BaseBuilder->batchExecute()
#5 D:\Kerja\Cataloguing Tool\Backend-Catalouging\system\Model.php(353): CodeIgniter\Database\BaseBuilder->insertBatch()
#6 D:\Kerja\Cataloguing Tool\Backend-Catalouging\system\BaseModel.php(880): CodeIgniter\Model->doInsertBatch()
#7 D:\Kerja\Cataloguing Tool\Backend-Catalouging\app\Controllers\MaterialController.php(248): CodeIgniter\BaseModel->insertBatch()
#8 D:\Kerja\Cataloguing Tool\Backend-Catalouging\system\CodeIgniter.php(919): App\Controllers\MaterialController->bulkInsertFromExcel()
#9 D:\Kerja\Cataloguing Tool\Backend-Catalouging\system\CodeIgniter.php(494): CodeIgniter\CodeIgniter->runController()
#10 D:\Kerja\Cataloguing Tool\Backend-Catalouging\system\CodeIgniter.php(353): CodeIgniter\CodeIgniter->handleRequest()
#11 D:\Kerja\Cataloguing Tool\Backend-Catalouging\public\index.php(87): CodeIgniter\CodeIgniter->run()
#12 D:\Kerja\Cataloguing Tool\Backend-Catalouging\system\Commands\Server\rewrite.php(47): require_once('...')
#13 {main}
CRITICAL - 2023-12-18 03:06:30 --> Duplicate entry '11111111' for key 'd_material.material_number'
in SYSTEMPATH\Database\BaseConnection.php on line 646.
 1 SYSTEMPATH\Database\BaseBuilder.php(1800): CodeIgniter\Database\BaseConnection->query()
 2 SYSTEMPATH\Database\BaseBuilder.php(2191): CodeIgniter\Database\BaseBuilder->batchExecute()
 3 SYSTEMPATH\Model.php(353): CodeIgniter\Database\BaseBuilder->insertBatch()
 4 SYSTEMPATH\BaseModel.php(880): CodeIgniter\Model->doInsertBatch()
 5 APPPATH\Controllers\MaterialController.php(248): CodeIgniter\BaseModel->insertBatch()
 6 SYSTEMPATH\CodeIgniter.php(919): App\Controllers\MaterialController->bulkInsertFromExcel()
 7 SYSTEMPATH\CodeIgniter.php(494): CodeIgniter\CodeIgniter->runController()
 8 SYSTEMPATH\CodeIgniter.php(353): CodeIgniter\CodeIgniter->handleRequest()
 9 FCPATH\index.php(87): CodeIgniter\CodeIgniter->run()
10 SYSTEMPATH\Commands\Server\rewrite.php(47): require_once('D:\\Kerja\\Cataloguing Tool\\Backend-Catalouging\\public\\index.php')
ERROR - 2023-12-18 03:07:17 --> mysqli_sql_exception: Duplicate entry '11111111' for key 'd_material.material_number' in D:\Kerja\Cataloguing Tool\Backend-Catalouging\system\Database\MySQLi\Connection.php:306
Stack trace:
#0 D:\Kerja\Cataloguing Tool\Backend-Catalouging\system\Database\MySQLi\Connection.php(306): mysqli->query()
#1 D:\Kerja\Cataloguing Tool\Backend-Catalouging\system\Database\BaseConnection.php(692): CodeIgniter\Database\MySQLi\Connection->execute()
#2 D:\Kerja\Cataloguing Tool\Backend-Catalouging\system\Database\BaseConnection.php(606): CodeIgniter\Database\BaseConnection->simpleQuery()
#3 D:\Kerja\Cataloguing Tool\Backend-Catalouging\system\Database\BaseBuilder.php(1800): CodeIgniter\Database\BaseConnection->query()
#4 D:\Kerja\Cataloguing Tool\Backend-Catalouging\system\Database\BaseBuilder.php(2191): CodeIgniter\Database\BaseBuilder->batchExecute()
#5 D:\Kerja\Cataloguing Tool\Backend-Catalouging\system\Model.php(353): CodeIgniter\Database\BaseBuilder->insertBatch()
#6 D:\Kerja\Cataloguing Tool\Backend-Catalouging\system\BaseModel.php(880): CodeIgniter\Model->doInsertBatch()
#7 D:\Kerja\Cataloguing Tool\Backend-Catalouging\app\Controllers\MaterialController.php(248): CodeIgniter\BaseModel->insertBatch()
#8 D:\Kerja\Cataloguing Tool\Backend-Catalouging\system\CodeIgniter.php(919): App\Controllers\MaterialController->bulkInsertFromExcel()
#9 D:\Kerja\Cataloguing Tool\Backend-Catalouging\system\CodeIgniter.php(494): CodeIgniter\CodeIgniter->runController()
#10 D:\Kerja\Cataloguing Tool\Backend-Catalouging\system\CodeIgniter.php(353): CodeIgniter\CodeIgniter->handleRequest()
#11 D:\Kerja\Cataloguing Tool\Backend-Catalouging\public\index.php(87): CodeIgniter\CodeIgniter->run()
#12 D:\Kerja\Cataloguing Tool\Backend-Catalouging\system\Commands\Server\rewrite.php(47): require_once('...')
#13 {main}
CRITICAL - 2023-12-18 03:07:17 --> Duplicate entry '11111111' for key 'd_material.material_number'
in SYSTEMPATH\Database\BaseConnection.php on line 646.
 1 SYSTEMPATH\Database\BaseBuilder.php(1800): CodeIgniter\Database\BaseConnection->query()
 2 SYSTEMPATH\Database\BaseBuilder.php(2191): CodeIgniter\Database\BaseBuilder->batchExecute()
 3 SYSTEMPATH\Model.php(353): CodeIgniter\Database\BaseBuilder->insertBatch()
 4 SYSTEMPATH\BaseModel.php(880): CodeIgniter\Model->doInsertBatch()
 5 APPPATH\Controllers\MaterialController.php(248): CodeIgniter\BaseModel->insertBatch()
 6 SYSTEMPATH\CodeIgniter.php(919): App\Controllers\MaterialController->bulkInsertFromExcel()
 7 SYSTEMPATH\CodeIgniter.php(494): CodeIgniter\CodeIgniter->runController()
 8 SYSTEMPATH\CodeIgniter.php(353): CodeIgniter\CodeIgniter->handleRequest()
 9 FCPATH\index.php(87): CodeIgniter\CodeIgniter->run()
10 SYSTEMPATH\Commands\Server\rewrite.php(47): require_once('D:\\Kerja\\Cataloguing Tool\\Backend-Catalouging\\public\\index.php')
ERROR - 2023-12-18 03:07:51 --> mysqli_sql_exception: Duplicate entry '11111111' for key 'd_material.material_number' in D:\Kerja\Cataloguing Tool\Backend-Catalouging\system\Database\MySQLi\Connection.php:306
Stack trace:
#0 D:\Kerja\Cataloguing Tool\Backend-Catalouging\system\Database\MySQLi\Connection.php(306): mysqli->query()
#1 D:\Kerja\Cataloguing Tool\Backend-Catalouging\system\Database\BaseConnection.php(692): CodeIgniter\Database\MySQLi\Connection->execute()
#2 D:\Kerja\Cataloguing Tool\Backend-Catalouging\system\Database\BaseConnection.php(606): CodeIgniter\Database\BaseConnection->simpleQuery()
#3 D:\Kerja\Cataloguing Tool\Backend-Catalouging\system\Database\BaseBuilder.php(1800): CodeIgniter\Database\BaseConnection->query()
#4 D:\Kerja\Cataloguing Tool\Backend-Catalouging\system\Database\BaseBuilder.php(2191): CodeIgniter\Database\BaseBuilder->batchExecute()
#5 D:\Kerja\Cataloguing Tool\Backend-Catalouging\system\Model.php(353): CodeIgniter\Database\BaseBuilder->insertBatch()
#6 D:\Kerja\Cataloguing Tool\Backend-Catalouging\system\BaseModel.php(880): CodeIgniter\Model->doInsertBatch()
#7 D:\Kerja\Cataloguing Tool\Backend-Catalouging\app\Controllers\MaterialController.php(248): CodeIgniter\BaseModel->insertBatch()
#8 D:\Kerja\Cataloguing Tool\Backend-Catalouging\system\CodeIgniter.php(919): App\Controllers\MaterialController->bulkInsertFromExcel()
#9 D:\Kerja\Cataloguing Tool\Backend-Catalouging\system\CodeIgniter.php(494): CodeIgniter\CodeIgniter->runController()
#10 D:\Kerja\Cataloguing Tool\Backend-Catalouging\system\CodeIgniter.php(353): CodeIgniter\CodeIgniter->handleRequest()
#11 D:\Kerja\Cataloguing Tool\Backend-Catalouging\public\index.php(87): CodeIgniter\CodeIgniter->run()
#12 D:\Kerja\Cataloguing Tool\Backend-Catalouging\system\Commands\Server\rewrite.php(47): require_once('...')
#13 {main}
CRITICAL - 2023-12-18 03:07:51 --> Duplicate entry '11111111' for key 'd_material.material_number'
in SYSTEMPATH\Database\BaseConnection.php on line 646.
 1 SYSTEMPATH\Database\BaseBuilder.php(1800): CodeIgniter\Database\BaseConnection->query()
 2 SYSTEMPATH\Database\BaseBuilder.php(2191): CodeIgniter\Database\BaseBuilder->batchExecute()
 3 SYSTEMPATH\Model.php(353): CodeIgniter\Database\BaseBuilder->insertBatch()
 4 SYSTEMPATH\BaseModel.php(880): CodeIgniter\Model->doInsertBatch()
 5 APPPATH\Controllers\MaterialController.php(248): CodeIgniter\BaseModel->insertBatch()
 6 SYSTEMPATH\CodeIgniter.php(919): App\Controllers\MaterialController->bulkInsertFromExcel()
 7 SYSTEMPATH\CodeIgniter.php(494): CodeIgniter\CodeIgniter->runController()
 8 SYSTEMPATH\CodeIgniter.php(353): CodeIgniter\CodeIgniter->handleRequest()
 9 FCPATH\index.php(87): CodeIgniter\CodeIgniter->run()
10 SYSTEMPATH\Commands\Server\rewrite.php(47): require_once('D:\\Kerja\\Cataloguing Tool\\Backend-Catalouging\\public\\index.php')
ERROR - 2023-12-18 03:08:38 --> mysqli_sql_exception: Duplicate entry '11111111' for key 'd_material.material_number' in D:\Kerja\Cataloguing Tool\Backend-Catalouging\system\Database\MySQLi\Connection.php:306
Stack trace:
#0 D:\Kerja\Cataloguing Tool\Backend-Catalouging\system\Database\MySQLi\Connection.php(306): mysqli->query()
#1 D:\Kerja\Cataloguing Tool\Backend-Catalouging\system\Database\BaseConnection.php(692): CodeIgniter\Database\MySQLi\Connection->execute()
#2 D:\Kerja\Cataloguing Tool\Backend-Catalouging\system\Database\BaseConnection.php(606): CodeIgniter\Database\BaseConnection->simpleQuery()
#3 D:\Kerja\Cataloguing Tool\Backend-Catalouging\system\Database\BaseBuilder.php(1800): CodeIgniter\Database\BaseConnection->query()
#4 D:\Kerja\Cataloguing Tool\Backend-Catalouging\system\Database\BaseBuilder.php(2191): CodeIgniter\Database\BaseBuilder->batchExecute()
#5 D:\Kerja\Cataloguing Tool\Backend-Catalouging\system\Model.php(353): CodeIgniter\Database\BaseBuilder->insertBatch()
#6 D:\Kerja\Cataloguing Tool\Backend-Catalouging\system\BaseModel.php(880): CodeIgniter\Model->doInsertBatch()
#7 D:\Kerja\Cataloguing Tool\Backend-Catalouging\app\Controllers\MaterialController.php(248): CodeIgniter\BaseModel->insertBatch()
#8 D:\Kerja\Cataloguing Tool\Backend-Catalouging\system\CodeIgniter.php(919): App\Controllers\MaterialController->bulkInsertFromExcel()
#9 D:\Kerja\Cataloguing Tool\Backend-Catalouging\system\CodeIgniter.php(494): CodeIgniter\CodeIgniter->runController()
#10 D:\Kerja\Cataloguing Tool\Backend-Catalouging\system\CodeIgniter.php(353): CodeIgniter\CodeIgniter->handleRequest()
#11 D:\Kerja\Cataloguing Tool\Backend-Catalouging\public\index.php(87): CodeIgniter\CodeIgniter->run()
#12 D:\Kerja\Cataloguing Tool\Backend-Catalouging\system\Commands\Server\rewrite.php(47): require_once('...')
#13 {main}
CRITICAL - 2023-12-18 03:08:38 --> Duplicate entry '11111111' for key 'd_material.material_number'
in SYSTEMPATH\Database\BaseConnection.php on line 646.
 1 SYSTEMPATH\Database\BaseBuilder.php(1800): CodeIgniter\Database\BaseConnection->query()
 2 SYSTEMPATH\Database\BaseBuilder.php(2191): CodeIgniter\Database\BaseBuilder->batchExecute()
 3 SYSTEMPATH\Model.php(353): CodeIgniter\Database\BaseBuilder->insertBatch()
 4 SYSTEMPATH\BaseModel.php(880): CodeIgniter\Model->doInsertBatch()
 5 APPPATH\Controllers\MaterialController.php(248): CodeIgniter\BaseModel->insertBatch()
 6 SYSTEMPATH\CodeIgniter.php(919): App\Controllers\MaterialController->bulkInsertFromExcel()
 7 SYSTEMPATH\CodeIgniter.php(494): CodeIgniter\CodeIgniter->runController()
 8 SYSTEMPATH\CodeIgniter.php(353): CodeIgniter\CodeIgniter->handleRequest()
 9 FCPATH\index.php(87): CodeIgniter\CodeIgniter->run()
10 SYSTEMPATH\Commands\Server\rewrite.php(47): require_once('D:\\Kerja\\Cataloguing Tool\\Backend-Catalouging\\public\\index.php')
CRITICAL - 2023-12-18 03:10:24 --> Call to a member function insertBatch() on null
in APPPATH\Controllers\AttributeController.php on line 203.
 1 SYSTEMPATH\CodeIgniter.php(919): App\Controllers\AttributeController->bulkInsertFromExcel()
 2 SYSTEMPATH\CodeIgniter.php(494): CodeIgniter\CodeIgniter->runController()
 3 SYSTEMPATH\CodeIgniter.php(353): CodeIgniter\CodeIgniter->handleRequest()
 4 FCPATH\index.php(87): CodeIgniter\CodeIgniter->run()
 5 SYSTEMPATH\Commands\Server\rewrite.php(47): require_once('D:\\Kerja\\Cataloguing Tool\\Backend-Catalouging\\public\\index.php')
CRITICAL - 2023-12-18 03:11:16 --> Call to a member function insertBatch() on null
in APPPATH\Controllers\AttributeController.php on line 203.
 1 SYSTEMPATH\CodeIgniter.php(919): App\Controllers\AttributeController->bulkInsertFromExcel()
 2 SYSTEMPATH\CodeIgniter.php(494): CodeIgniter\CodeIgniter->runController()
 3 SYSTEMPATH\CodeIgniter.php(353): CodeIgniter\CodeIgniter->handleRequest()
 4 FCPATH\index.php(87): CodeIgniter\CodeIgniter->run()
 5 SYSTEMPATH\Commands\Server\rewrite.php(47): require_once('D:\\Kerja\\Cataloguing Tool\\Backend-Catalouging\\public\\index.php')
CRITICAL - 2023-12-18 03:22:17 --> Cannot call constructor
in APPPATH\Controllers\AttributeController.php on line 16.
 1 SYSTEMPATH\CodeIgniter.php(891): App\Controllers\AttributeController->__construct()
 2 SYSTEMPATH\CodeIgniter.php(485): CodeIgniter\CodeIgniter->createController()
 3 SYSTEMPATH\CodeIgniter.php(353): CodeIgniter\CodeIgniter->handleRequest()
 4 FCPATH\index.php(87): CodeIgniter\CodeIgniter->run()
 5 SYSTEMPATH\Commands\Server\rewrite.php(47): require_once('D:\\Kerja\\Cataloguing Tool\\Backend-Catalouging\\public\\index.php')
CRITICAL - 2023-12-18 03:47:21 --> Undefined property: stdClass::$inc
in APPPATH\Controllers\MaterialController.php on line 275.
 1 APPPATH\Controllers\MaterialController.php(275): CodeIgniter\Debug\Exceptions->errorHandler()
 2 SYSTEMPATH\CodeIgniter.php(919): App\Controllers\MaterialController->updateINCByIDs()
 3 SYSTEMPATH\CodeIgniter.php(494): CodeIgniter\CodeIgniter->runController()
 4 SYSTEMPATH\CodeIgniter.php(353): CodeIgniter\CodeIgniter->handleRequest()
 5 FCPATH\index.php(87): CodeIgniter\CodeIgniter->run()
 6 SYSTEMPATH\Commands\Server\rewrite.php(47): require_once('D:\\Kerja\\Cataloguing Tool\\Backend-Catalouging\\public\\index.php')
CRITICAL - 2023-12-18 03:47:34 --> Undefined property: stdClass::$inc
in APPPATH\Controllers\MaterialController.php on line 275.
 1 APPPATH\Controllers\MaterialController.php(275): CodeIgniter\Debug\Exceptions->errorHandler()
 2 SYSTEMPATH\CodeIgniter.php(919): App\Controllers\MaterialController->updateINCByIDs()
 3 SYSTEMPATH\CodeIgniter.php(494): CodeIgniter\CodeIgniter->runController()
 4 SYSTEMPATH\CodeIgniter.php(353): CodeIgniter\CodeIgniter->handleRequest()
 5 FCPATH\index.php(87): CodeIgniter\CodeIgniter->run()
 6 SYSTEMPATH\Commands\Server\rewrite.php(47): require_once('D:\\Kerja\\Cataloguing Tool\\Backend-Catalouging\\public\\index.php')
CRITICAL - 2023-12-18 03:47:44 --> Undefined property: stdClass::$inc
in APPPATH\Controllers\MaterialController.php on line 275.
 1 APPPATH\Controllers\MaterialController.php(275): CodeIgniter\Debug\Exceptions->errorHandler()
 2 SYSTEMPATH\CodeIgniter.php(919): App\Controllers\MaterialController->updateINCByIDs()
 3 SYSTEMPATH\CodeIgniter.php(494): CodeIgniter\CodeIgniter->runController()
 4 SYSTEMPATH\CodeIgniter.php(353): CodeIgniter\CodeIgniter->handleRequest()
 5 FCPATH\index.php(87): CodeIgniter\CodeIgniter->run()
 6 SYSTEMPATH\Commands\Server\rewrite.php(47): require_once('D:\\Kerja\\Cataloguing Tool\\Backend-Catalouging\\public\\index.php')
CRITICAL - 2023-12-18 03:48:30 --> Undefined property: stdClass::$inc
in APPPATH\Controllers\MaterialController.php on line 275.
 1 APPPATH\Controllers\MaterialController.php(275): CodeIgniter\Debug\Exceptions->errorHandler()
 2 SYSTEMPATH\CodeIgniter.php(919): App\Controllers\MaterialController->updateINCByIDs()
 3 SYSTEMPATH\CodeIgniter.php(494): CodeIgniter\CodeIgniter->runController()
 4 SYSTEMPATH\CodeIgniter.php(353): CodeIgniter\CodeIgniter->handleRequest()
 5 FCPATH\index.php(87): CodeIgniter\CodeIgniter->run()
 6 SYSTEMPATH\Commands\Server\rewrite.php(47): require_once('D:\\Kerja\\Cataloguing Tool\\Backend-Catalouging\\public\\index.php')
CRITICAL - 2023-12-18 03:49:30 --> Undefined property: stdClass::$inc
in APPPATH\Controllers\MaterialController.php on line 275.
 1 APPPATH\Controllers\MaterialController.php(275): CodeIgniter\Debug\Exceptions->errorHandler()
 2 SYSTEMPATH\CodeIgniter.php(919): App\Controllers\MaterialController->updateINCByIDs()
 3 SYSTEMPATH\CodeIgniter.php(494): CodeIgniter\CodeIgniter->runController()
 4 SYSTEMPATH\CodeIgniter.php(353): CodeIgniter\CodeIgniter->handleRequest()
 5 FCPATH\index.php(87): CodeIgniter\CodeIgniter->run()
 6 SYSTEMPATH\Commands\Server\rewrite.php(47): require_once('D:\\Kerja\\Cataloguing Tool\\Backend-Catalouging\\public\\index.php')
CRITICAL - 2023-12-18 03:50:01 --> Undefined property: stdClass::$inc
in APPPATH\Controllers\MaterialController.php on line 275.
 1 APPPATH\Controllers\MaterialController.php(275): CodeIgniter\Debug\Exceptions->errorHandler()
 2 SYSTEMPATH\CodeIgniter.php(919): App\Controllers\MaterialController->updateINCByIDs()
 3 SYSTEMPATH\CodeIgniter.php(494): CodeIgniter\CodeIgniter->runController()
 4 SYSTEMPATH\CodeIgniter.php(353): CodeIgniter\CodeIgniter->handleRequest()
 5 FCPATH\index.php(87): CodeIgniter\CodeIgniter->run()
 6 SYSTEMPATH\Commands\Server\rewrite.php(47): require_once('D:\\Kerja\\Cataloguing Tool\\Backend-Catalouging\\public\\index.php')
CRITICAL - 2023-12-18 03:51:39 --> Undefined property: stdClass::$inc
in APPPATH\Controllers\MaterialController.php on line 275.
 1 APPPATH\Controllers\MaterialController.php(275): CodeIgniter\Debug\Exceptions->errorHandler()
 2 SYSTEMPATH\CodeIgniter.php(919): App\Controllers\MaterialController->updateINCByIDs()
 3 SYSTEMPATH\CodeIgniter.php(494): CodeIgniter\CodeIgniter->runController()
 4 SYSTEMPATH\CodeIgniter.php(353): CodeIgniter\CodeIgniter->handleRequest()
 5 FCPATH\index.php(87): CodeIgniter\CodeIgniter->run()
 6 SYSTEMPATH\Commands\Server\rewrite.php(47): require_once('D:\\Kerja\\Cataloguing Tool\\Backend-Catalouging\\public\\index.php')
CRITICAL - 2023-12-18 03:58:59 --> Object of class stdClass could not be converted to string
in SYSTEMPATH\Database\Query.php on line 333.
 1 SYSTEMPATH\Database\Query.php(333): strtr()
 2 SYSTEMPATH\Database\Query.php(308): CodeIgniter\Database\Query->matchNamedBinds()
 3 SYSTEMPATH\Database\Query.php(159): CodeIgniter\Database\Query->compileBinds()
 4 SYSTEMPATH\Database\BaseConnection.php(606): CodeIgniter\Database\Query->getQuery()
 5 SYSTEMPATH\Database\BaseBuilder.php(2475): CodeIgniter\Database\BaseConnection->query()
 6 SYSTEMPATH\Model.php(385): CodeIgniter\Database\BaseBuilder->update()
 7 SYSTEMPATH\BaseModel.php(949): CodeIgniter\Model->doUpdate()
 8 SYSTEMPATH\Model.php(776): CodeIgniter\BaseModel->update()
 9 APPPATH\Models\Material.php(78): CodeIgniter\Model->update()
10 APPPATH\Controllers\MaterialController.php(282): App\Models\Material->updateINC()
11 SYSTEMPATH\CodeIgniter.php(919): App\Controllers\MaterialController->updateINCByIDs()
12 SYSTEMPATH\CodeIgniter.php(494): CodeIgniter\CodeIgniter->runController()
13 SYSTEMPATH\CodeIgniter.php(353): CodeIgniter\CodeIgniter->handleRequest()
14 FCPATH\index.php(87): CodeIgniter\CodeIgniter->run()
15 SYSTEMPATH\Commands\Server\rewrite.php(47): require_once('D:\\Kerja\\Cataloguing Tool\\Backend-Catalouging\\public\\index.php')
CRITICAL - 2023-12-18 03:59:15 --> Object of class stdClass could not be converted to string
in SYSTEMPATH\Database\Query.php on line 333.
 1 SYSTEMPATH\Database\Query.php(333): strtr()
 2 SYSTEMPATH\Database\Query.php(308): CodeIgniter\Database\Query->matchNamedBinds()
 3 SYSTEMPATH\Database\Query.php(159): CodeIgniter\Database\Query->compileBinds()
 4 SYSTEMPATH\Database\BaseConnection.php(606): CodeIgniter\Database\Query->getQuery()
 5 SYSTEMPATH\Database\BaseBuilder.php(2475): CodeIgniter\Database\BaseConnection->query()
 6 SYSTEMPATH\Model.php(385): CodeIgniter\Database\BaseBuilder->update()
 7 SYSTEMPATH\BaseModel.php(949): CodeIgniter\Model->doUpdate()
 8 SYSTEMPATH\Model.php(776): CodeIgniter\BaseModel->update()
 9 APPPATH\Models\Material.php(78): CodeIgniter\Model->update()
10 APPPATH\Controllers\MaterialController.php(282): App\Models\Material->updateINC()
11 SYSTEMPATH\CodeIgniter.php(919): App\Controllers\MaterialController->updateINCByIDs()
12 SYSTEMPATH\CodeIgniter.php(494): CodeIgniter\CodeIgniter->runController()
13 SYSTEMPATH\CodeIgniter.php(353): CodeIgniter\CodeIgniter->handleRequest()
14 FCPATH\index.php(87): CodeIgniter\CodeIgniter->run()
15 SYSTEMPATH\Commands\Server\rewrite.php(47): require_once('D:\\Kerja\\Cataloguing Tool\\Backend-Catalouging\\public\\index.php')
CRITICAL - 2023-12-18 06:04:25 --> Object of class stdClass could not be converted to string
in SYSTEMPATH\Database\Query.php on line 333.
 1 SYSTEMPATH\Database\Query.php(333): strtr()
 2 SYSTEMPATH\Database\Query.php(308): CodeIgniter\Database\Query->matchNamedBinds()
 3 SYSTEMPATH\Database\Query.php(159): CodeIgniter\Database\Query->compileBinds()
 4 SYSTEMPATH\Database\BaseConnection.php(606): CodeIgniter\Database\Query->getQuery()
 5 SYSTEMPATH\Database\BaseBuilder.php(2475): CodeIgniter\Database\BaseConnection->query()
 6 SYSTEMPATH\Model.php(385): CodeIgniter\Database\BaseBuilder->update()
 7 SYSTEMPATH\BaseModel.php(949): CodeIgniter\Model->doUpdate()
 8 SYSTEMPATH\Model.php(776): CodeIgniter\BaseModel->update()
 9 APPPATH\Models\Material.php(78): CodeIgniter\Model->update()
10 APPPATH\Controllers\MaterialController.php(282): App\Models\Material->updateINC()
11 SYSTEMPATH\CodeIgniter.php(919): App\Controllers\MaterialController->updateINCByIDs()
12 SYSTEMPATH\CodeIgniter.php(494): CodeIgniter\CodeIgniter->runController()
13 SYSTEMPATH\CodeIgniter.php(353): CodeIgniter\CodeIgniter->handleRequest()
14 FCPATH\index.php(87): CodeIgniter\CodeIgniter->run()
15 SYSTEMPATH\Commands\Server\rewrite.php(47): require_once('D:\\Kerja\\Cataloguing Tool\\Backend-Catalouging\\public\\index.php')
CRITICAL - 2023-12-18 06:04:34 --> Object of class stdClass could not be converted to string
in SYSTEMPATH\Database\Query.php on line 333.
 1 SYSTEMPATH\Database\Query.php(333): strtr()
 2 SYSTEMPATH\Database\Query.php(308): CodeIgniter\Database\Query->matchNamedBinds()
 3 SYSTEMPATH\Database\Query.php(159): CodeIgniter\Database\Query->compileBinds()
 4 SYSTEMPATH\Database\BaseConnection.php(606): CodeIgniter\Database\Query->getQuery()
 5 SYSTEMPATH\Database\BaseBuilder.php(2475): CodeIgniter\Database\BaseConnection->query()
 6 SYSTEMPATH\Model.php(385): CodeIgniter\Database\BaseBuilder->update()
 7 SYSTEMPATH\BaseModel.php(949): CodeIgniter\Model->doUpdate()
 8 SYSTEMPATH\Model.php(776): CodeIgniter\BaseModel->update()
 9 APPPATH\Models\Material.php(78): CodeIgniter\Model->update()
10 APPPATH\Controllers\MaterialController.php(282): App\Models\Material->updateINC()
11 SYSTEMPATH\CodeIgniter.php(919): App\Controllers\MaterialController->updateINCByIDs()
12 SYSTEMPATH\CodeIgniter.php(494): CodeIgniter\CodeIgniter->runController()
13 SYSTEMPATH\CodeIgniter.php(353): CodeIgniter\CodeIgniter->handleRequest()
14 FCPATH\index.php(87): CodeIgniter\CodeIgniter->run()
15 SYSTEMPATH\Commands\Server\rewrite.php(47): require_once('D:\\Kerja\\Cataloguing Tool\\Backend-Catalouging\\public\\index.php')
CRITICAL - 2023-12-18 06:04:48 --> Object of class stdClass could not be converted to string
in SYSTEMPATH\Database\Query.php on line 333.
 1 SYSTEMPATH\Database\Query.php(333): strtr()
 2 SYSTEMPATH\Database\Query.php(308): CodeIgniter\Database\Query->matchNamedBinds()
 3 SYSTEMPATH\Database\Query.php(159): CodeIgniter\Database\Query->compileBinds()
 4 SYSTEMPATH\Database\BaseConnection.php(606): CodeIgniter\Database\Query->getQuery()
 5 SYSTEMPATH\Database\BaseBuilder.php(2475): CodeIgniter\Database\BaseConnection->query()
 6 SYSTEMPATH\Model.php(385): CodeIgniter\Database\BaseBuilder->update()
 7 SYSTEMPATH\BaseModel.php(949): CodeIgniter\Model->doUpdate()
 8 SYSTEMPATH\Model.php(776): CodeIgniter\BaseModel->update()
 9 APPPATH\Models\Material.php(78): CodeIgniter\Model->update()
10 APPPATH\Controllers\MaterialController.php(282): App\Models\Material->updateINC()
11 SYSTEMPATH\CodeIgniter.php(919): App\Controllers\MaterialController->updateINCByIDs()
12 SYSTEMPATH\CodeIgniter.php(494): CodeIgniter\CodeIgniter->runController()
13 SYSTEMPATH\CodeIgniter.php(353): CodeIgniter\CodeIgniter->handleRequest()
14 FCPATH\index.php(87): CodeIgniter\CodeIgniter->run()
15 SYSTEMPATH\Commands\Server\rewrite.php(47): require_once('D:\\Kerja\\Cataloguing Tool\\Backend-Catalouging\\public\\index.php')
CRITICAL - 2023-12-18 06:06:01 --> Object of class stdClass could not be converted to string
in SYSTEMPATH\Database\Query.php on line 333.
 1 SYSTEMPATH\Database\Query.php(333): strtr()
 2 SYSTEMPATH\Database\Query.php(308): CodeIgniter\Database\Query->matchNamedBinds()
 3 SYSTEMPATH\Database\Query.php(159): CodeIgniter\Database\Query->compileBinds()
 4 SYSTEMPATH\Database\BaseConnection.php(606): CodeIgniter\Database\Query->getQuery()
 5 SYSTEMPATH\Database\BaseBuilder.php(2475): CodeIgniter\Database\BaseConnection->query()
 6 SYSTEMPATH\Model.php(385): CodeIgniter\Database\BaseBuilder->update()
 7 SYSTEMPATH\BaseModel.php(949): CodeIgniter\Model->doUpdate()
 8 SYSTEMPATH\Model.php(776): CodeIgniter\BaseModel->update()
 9 APPPATH\Models\Material.php(78): CodeIgniter\Model->update()
10 APPPATH\Controllers\MaterialController.php(282): App\Models\Material->updateINC()
11 SYSTEMPATH\CodeIgniter.php(919): App\Controllers\MaterialController->updateINCByIDs()
12 SYSTEMPATH\CodeIgniter.php(494): CodeIgniter\CodeIgniter->runController()
13 SYSTEMPATH\CodeIgniter.php(353): CodeIgniter\CodeIgniter->handleRequest()
14 FCPATH\index.php(87): CodeIgniter\CodeIgniter->run()
15 SYSTEMPATH\Commands\Server\rewrite.php(47): require_once('D:\\Kerja\\Cataloguing Tool\\Backend-Catalouging\\public\\index.php')
CRITICAL - 2023-12-18 06:06:11 --> Object of class stdClass could not be converted to string
in SYSTEMPATH\Database\Query.php on line 333.
 1 SYSTEMPATH\Database\Query.php(333): strtr()
 2 SYSTEMPATH\Database\Query.php(308): CodeIgniter\Database\Query->matchNamedBinds()
 3 SYSTEMPATH\Database\Query.php(159): CodeIgniter\Database\Query->compileBinds()
 4 SYSTEMPATH\Database\BaseConnection.php(606): CodeIgniter\Database\Query->getQuery()
 5 SYSTEMPATH\Database\BaseBuilder.php(2475): CodeIgniter\Database\BaseConnection->query()
 6 SYSTEMPATH\Model.php(385): CodeIgniter\Database\BaseBuilder->update()
 7 SYSTEMPATH\BaseModel.php(949): CodeIgniter\Model->doUpdate()
 8 SYSTEMPATH\Model.php(776): CodeIgniter\BaseModel->update()
 9 APPPATH\Models\Material.php(78): CodeIgniter\Model->update()
10 APPPATH\Controllers\MaterialController.php(282): App\Models\Material->updateINC()
11 SYSTEMPATH\CodeIgniter.php(919): App\Controllers\MaterialController->updateINCByIDs()
12 SYSTEMPATH\CodeIgniter.php(494): CodeIgniter\CodeIgniter->runController()
13 SYSTEMPATH\CodeIgniter.php(353): CodeIgniter\CodeIgniter->handleRequest()
14 FCPATH\index.php(87): CodeIgniter\CodeIgniter->run()
15 SYSTEMPATH\Commands\Server\rewrite.php(47): require_once('D:\\Kerja\\Cataloguing Tool\\Backend-Catalouging\\public\\index.php')
CRITICAL - 2023-12-18 06:06:48 --> Object of class stdClass could not be converted to string
in SYSTEMPATH\Database\Query.php on line 333.
 1 SYSTEMPATH\Database\Query.php(333): strtr()
 2 SYSTEMPATH\Database\Query.php(308): CodeIgniter\Database\Query->matchNamedBinds()
 3 SYSTEMPATH\Database\Query.php(159): CodeIgniter\Database\Query->compileBinds()
 4 SYSTEMPATH\Database\BaseConnection.php(606): CodeIgniter\Database\Query->getQuery()
 5 SYSTEMPATH\Database\BaseBuilder.php(2475): CodeIgniter\Database\BaseConnection->query()
 6 SYSTEMPATH\Model.php(385): CodeIgniter\Database\BaseBuilder->update()
 7 SYSTEMPATH\BaseModel.php(949): CodeIgniter\Model->doUpdate()
 8 SYSTEMPATH\Model.php(776): CodeIgniter\BaseModel->update()
 9 APPPATH\Models\Material.php(78): CodeIgniter\Model->update()
10 APPPATH\Controllers\MaterialController.php(282): App\Models\Material->updateINC()
11 SYSTEMPATH\CodeIgniter.php(919): App\Controllers\MaterialController->updateINCByIDs()
12 SYSTEMPATH\CodeIgniter.php(494): CodeIgniter\CodeIgniter->runController()
13 SYSTEMPATH\CodeIgniter.php(353): CodeIgniter\CodeIgniter->handleRequest()
14 FCPATH\index.php(87): CodeIgniter\CodeIgniter->run()
15 SYSTEMPATH\Commands\Server\rewrite.php(47): require_once('D:\\Kerja\\Cataloguing Tool\\Backend-Catalouging\\public\\index.php')
CRITICAL - 2023-12-18 06:07:59 --> Object of class stdClass could not be converted to string
in SYSTEMPATH\Database\Query.php on line 333.
 1 SYSTEMPATH\Database\Query.php(333): strtr()
 2 SYSTEMPATH\Database\Query.php(308): CodeIgniter\Database\Query->matchNamedBinds()
 3 SYSTEMPATH\Database\Query.php(159): CodeIgniter\Database\Query->compileBinds()
 4 SYSTEMPATH\Database\BaseConnection.php(606): CodeIgniter\Database\Query->getQuery()
 5 SYSTEMPATH\Database\BaseBuilder.php(2475): CodeIgniter\Database\BaseConnection->query()
 6 SYSTEMPATH\Model.php(385): CodeIgniter\Database\BaseBuilder->update()
 7 SYSTEMPATH\BaseModel.php(949): CodeIgniter\Model->doUpdate()
 8 SYSTEMPATH\Model.php(776): CodeIgniter\BaseModel->update()
 9 APPPATH\Models\Material.php(78): CodeIgniter\Model->update()
10 APPPATH\Controllers\MaterialController.php(282): App\Models\Material->updateINC()
11 SYSTEMPATH\CodeIgniter.php(919): App\Controllers\MaterialController->updateINCByIDs()
12 SYSTEMPATH\CodeIgniter.php(494): CodeIgniter\CodeIgniter->runController()
13 SYSTEMPATH\CodeIgniter.php(353): CodeIgniter\CodeIgniter->handleRequest()
14 FCPATH\index.php(87): CodeIgniter\CodeIgniter->run()
15 SYSTEMPATH\Commands\Server\rewrite.php(47): require_once('D:\\Kerja\\Cataloguing Tool\\Backend-Catalouging\\public\\index.php')
