CRITICAL - 2023-09-21 07:34:15 --> The framework needs the following extension(s) installed and loaded: intl.
in SYSTEMPATH\CodeIgniter.php on line 246.
 1 SYSTEMPATH\CodeIgniter.php(246): CodeIgniter\Exceptions\FrameworkException::forMissingExtension('intl')
 2 SYSTEMPATH\CodeIgniter.php(210): CodeIgniter\CodeIgniter->resolvePlatformExtensions()
 3 FCPATH\index.php(67): CodeIgniter\CodeIgniter->initialize()
CRITICAL - 2023-09-21 07:37:08 --> The framework needs the following extension(s) installed and loaded: intl.
in SYSTEMPATH\CodeIgniter.php on line 246.
 1 SYSTEMPATH\CodeIgniter.php(246): CodeIgniter\Exceptions\FrameworkException::forMissingExtension('intl')
 2 SYSTEMPATH\CodeIgniter.php(210): CodeIgniter\CodeIgniter->resolvePlatformExtensions()
 3 FCPATH\index.php(67): CodeIgniter\CodeIgniter->initialize()
CRITICAL - 2023-09-21 07:37:10 --> The framework needs the following extension(s) installed and loaded: intl.
in SYSTEMPATH\CodeIgniter.php on line 246.
 1 SYSTEMPATH\CodeIgniter.php(246): CodeIgniter\Exceptions\FrameworkException::forMissingExtension('intl')
 2 SYSTEMPATH\CodeIgniter.php(210): CodeIgniter\CodeIgniter->resolvePlatformExtensions()
 3 FCPATH\index.php(67): CodeIgniter\CodeIgniter->initialize()
CRITICAL - 2023-09-21 07:37:48 --> The framework needs the following extension(s) installed and loaded: intl.
in SYSTEMPATH\CodeIgniter.php on line 246.
 1 SYSTEMPATH\CodeIgniter.php(246): CodeIgniter\Exceptions\FrameworkException::forMissingExtension('intl')
 2 SYSTEMPATH\CodeIgniter.php(210): CodeIgniter\CodeIgniter->resolvePlatformExtensions()
 3 FCPATH\index.php(67): CodeIgniter\CodeIgniter->initialize()
CRITICAL - 2023-09-21 07:37:49 --> Uncaught Error: Class "Locale" not found in C:\xampp\htdocs\Backend-Catalouging\system\Helpers\number_helper.php:136
Stack trace:
#0 C:\xampp\htdocs\Backend-Catalouging\system\Helpers\number_helper.php(55): format_number(6, 2, NULL, Array)
#1 C:\xampp\htdocs\Backend-Catalouging\system\Debug\BaseExceptionHandler.php(145): number_to_size(6, 2)
#2 C:\xampp\htdocs\Backend-Catalouging\app\Views\errors\html\error_exception.php(360): CodeIgniter\Debug\BaseExceptionHandler::describeMemory(6291456)
#3 C:\xampp\htdocs\Backend-Catalouging\system\Debug\BaseExceptionHandler.php(241): include('C:\\xampp\\htdocs...')
#4 C:\xampp\htdocs\Backend-Catalouging\system\Debug\BaseExceptionHandler.php(244): CodeIgniter\Debug\BaseExceptionHandler->CodeIgniter\Debug\{closure}()
#5 C:\xampp\htdocs\Backend-Catalouging\system\Debug\ExceptionHandler.php(109): CodeIgniter\Debug\BaseExceptionHandler->render(Object(CodeIgniter\Exceptions\FrameworkException), 500, 'C:\\xampp\\htdocs...')
#6 C:\xampp\htdocs\Backend-Catalouging\system\Debug\Exceptions.php(147): CodeIgniter\Debug\ExceptionHandler->handle(Object(CodeIgniter\Exceptions\FrameworkException), Object(CodeIgniter\HTTP\IncomingRequest), Object(CodeIgniter\HTTP\Response), 500, 1)
#7 [internal function]: CodeIgniter\Debug\Exceptions->exceptionHandler(Object(CodeIgniter\Exceptions\FrameworkException))
#8 {main}
  thrown
【Previous Exception】
CodeIgniter\Exceptions\FrameworkException
The framework needs the following extension(s) installed and loaded: intl.
#0 C:\xampp\htdocs\Backend-Catalouging\system\CodeIgniter.php(246): CodeIgniter\Exceptions\FrameworkException::forMissingExtension('intl')
#1 C:\xampp\htdocs\Backend-Catalouging\system\CodeIgniter.php(210): CodeIgniter\CodeIgniter->resolvePlatformExtensions()
#2 C:\xampp\htdocs\Backend-Catalouging\public\index.php(67): CodeIgniter\CodeIgniter->initialize()
#3 {main}
in SYSTEMPATH\Helpers\number_helper.php on line 136.
 1 [internal function]: CodeIgniter\Debug\Exceptions->shutdownHandler()
CRITICAL - 2023-09-21 09:09:09 --> The framework needs the following extension(s) installed and loaded: intl.
in SYSTEMPATH\CodeIgniter.php on line 246.
 1 SYSTEMPATH\CodeIgniter.php(246): CodeIgniter\Exceptions\FrameworkException::forMissingExtension('intl')
 2 SYSTEMPATH\CodeIgniter.php(210): CodeIgniter\CodeIgniter->resolvePlatformExtensions()
 3 ROOTPATH\spark(88): CodeIgniter\CodeIgniter->initialize()
CRITICAL - 2023-09-21 09:09:09 --> Uncaught Error: Class "Locale" not found in E:\a.Kerja\intern-app\Backend-Catalouging\system\I18n\TimeTrait.php:74
Stack trace:
#0 E:\a.Kerja\intern-app\Backend-Catalouging\system\I18n\TimeTrait.php(115): CodeIgniter\I18n\Time->__construct(NULL, NULL, NULL)
#1 E:\a.Kerja\intern-app\Backend-Catalouging\system\HTTP\ResponseTrait.php(468): CodeIgniter\I18n\Time::now()
#2 E:\a.Kerja\intern-app\Backend-Catalouging\system\HTTP\ResponseTrait.php(446): CodeIgniter\HTTP\Response->sendHeaders()
#3 E:\a.Kerja\intern-app\Backend-Catalouging\system\Debug\ExceptionHandler.php(78): CodeIgniter\HTTP\Response->send()
#4 E:\a.Kerja\intern-app\Backend-Catalouging\system\Debug\Exceptions.php(147): CodeIgniter\Debug\ExceptionHandler->handle(Object(CodeIgniter\Exceptions\FrameworkException), Object(CodeIgniter\HTTP\IncomingRequest), Object(CodeIgniter\HTTP\Response), 500, 1)
#5 [internal function]: CodeIgniter\Debug\Exceptions->exceptionHandler(Object(CodeIgniter\Exceptions\FrameworkException))
#6 {main}
  thrown
【Previous Exception】
CodeIgniter\Exceptions\FrameworkException
The framework needs the following extension(s) installed and loaded: intl.
#0 E:\a.Kerja\intern-app\Backend-Catalouging\system\CodeIgniter.php(246): CodeIgniter\Exceptions\FrameworkException::forMissingExtension('intl')
#1 E:\a.Kerja\intern-app\Backend-Catalouging\system\CodeIgniter.php(210): CodeIgniter\CodeIgniter->resolvePlatformExtensions()
#2 E:\a.Kerja\intern-app\Backend-Catalouging\spark(88): CodeIgniter\CodeIgniter->initialize()
#3 {main}
in SYSTEMPATH\I18n\TimeTrait.php on line 74.
 1 [internal function]: CodeIgniter\Debug\Exceptions->shutdownHandler()
ERROR - 2023-09-21 09:04:42 --> Error connecting to the database: mysqli_sql_exception: Unknown database 'cataloguing-tool' in E:\a.Kerja\intern-app\Backend-Catalouging\system\Database\MySQLi\Connection.php:185
Stack trace:
#0 E:\a.Kerja\intern-app\Backend-Catalouging\system\Database\MySQLi\Connection.php(185): mysqli->real_connect('localhost', 'root', '', 'cataloguing-too...', 3306, '', 0)
#1 E:\a.Kerja\intern-app\Backend-Catalouging\system\Database\BaseConnection.php(391): CodeIgniter\Database\MySQLi\Connection->connect(false)
#2 E:\a.Kerja\intern-app\Backend-Catalouging\system\Database\BaseConnection.php(574): CodeIgniter\Database\BaseConnection->initialize()
#3 E:\a.Kerja\intern-app\Backend-Catalouging\system\Database\BaseBuilder.php(1615): CodeIgniter\Database\BaseConnection->query('SELECT *\nFROM `...', Array, false)
#4 E:\a.Kerja\intern-app\Backend-Catalouging\system\Model.php(237): CodeIgniter\Database\BaseBuilder->get()
#5 E:\a.Kerja\intern-app\Backend-Catalouging\system\BaseModel.php(624): CodeIgniter\Model->doFindAll(0, 0)
#6 E:\a.Kerja\intern-app\Backend-Catalouging\app\Controllers\MaterialController.php(22): CodeIgniter\BaseModel->findAll()
#7 E:\a.Kerja\intern-app\Backend-Catalouging\system\CodeIgniter.php(919): App\Controllers\MaterialController->index()
#8 E:\a.Kerja\intern-app\Backend-Catalouging\system\CodeIgniter.php(494): CodeIgniter\CodeIgniter->runController(Object(App\Controllers\MaterialController))
#9 E:\a.Kerja\intern-app\Backend-Catalouging\system\CodeIgniter.php(353): CodeIgniter\CodeIgniter->handleRequest(NULL, Object(Config\Cache), false)
#10 E:\a.Kerja\intern-app\Backend-Catalouging\public\index.php(79): CodeIgniter\CodeIgniter->run()
#11 E:\a.Kerja\intern-app\Backend-Catalouging\system\Commands\Server\rewrite.php(47): require_once('E:\\a.Kerja\\inte...')
#12 {main}

Next CodeIgniter\Database\Exceptions\DatabaseException: Unknown database 'cataloguing-tool' in E:\a.Kerja\intern-app\Backend-Catalouging\system\Database\MySQLi\Connection.php:229
Stack trace:
#0 E:\a.Kerja\intern-app\Backend-Catalouging\system\Database\BaseConnection.php(391): CodeIgniter\Database\MySQLi\Connection->connect(false)
#1 E:\a.Kerja\intern-app\Backend-Catalouging\system\Database\BaseConnection.php(574): CodeIgniter\Database\BaseConnection->initialize()
#2 E:\a.Kerja\intern-app\Backend-Catalouging\system\Database\BaseBuilder.php(1615): CodeIgniter\Database\BaseConnection->query('SELECT *\nFROM `...', Array, false)
#3 E:\a.Kerja\intern-app\Backend-Catalouging\system\Model.php(237): CodeIgniter\Database\BaseBuilder->get()
#4 E:\a.Kerja\intern-app\Backend-Catalouging\system\BaseModel.php(624): CodeIgniter\Model->doFindAll(0, 0)
#5 E:\a.Kerja\intern-app\Backend-Catalouging\app\Controllers\MaterialController.php(22): CodeIgniter\BaseModel->findAll()
#6 E:\a.Kerja\intern-app\Backend-Catalouging\system\CodeIgniter.php(919): App\Controllers\MaterialController->index()
#7 E:\a.Kerja\intern-app\Backend-Catalouging\system\CodeIgniter.php(494): CodeIgniter\CodeIgniter->runController(Object(App\Controllers\MaterialController))
#8 E:\a.Kerja\intern-app\Backend-Catalouging\system\CodeIgniter.php(353): CodeIgniter\CodeIgniter->handleRequest(NULL, Object(Config\Cache), false)
#9 E:\a.Kerja\intern-app\Backend-Catalouging\public\index.php(79): CodeIgniter\CodeIgniter->run()
#10 E:\a.Kerja\intern-app\Backend-Catalouging\system\Commands\Server\rewrite.php(47): require_once('E:\\a.Kerja\\inte...')
#11 {main}
CRITICAL - 2023-09-21 09:04:42 --> Unable to connect to the database.
Main connection [MySQLi]: Unknown database 'cataloguing-tool'
in SYSTEMPATH\Database\BaseConnection.php on line 427.
 1 SYSTEMPATH\Database\BaseConnection.php(574): CodeIgniter\Database\BaseConnection->initialize()
 2 SYSTEMPATH\Database\BaseBuilder.php(1615): CodeIgniter\Database\BaseConnection->query('SELECT *
FROM `d_material`
ORDER BY `id`', [], false)
 3 SYSTEMPATH\Model.php(237): CodeIgniter\Database\BaseBuilder->get()
 4 SYSTEMPATH\BaseModel.php(624): CodeIgniter\Model->doFindAll(0, 0)
 5 APPPATH\Controllers\MaterialController.php(22): CodeIgniter\BaseModel->findAll()
 6 SYSTEMPATH\CodeIgniter.php(919): App\Controllers\MaterialController->index()
 7 SYSTEMPATH\CodeIgniter.php(494): CodeIgniter\CodeIgniter->runController(Object(App\Controllers\MaterialController))
 8 SYSTEMPATH\CodeIgniter.php(353): CodeIgniter\CodeIgniter->handleRequest(null, Object(Config\Cache), false)
 9 FCPATH\index.php(79): CodeIgniter\CodeIgniter->run()
10 SYSTEMPATH\Commands\Server\rewrite.php(47): require_once('E:\\a.Kerja\\intern-app\\Backend-Catalouging\\public\\index.php')
ERROR - 2023-09-21 09:23:20 --> Error connecting to the database: mysqli_sql_exception: Unknown database 'cataloguing-tool' in E:\a.Kerja\intern-app\Backend-Catalouging\system\Database\MySQLi\Connection.php:185
Stack trace:
#0 E:\a.Kerja\intern-app\Backend-Catalouging\system\Database\MySQLi\Connection.php(185): mysqli->real_connect('localhost', 'root', '', 'cataloguing-too...', 3306, '', 0)
#1 E:\a.Kerja\intern-app\Backend-Catalouging\system\Database\BaseConnection.php(391): CodeIgniter\Database\MySQLi\Connection->connect(false)
#2 E:\a.Kerja\intern-app\Backend-Catalouging\system\Database\BaseConnection.php(574): CodeIgniter\Database\BaseConnection->initialize()
#3 E:\a.Kerja\intern-app\Backend-Catalouging\system\Database\BaseBuilder.php(1615): CodeIgniter\Database\BaseConnection->query('SELECT *\nFROM `...', Array, false)
#4 E:\a.Kerja\intern-app\Backend-Catalouging\system\Model.php(237): CodeIgniter\Database\BaseBuilder->get()
#5 E:\a.Kerja\intern-app\Backend-Catalouging\system\BaseModel.php(624): CodeIgniter\Model->doFindAll(0, 0)
#6 E:\a.Kerja\intern-app\Backend-Catalouging\app\Controllers\MaterialController.php(22): CodeIgniter\BaseModel->findAll()
#7 E:\a.Kerja\intern-app\Backend-Catalouging\system\CodeIgniter.php(919): App\Controllers\MaterialController->index()
#8 E:\a.Kerja\intern-app\Backend-Catalouging\system\CodeIgniter.php(494): CodeIgniter\CodeIgniter->runController(Object(App\Controllers\MaterialController))
#9 E:\a.Kerja\intern-app\Backend-Catalouging\system\CodeIgniter.php(353): CodeIgniter\CodeIgniter->handleRequest(NULL, Object(Config\Cache), false)
#10 E:\a.Kerja\intern-app\Backend-Catalouging\public\index.php(79): CodeIgniter\CodeIgniter->run()
#11 E:\a.Kerja\intern-app\Backend-Catalouging\system\Commands\Server\rewrite.php(47): require_once('E:\\a.Kerja\\inte...')
#12 {main}

Next CodeIgniter\Database\Exceptions\DatabaseException: Unknown database 'cataloguing-tool' in E:\a.Kerja\intern-app\Backend-Catalouging\system\Database\MySQLi\Connection.php:229
Stack trace:
#0 E:\a.Kerja\intern-app\Backend-Catalouging\system\Database\BaseConnection.php(391): CodeIgniter\Database\MySQLi\Connection->connect(false)
#1 E:\a.Kerja\intern-app\Backend-Catalouging\system\Database\BaseConnection.php(574): CodeIgniter\Database\BaseConnection->initialize()
#2 E:\a.Kerja\intern-app\Backend-Catalouging\system\Database\BaseBuilder.php(1615): CodeIgniter\Database\BaseConnection->query('SELECT *\nFROM `...', Array, false)
#3 E:\a.Kerja\intern-app\Backend-Catalouging\system\Model.php(237): CodeIgniter\Database\BaseBuilder->get()
#4 E:\a.Kerja\intern-app\Backend-Catalouging\system\BaseModel.php(624): CodeIgniter\Model->doFindAll(0, 0)
#5 E:\a.Kerja\intern-app\Backend-Catalouging\app\Controllers\MaterialController.php(22): CodeIgniter\BaseModel->findAll()
#6 E:\a.Kerja\intern-app\Backend-Catalouging\system\CodeIgniter.php(919): App\Controllers\MaterialController->index()
#7 E:\a.Kerja\intern-app\Backend-Catalouging\system\CodeIgniter.php(494): CodeIgniter\CodeIgniter->runController(Object(App\Controllers\MaterialController))
#8 E:\a.Kerja\intern-app\Backend-Catalouging\system\CodeIgniter.php(353): CodeIgniter\CodeIgniter->handleRequest(NULL, Object(Config\Cache), false)
#9 E:\a.Kerja\intern-app\Backend-Catalouging\public\index.php(79): CodeIgniter\CodeIgniter->run()
#10 E:\a.Kerja\intern-app\Backend-Catalouging\system\Commands\Server\rewrite.php(47): require_once('E:\\a.Kerja\\inte...')
#11 {main}
CRITICAL - 2023-09-21 09:23:20 --> Unable to connect to the database.
Main connection [MySQLi]: Unknown database 'cataloguing-tool'
in SYSTEMPATH\Database\BaseConnection.php on line 427.
 1 SYSTEMPATH\Database\BaseConnection.php(574): CodeIgniter\Database\BaseConnection->initialize()
 2 SYSTEMPATH\Database\BaseBuilder.php(1615): CodeIgniter\Database\BaseConnection->query('SELECT *
FROM `d_material`
ORDER BY `id`', [], false)
 3 SYSTEMPATH\Model.php(237): CodeIgniter\Database\BaseBuilder->get()
 4 SYSTEMPATH\BaseModel.php(624): CodeIgniter\Model->doFindAll(0, 0)
 5 APPPATH\Controllers\MaterialController.php(22): CodeIgniter\BaseModel->findAll()
 6 SYSTEMPATH\CodeIgniter.php(919): App\Controllers\MaterialController->index()
 7 SYSTEMPATH\CodeIgniter.php(494): CodeIgniter\CodeIgniter->runController(Object(App\Controllers\MaterialController))
 8 SYSTEMPATH\CodeIgniter.php(353): CodeIgniter\CodeIgniter->handleRequest(null, Object(Config\Cache), false)
 9 FCPATH\index.php(79): CodeIgniter\CodeIgniter->run()
10 SYSTEMPATH\Commands\Server\rewrite.php(47): require_once('E:\\a.Kerja\\intern-app\\Backend-Catalouging\\public\\index.php')
