CRITICAL - 2023-10-17 07:16:59 --> Declaration of App\Controllers\AttributeController::delete($id) must be compatible with CodeIgniter\RESTful\ResourceController::delete($id = null)
in APPPATH\Controllers\AttributeController.php on line 131.
 1 [internal function]: CodeIgniter\Debug\Exceptions->shutdownHandler()
CRITICAL - 2023-10-17 07:17:05 --> Declaration of App\Controllers\AttributeController::delete($id) must be compatible with CodeIgniter\RESTful\ResourceController::delete($id = null)
in APPPATH\Controllers\AttributeController.php on line 131.
 1 [internal function]: CodeIgniter\Debug\Exceptions->shutdownHandler()
CRITICAL - 2023-10-17 07:17:29 --> Declaration of App\Controllers\AttributeController::delete($id) must be compatible with CodeIgniter\RESTful\ResourceController::delete($id = null)
in APPPATH\Controllers\AttributeController.php on line 131.
 1 [internal function]: CodeIgniter\Debug\Exceptions->shutdownHandler()
CRITICAL - 2023-10-17 07:19:36 --> Declaration of App\Controllers\AttributeController::delete($id) must be compatible with CodeIgniter\RESTful\ResourceController::delete($id = null)
in APPPATH\Controllers\AttributeController.php on line 131.
 1 [internal function]: CodeIgniter\Debug\Exceptions->shutdownHandler()
CRITICAL - 2023-10-17 07:21:22 --> Declaration of App\Controllers\AttributeController::delete($id) must be compatible with CodeIgniter\RESTful\ResourceController::delete($id = null)
in APPPATH\Controllers\AttributeController.php on line 131.
 1 [internal function]: CodeIgniter\Debug\Exceptions->shutdownHandler()
CRITICAL - 2023-10-17 07:29:51 --> Declaration of App\Controllers\AttributeController::delete($id) must be compatible with CodeIgniter\RESTful\ResourceController::delete($id = null)
in APPPATH\Controllers\AttributeController.php on line 131.
 1 [internal function]: CodeIgniter\Debug\Exceptions->shutdownHandler()
CRITICAL - 2023-10-17 07:30:06 --> Declaration of App\Controllers\AttributeController::delete($id) must be compatible with CodeIgniter\RESTful\ResourceController::delete($id = null)
in APPPATH\Controllers\AttributeController.php on line 131.
 1 [internal function]: CodeIgniter\Debug\Exceptions->shutdownHandler()
CRITICAL - 2023-10-17 07:30:08 --> Declaration of App\Controllers\AttributeController::delete($id) must be compatible with CodeIgniter\RESTful\ResourceController::delete($id = null)
in APPPATH\Controllers\AttributeController.php on line 131.
 1 [internal function]: CodeIgniter\Debug\Exceptions->shutdownHandler()
CRITICAL - 2023-10-17 07:30:10 --> Declaration of App\Controllers\AttributeController::delete($id) must be compatible with CodeIgniter\RESTful\ResourceController::delete($id = null)
in APPPATH\Controllers\AttributeController.php on line 131.
 1 [internal function]: CodeIgniter\Debug\Exceptions->shutdownHandler()
CRITICAL - 2023-10-17 07:31:00 --> Declaration of App\Controllers\AttributeController::delete($id) must be compatible with CodeIgniter\RESTful\ResourceController::delete($id = null)
in APPPATH\Controllers\AttributeController.php on line 131.
 1 [internal function]: CodeIgniter\Debug\Exceptions->shutdownHandler()
CRITICAL - 2023-10-17 07:31:04 --> Declaration of App\Controllers\AttributeController::delete($id) must be compatible with CodeIgniter\RESTful\ResourceController::delete($id = null)
in APPPATH\Controllers\AttributeController.php on line 131.
 1 [internal function]: CodeIgniter\Debug\Exceptions->shutdownHandler()
CRITICAL - 2023-10-17 07:32:34 --> Declaration of App\Controllers\AttributeController::delete($id) must be compatible with CodeIgniter\RESTful\ResourceController::delete($id = null)
in APPPATH\Controllers\AttributeController.php on line 131.
 1 [internal function]: CodeIgniter\Debug\Exceptions->shutdownHandler()
CRITICAL - 2023-10-17 07:38:54 --> Call to a member function delete() on null
in APPPATH\Controllers\AttributeController.php on line 133.
 1 SYSTEMPATH\CodeIgniter.php(919): App\Controllers\AttributeController->delete('693')
 2 SYSTEMPATH\CodeIgniter.php(494): CodeIgniter\CodeIgniter->runController(Object(App\Controllers\AttributeController))
 3 SYSTEMPATH\CodeIgniter.php(353): CodeIgniter\CodeIgniter->handleRequest(null, Object(Config\Cache), false)
 4 FCPATH\index.php(79): CodeIgniter\CodeIgniter->run()
 5 SYSTEMPATH\Commands\Server\rewrite.php(47): require_once('C:\\xampp\\htdocs\\Backend-Catalouging\\public\\index.php')
CRITICAL - 2023-10-17 07:39:17 --> Call to a member function delete() on null
in APPPATH\Controllers\AttributeController.php on line 133.
 1 SYSTEMPATH\CodeIgniter.php(919): App\Controllers\AttributeController->delete('693')
 2 SYSTEMPATH\CodeIgniter.php(494): CodeIgniter\CodeIgniter->runController(Object(App\Controllers\AttributeController))
 3 SYSTEMPATH\CodeIgniter.php(353): CodeIgniter\CodeIgniter->handleRequest(null, Object(Config\Cache), false)
 4 FCPATH\index.php(79): CodeIgniter\CodeIgniter->run()
 5 SYSTEMPATH\Commands\Server\rewrite.php(47): require_once('C:\\xampp\\htdocs\\Backend-Catalouging\\public\\index.php')
CRITICAL - 2023-10-17 07:39:39 --> Call to a member function delete() on null
in APPPATH\Controllers\AttributeController.php on line 133.
 1 SYSTEMPATH\CodeIgniter.php(919): App\Controllers\AttributeController->delete('692')
 2 SYSTEMPATH\CodeIgniter.php(494): CodeIgniter\CodeIgniter->runController(Object(App\Controllers\AttributeController))
 3 SYSTEMPATH\CodeIgniter.php(353): CodeIgniter\CodeIgniter->handleRequest(null, Object(Config\Cache), false)
 4 FCPATH\index.php(79): CodeIgniter\CodeIgniter->run()
 5 SYSTEMPATH\Commands\Server\rewrite.php(47): require_once('C:\\xampp\\htdocs\\Backend-Catalouging\\public\\index.php')
CRITICAL - 2023-10-17 07:40:00 --> Call to a member function delete() on null
in APPPATH\Controllers\AttributeController.php on line 133.
 1 SYSTEMPATH\CodeIgniter.php(919): App\Controllers\AttributeController->delete('693')
 2 SYSTEMPATH\CodeIgniter.php(494): CodeIgniter\CodeIgniter->runController(Object(App\Controllers\AttributeController))
 3 SYSTEMPATH\CodeIgniter.php(353): CodeIgniter\CodeIgniter->handleRequest(null, Object(Config\Cache), false)
 4 FCPATH\index.php(79): CodeIgniter\CodeIgniter->run()
 5 SYSTEMPATH\Commands\Server\rewrite.php(47): require_once('C:\\xampp\\htdocs\\Backend-Catalouging\\public\\index.php')
CRITICAL - 2023-10-17 07:41:03 --> Call to a member function delete() on null
in APPPATH\Controllers\AttributeController.php on line 133.
 1 SYSTEMPATH\CodeIgniter.php(919): App\Controllers\AttributeController->delete('693')
 2 SYSTEMPATH\CodeIgniter.php(494): CodeIgniter\CodeIgniter->runController(Object(App\Controllers\AttributeController))
 3 SYSTEMPATH\CodeIgniter.php(353): CodeIgniter\CodeIgniter->handleRequest(null, Object(Config\Cache), false)
 4 FCPATH\index.php(79): CodeIgniter\CodeIgniter->run()
 5 SYSTEMPATH\Commands\Server\rewrite.php(47): require_once('C:\\xampp\\htdocs\\Backend-Catalouging\\public\\index.php')
CRITICAL - 2023-10-17 07:42:10 --> Call to a member function delete() on null
in APPPATH\Controllers\AttributeController.php on line 133.
 1 SYSTEMPATH\CodeIgniter.php(919): App\Controllers\AttributeController->delete('693')
 2 SYSTEMPATH\CodeIgniter.php(494): CodeIgniter\CodeIgniter->runController(Object(App\Controllers\AttributeController))
 3 SYSTEMPATH\CodeIgniter.php(353): CodeIgniter\CodeIgniter->handleRequest(null, Object(Config\Cache), false)
 4 FCPATH\index.php(79): CodeIgniter\CodeIgniter->run()
 5 SYSTEMPATH\Commands\Server\rewrite.php(47): require_once('C:\\xampp\\htdocs\\Backend-Catalouging\\public\\index.php')
CRITICAL - 2023-10-17 07:42:12 --> Call to a member function delete() on null
in APPPATH\Controllers\AttributeController.php on line 133.
 1 SYSTEMPATH\CodeIgniter.php(919): App\Controllers\AttributeController->delete('693')
 2 SYSTEMPATH\CodeIgniter.php(494): CodeIgniter\CodeIgniter->runController(Object(App\Controllers\AttributeController))
 3 SYSTEMPATH\CodeIgniter.php(353): CodeIgniter\CodeIgniter->handleRequest(null, Object(Config\Cache), false)
 4 FCPATH\index.php(79): CodeIgniter\CodeIgniter->run()
 5 SYSTEMPATH\Commands\Server\rewrite.php(47): require_once('C:\\xampp\\htdocs\\Backend-Catalouging\\public\\index.php')
CRITICAL - 2023-10-17 07:42:14 --> Call to a member function delete() on null
in APPPATH\Controllers\AttributeController.php on line 133.
 1 SYSTEMPATH\CodeIgniter.php(919): App\Controllers\AttributeController->delete('693')
 2 SYSTEMPATH\CodeIgniter.php(494): CodeIgniter\CodeIgniter->runController(Object(App\Controllers\AttributeController))
 3 SYSTEMPATH\CodeIgniter.php(353): CodeIgniter\CodeIgniter->handleRequest(null, Object(Config\Cache), false)
 4 FCPATH\index.php(79): CodeIgniter\CodeIgniter->run()
 5 SYSTEMPATH\Commands\Server\rewrite.php(47): require_once('C:\\xampp\\htdocs\\Backend-Catalouging\\public\\index.php')
CRITICAL - 2023-10-17 07:42:19 --> Call to a member function delete() on null
in APPPATH\Controllers\AttributeController.php on line 133.
 1 SYSTEMPATH\CodeIgniter.php(919): App\Controllers\AttributeController->delete('692')
 2 SYSTEMPATH\CodeIgniter.php(494): CodeIgniter\CodeIgniter->runController(Object(App\Controllers\AttributeController))
 3 SYSTEMPATH\CodeIgniter.php(353): CodeIgniter\CodeIgniter->handleRequest(null, Object(Config\Cache), false)
 4 FCPATH\index.php(79): CodeIgniter\CodeIgniter->run()
 5 SYSTEMPATH\Commands\Server\rewrite.php(47): require_once('C:\\xampp\\htdocs\\Backend-Catalouging\\public\\index.php')
CRITICAL - 2023-10-17 07:43:25 --> Declaration of App\Controllers\GroupController::delete($id) must be compatible with CodeIgniter\RESTful\ResourceController::delete($id = null)
in APPPATH\Controllers\GroupController.php on line 82.
 1 [internal function]: CodeIgniter\Debug\Exceptions->shutdownHandler()
CRITICAL - 2023-10-17 07:43:56 --> Declaration of App\Controllers\GroupController::delete($id) must be compatible with CodeIgniter\RESTful\ResourceController::delete($id = null)
in APPPATH\Controllers\GroupController.php on line 82.
 1 [internal function]: CodeIgniter\Debug\Exceptions->shutdownHandler()
CRITICAL - 2023-10-17 07:45:43 --> Declaration of App\Controllers\GroupController::delete($id) must be compatible with CodeIgniter\RESTful\ResourceController::delete($id = null)
in APPPATH\Controllers\GroupController.php on line 82.
 1 [internal function]: CodeIgniter\Debug\Exceptions->shutdownHandler()
CRITICAL - 2023-10-17 07:46:11 --> Declaration of App\Controllers\GroupController::delete($id) must be compatible with CodeIgniter\RESTful\ResourceController::delete($id = null)
in APPPATH\Controllers\GroupController.php on line 82.
 1 [internal function]: CodeIgniter\Debug\Exceptions->shutdownHandler()
CRITICAL - 2023-10-17 07:46:41 --> Declaration of App\Controllers\GroupController::delete($id) must be compatible with CodeIgniter\RESTful\ResourceController::delete($id = null)
in APPPATH\Controllers\GroupController.php on line 82.
 1 [internal function]: CodeIgniter\Debug\Exceptions->shutdownHandler()
CRITICAL - 2023-10-17 07:46:44 --> Declaration of App\Controllers\GroupController::delete($id) must be compatible with CodeIgniter\RESTful\ResourceController::delete($id = null)
in APPPATH\Controllers\GroupController.php on line 82.
 1 [internal function]: CodeIgniter\Debug\Exceptions->shutdownHandler()
CRITICAL - 2023-10-17 07:46:56 --> Declaration of App\Controllers\GroupController::delete($id) must be compatible with CodeIgniter\RESTful\ResourceController::delete($id = null)
in APPPATH\Controllers\GroupController.php on line 82.
 1 [internal function]: CodeIgniter\Debug\Exceptions->shutdownHandler()
CRITICAL - 2023-10-17 07:47:15 --> Declaration of App\Controllers\GroupController::delete($id) must be compatible with CodeIgniter\RESTful\ResourceController::delete($id = null)
in APPPATH\Controllers\GroupController.php on line 82.
 1 [internal function]: CodeIgniter\Debug\Exceptions->shutdownHandler()
CRITICAL - 2023-10-17 07:47:27 --> Declaration of App\Controllers\MaterialController::delete($id) must be compatible with CodeIgniter\RESTful\ResourceController::delete($id = null)
in APPPATH\Controllers\MaterialController.php on line 70.
 1 [internal function]: CodeIgniter\Debug\Exceptions->shutdownHandler()
CRITICAL - 2023-10-17 07:47:31 --> Declaration of App\Controllers\MaterialController::delete($id) must be compatible with CodeIgniter\RESTful\ResourceController::delete($id = null)
in APPPATH\Controllers\MaterialController.php on line 70.
 1 [internal function]: CodeIgniter\Debug\Exceptions->shutdownHandler()
CRITICAL - 2023-10-17 07:49:03 --> Declaration of App\Controllers\MaterialController::delete($id) must be compatible with CodeIgniter\RESTful\ResourceController::delete($id = null)
in APPPATH\Controllers\MaterialController.php on line 70.
 1 [internal function]: CodeIgniter\Debug\Exceptions->shutdownHandler()
CRITICAL - 2023-10-17 07:49:12 --> Declaration of App\Controllers\MaterialController::delete($id) must be compatible with CodeIgniter\RESTful\ResourceController::delete($id = null)
in APPPATH\Controllers\MaterialController.php on line 70.
 1 [internal function]: CodeIgniter\Debug\Exceptions->shutdownHandler()
CRITICAL - 2023-10-17 07:49:24 --> Declaration of App\Controllers\MaterialController::delete($id) must be compatible with CodeIgniter\RESTful\ResourceController::delete($id = null)
in APPPATH\Controllers\MaterialController.php on line 70.
 1 [internal function]: CodeIgniter\Debug\Exceptions->shutdownHandler()
CRITICAL - 2023-10-17 07:54:10 --> Call to a member function delete() on null
in APPPATH\Controllers\AttributeController.php on line 133.
 1 SYSTEMPATH\CodeIgniter.php(919): App\Controllers\AttributeController->delete('692')
 2 SYSTEMPATH\CodeIgniter.php(494): CodeIgniter\CodeIgniter->runController(Object(App\Controllers\AttributeController))
 3 SYSTEMPATH\CodeIgniter.php(353): CodeIgniter\CodeIgniter->handleRequest(null, Object(Config\Cache), false)
 4 FCPATH\index.php(79): CodeIgniter\CodeIgniter->run()
 5 SYSTEMPATH\Commands\Server\rewrite.php(47): require_once('C:\\xampp\\htdocs\\Backend-Catalouging\\public\\index.php')
CRITICAL - 2023-10-17 07:54:23 --> Call to a member function delete() on null
in APPPATH\Controllers\AttributeController.php on line 133.
 1 SYSTEMPATH\CodeIgniter.php(919): App\Controllers\AttributeController->delete('693')
 2 SYSTEMPATH\CodeIgniter.php(494): CodeIgniter\CodeIgniter->runController(Object(App\Controllers\AttributeController))
 3 SYSTEMPATH\CodeIgniter.php(353): CodeIgniter\CodeIgniter->handleRequest(null, Object(Config\Cache), false)
 4 FCPATH\index.php(79): CodeIgniter\CodeIgniter->run()
 5 SYSTEMPATH\Commands\Server\rewrite.php(47): require_once('C:\\xampp\\htdocs\\Backend-Catalouging\\public\\index.php')
CRITICAL - 2023-10-17 07:56:09 --> Call to a member function delete() on null
in APPPATH\Controllers\GlobalAttributeController.php on line 133.
 1 SYSTEMPATH\CodeIgniter.php(919): App\Controllers\GlobalAttributeController->delete('1')
 2 SYSTEMPATH\CodeIgniter.php(494): CodeIgniter\CodeIgniter->runController(Object(App\Controllers\GlobalAttributeController))
 3 SYSTEMPATH\CodeIgniter.php(353): CodeIgniter\CodeIgniter->handleRequest(null, Object(Config\Cache), false)
 4 FCPATH\index.php(79): CodeIgniter\CodeIgniter->run()
 5 SYSTEMPATH\Commands\Server\rewrite.php(47): require_once('C:\\xampp\\htdocs\\Backend-Catalouging\\public\\index.php')
CRITICAL - 2023-10-17 07:56:49 --> Call to a member function delete() on null
in APPPATH\Controllers\GlobalAttributeController.php on line 133.
 1 SYSTEMPATH\CodeIgniter.php(919): App\Controllers\GlobalAttributeController->delete('1')
 2 SYSTEMPATH\CodeIgniter.php(494): CodeIgniter\CodeIgniter->runController(Object(App\Controllers\GlobalAttributeController))
 3 SYSTEMPATH\CodeIgniter.php(353): CodeIgniter\CodeIgniter->handleRequest(null, Object(Config\Cache), false)
 4 FCPATH\index.php(79): CodeIgniter\CodeIgniter->run()
 5 SYSTEMPATH\Commands\Server\rewrite.php(47): require_once('C:\\xampp\\htdocs\\Backend-Catalouging\\public\\index.php')
CRITICAL - 2023-10-17 07:58:30 --> Call to a member function delete() on null
in APPPATH\Controllers\AttributeController.php on line 133.
 1 SYSTEMPATH\CodeIgniter.php(919): App\Controllers\AttributeController->delete('693')
 2 SYSTEMPATH\CodeIgniter.php(494): CodeIgniter\CodeIgniter->runController(Object(App\Controllers\AttributeController))
 3 SYSTEMPATH\CodeIgniter.php(353): CodeIgniter\CodeIgniter->handleRequest(null, Object(Config\Cache), false)
 4 FCPATH\index.php(79): CodeIgniter\CodeIgniter->run()
 5 SYSTEMPATH\Commands\Server\rewrite.php(47): require_once('C:\\xampp\\htdocs\\Backend-Catalouging\\public\\index.php')
CRITICAL - 2023-10-17 08:00:12 --> Call to a member function delete() on null
in APPPATH\Controllers\AttributeController.php on line 133.
 1 SYSTEMPATH\CodeIgniter.php(919): App\Controllers\AttributeController->delete('693')
 2 SYSTEMPATH\CodeIgniter.php(494): CodeIgniter\CodeIgniter->runController(Object(App\Controllers\AttributeController))
 3 SYSTEMPATH\CodeIgniter.php(353): CodeIgniter\CodeIgniter->handleRequest(null, Object(Config\Cache), false)
 4 FCPATH\index.php(79): CodeIgniter\CodeIgniter->run()
 5 SYSTEMPATH\Commands\Server\rewrite.php(47): require_once('C:\\xampp\\htdocs\\Backend-Catalouging\\public\\index.php')
CRITICAL - 2023-10-17 08:03:39 --> Call to a member function delete() on null
in APPPATH\Controllers\AttributeController.php on line 133.
 1 SYSTEMPATH\CodeIgniter.php(919): App\Controllers\AttributeController->delete('693')
 2 SYSTEMPATH\CodeIgniter.php(494): CodeIgniter\CodeIgniter->runController(Object(App\Controllers\AttributeController))
 3 SYSTEMPATH\CodeIgniter.php(353): CodeIgniter\CodeIgniter->handleRequest(null, Object(Config\Cache), false)
 4 FCPATH\index.php(79): CodeIgniter\CodeIgniter->run()
 5 SYSTEMPATH\Commands\Server\rewrite.php(47): require_once('C:\\xampp\\htdocs\\Backend-Catalouging\\public\\index.php')
CRITICAL - 2023-10-17 08:06:27 --> Call to a member function delete() on null
in APPPATH\Controllers\AttributeController.php on line 133.
 1 SYSTEMPATH\CodeIgniter.php(919): App\Controllers\AttributeController->delete('693')
 2 SYSTEMPATH\CodeIgniter.php(494): CodeIgniter\CodeIgniter->runController(Object(App\Controllers\AttributeController))
 3 SYSTEMPATH\CodeIgniter.php(353): CodeIgniter\CodeIgniter->handleRequest(null, Object(Config\Cache), false)
 4 FCPATH\index.php(79): CodeIgniter\CodeIgniter->run()
 5 SYSTEMPATH\Commands\Server\rewrite.php(47): require_once('C:\\xampp\\htdocs\\Backend-Catalouging\\public\\index.php')
CRITICAL - 2023-10-17 08:07:42 --> Call to a member function delete() on null
in APPPATH\Controllers\AttributeController.php on line 133.
 1 SYSTEMPATH\CodeIgniter.php(919): App\Controllers\AttributeController->delete('199')
 2 SYSTEMPATH\CodeIgniter.php(494): CodeIgniter\CodeIgniter->runController(Object(App\Controllers\AttributeController))
 3 SYSTEMPATH\CodeIgniter.php(353): CodeIgniter\CodeIgniter->handleRequest(null, Object(Config\Cache), false)
 4 FCPATH\index.php(79): CodeIgniter\CodeIgniter->run()
 5 SYSTEMPATH\Commands\Server\rewrite.php(47): require_once('C:\\xampp\\htdocs\\Backend-Catalouging\\public\\index.php')
CRITICAL - 2023-10-17 08:07:52 --> Call to a member function delete() on null
in APPPATH\Controllers\AttributeController.php on line 133.
 1 SYSTEMPATH\CodeIgniter.php(919): App\Controllers\AttributeController->delete('693')
 2 SYSTEMPATH\CodeIgniter.php(494): CodeIgniter\CodeIgniter->runController(Object(App\Controllers\AttributeController))
 3 SYSTEMPATH\CodeIgniter.php(353): CodeIgniter\CodeIgniter->handleRequest(null, Object(Config\Cache), false)
 4 FCPATH\index.php(79): CodeIgniter\CodeIgniter->run()
 5 SYSTEMPATH\Commands\Server\rewrite.php(47): require_once('C:\\xampp\\htdocs\\Backend-Catalouging\\public\\index.php')
CRITICAL - 2023-10-17 08:10:21 --> Call to a member function delete() on null
in APPPATH\Controllers\AttributeController.php on line 133.
 1 SYSTEMPATH\CodeIgniter.php(919): App\Controllers\AttributeController->delete('693')
 2 SYSTEMPATH\CodeIgniter.php(494): CodeIgniter\CodeIgniter->runController(Object(App\Controllers\AttributeController))
 3 SYSTEMPATH\CodeIgniter.php(353): CodeIgniter\CodeIgniter->handleRequest(null, Object(Config\Cache), false)
 4 FCPATH\index.php(79): CodeIgniter\CodeIgniter->run()
 5 SYSTEMPATH\Commands\Server\rewrite.php(47): require_once('C:\\xampp\\htdocs\\Backend-Catalouging\\public\\index.php')
CRITICAL - 2023-10-17 08:14:36 --> Call to a member function delete() on null
in APPPATH\Controllers\GlobalAttributeController.php on line 133.
 1 SYSTEMPATH\CodeIgniter.php(919): App\Controllers\GlobalAttributeController->delete('1')
 2 SYSTEMPATH\CodeIgniter.php(494): CodeIgniter\CodeIgniter->runController(Object(App\Controllers\GlobalAttributeController))
 3 SYSTEMPATH\CodeIgniter.php(353): CodeIgniter\CodeIgniter->handleRequest(null, Object(Config\Cache), false)
 4 FCPATH\index.php(79): CodeIgniter\CodeIgniter->run()
 5 SYSTEMPATH\Commands\Server\rewrite.php(47): require_once('C:\\xampp\\htdocs\\Backend-Catalouging\\public\\index.php')
CRITICAL - 2023-10-17 08:14:41 --> Call to a member function delete() on null
in APPPATH\Controllers\GlobalAttributeController.php on line 133.
 1 SYSTEMPATH\CodeIgniter.php(919): App\Controllers\GlobalAttributeController->delete('1')
 2 SYSTEMPATH\CodeIgniter.php(494): CodeIgniter\CodeIgniter->runController(Object(App\Controllers\GlobalAttributeController))
 3 SYSTEMPATH\CodeIgniter.php(353): CodeIgniter\CodeIgniter->handleRequest(null, Object(Config\Cache), false)
 4 FCPATH\index.php(79): CodeIgniter\CodeIgniter->run()
 5 SYSTEMPATH\Commands\Server\rewrite.php(47): require_once('C:\\xampp\\htdocs\\Backend-Catalouging\\public\\index.php')
CRITICAL - 2023-10-17 08:15:05 --> Call to a member function delete() on null
in APPPATH\Controllers\GlobalAttributeController.php on line 133.
 1 SYSTEMPATH\CodeIgniter.php(919): App\Controllers\GlobalAttributeController->delete('1')
 2 SYSTEMPATH\CodeIgniter.php(494): CodeIgniter\CodeIgniter->runController(Object(App\Controllers\GlobalAttributeController))
 3 SYSTEMPATH\CodeIgniter.php(353): CodeIgniter\CodeIgniter->handleRequest(null, Object(Config\Cache), false)
 4 FCPATH\index.php(79): CodeIgniter\CodeIgniter->run()
 5 SYSTEMPATH\Commands\Server\rewrite.php(47): require_once('C:\\xampp\\htdocs\\Backend-Catalouging\\public\\index.php')
CRITICAL - 2023-10-17 08:16:03 --> Call to a member function delete() on null
in APPPATH\Controllers\GlobalAttributeController.php on line 133.
 1 SYSTEMPATH\CodeIgniter.php(919): App\Controllers\GlobalAttributeController->delete('1')
 2 SYSTEMPATH\CodeIgniter.php(494): CodeIgniter\CodeIgniter->runController(Object(App\Controllers\GlobalAttributeController))
 3 SYSTEMPATH\CodeIgniter.php(353): CodeIgniter\CodeIgniter->handleRequest(null, Object(Config\Cache), false)
 4 FCPATH\index.php(79): CodeIgniter\CodeIgniter->run()
 5 SYSTEMPATH\Commands\Server\rewrite.php(47): require_once('C:\\xampp\\htdocs\\Backend-Catalouging\\public\\index.php')
CRITICAL - 2023-10-17 08:17:27 --> Call to a member function delete() on null
in APPPATH\Controllers\AttributeController.php on line 133.
 1 SYSTEMPATH\CodeIgniter.php(919): App\Controllers\AttributeController->delete('693')
 2 SYSTEMPATH\CodeIgniter.php(494): CodeIgniter\CodeIgniter->runController(Object(App\Controllers\AttributeController))
 3 SYSTEMPATH\CodeIgniter.php(353): CodeIgniter\CodeIgniter->handleRequest(null, Object(Config\Cache), false)
 4 FCPATH\index.php(79): CodeIgniter\CodeIgniter->run()
 5 SYSTEMPATH\Commands\Server\rewrite.php(47): require_once('C:\\xampp\\htdocs\\Backend-Catalouging\\public\\index.php')
CRITICAL - 2023-10-17 08:20:53 --> Call to a member function delete() on null
in APPPATH\Controllers\AttributeController.php on line 133.
 1 SYSTEMPATH\CodeIgniter.php(919): App\Controllers\AttributeController->delete('1')
 2 SYSTEMPATH\CodeIgniter.php(494): CodeIgniter\CodeIgniter->runController(Object(App\Controllers\AttributeController))
 3 SYSTEMPATH\CodeIgniter.php(353): CodeIgniter\CodeIgniter->handleRequest(null, Object(Config\Cache), false)
 4 FCPATH\index.php(79): CodeIgniter\CodeIgniter->run()
 5 SYSTEMPATH\Commands\Server\rewrite.php(47): require_once('C:\\xampp\\htdocs\\Backend-Catalouging\\public\\index.php')
CRITICAL - 2023-10-17 08:21:44 --> Call to a member function delete() on null
in APPPATH\Controllers\AttributeController.php on line 133.
 1 SYSTEMPATH\CodeIgniter.php(919): App\Controllers\AttributeController->delete('693')
 2 SYSTEMPATH\CodeIgniter.php(494): CodeIgniter\CodeIgniter->runController(Object(App\Controllers\AttributeController))
 3 SYSTEMPATH\CodeIgniter.php(353): CodeIgniter\CodeIgniter->handleRequest(null, Object(Config\Cache), false)
 4 FCPATH\index.php(79): CodeIgniter\CodeIgniter->run()
 5 SYSTEMPATH\Commands\Server\rewrite.php(47): require_once('C:\\xampp\\htdocs\\Backend-Catalouging\\public\\index.php')
CRITICAL - 2023-10-17 08:25:39 --> Call to a member function delete() on null
in APPPATH\Controllers\AttributeController.php on line 133.
 1 SYSTEMPATH\CodeIgniter.php(919): App\Controllers\AttributeController->delete('693')
 2 SYSTEMPATH\CodeIgniter.php(494): CodeIgniter\CodeIgniter->runController(Object(App\Controllers\AttributeController))
 3 SYSTEMPATH\CodeIgniter.php(353): CodeIgniter\CodeIgniter->handleRequest(null, Object(Config\Cache), false)
 4 FCPATH\index.php(79): CodeIgniter\CodeIgniter->run()
 5 SYSTEMPATH\Commands\Server\rewrite.php(47): require_once('C:\\xampp\\htdocs\\Backend-Catalouging\\public\\index.php')
CRITICAL - 2023-10-17 08:26:06 --> Call to a member function delete() on null
in APPPATH\Controllers\AttributeController.php on line 133.
 1 SYSTEMPATH\CodeIgniter.php(919): App\Controllers\AttributeController->delete('693')
 2 SYSTEMPATH\CodeIgniter.php(494): CodeIgniter\CodeIgniter->runController(Object(App\Controllers\AttributeController))
 3 SYSTEMPATH\CodeIgniter.php(353): CodeIgniter\CodeIgniter->handleRequest(null, Object(Config\Cache), false)
 4 FCPATH\index.php(79): CodeIgniter\CodeIgniter->run()
 5 SYSTEMPATH\Commands\Server\rewrite.php(47): require_once('C:\\xampp\\htdocs\\Backend-Catalouging\\public\\index.php')
