CRITICAL - 2023-12-14 03:17:37 --> Undefined array key "attributeValue"
in APPPATH\Models\Material.php on line 54.
 1 APPPATH\Models\Material.php(54): CodeIgniter\Debug\Exceptions->errorHandler()
 2 APPPATH\Controllers\MaterialController.php(22): App\Models\Material->getAllMaterialData()
 3 SYSTEMPATH\CodeIgniter.php(919): App\Controllers\MaterialController->index()
 4 SYSTEMPATH\CodeIgniter.php(494): CodeIgniter\CodeIgniter->runController()
 5 SYSTEMPATH\CodeIgniter.php(353): CodeIgniter\CodeIgniter->handleRequest()
 6 FCPATH\index.php(87): CodeIgniter\CodeIgniter->run()
 7 SYSTEMPATH\Commands\Server\rewrite.php(47): require_once('D:\\Kerja\\Cataloguing Tool\\Backend-Catalouging\\public\\index.php')
CRITICAL - 2023-12-14 03:17:43 --> Undefined array key "attributeValue"
in APPPATH\Models\Material.php on line 54.
 1 APPPATH\Models\Material.php(54): CodeIgniter\Debug\Exceptions->errorHandler()
 2 APPPATH\Controllers\MaterialController.php(22): App\Models\Material->getAllMaterialData()
 3 SYSTEMPATH\CodeIgniter.php(919): App\Controllers\MaterialController->index()
 4 SYSTEMPATH\CodeIgniter.php(494): CodeIgniter\CodeIgniter->runController()
 5 SYSTEMPATH\CodeIgniter.php(353): CodeIgniter\CodeIgniter->handleRequest()
 6 FCPATH\index.php(87): CodeIgniter\CodeIgniter->run()
 7 SYSTEMPATH\Commands\Server\rewrite.php(47): require_once('D:\\Kerja\\Cataloguing Tool\\Backend-Catalouging\\public\\index.php')
CRITICAL - 2023-12-14 03:17:44 --> Undefined array key "attributeValue"
in APPPATH\Models\Material.php on line 54.
 1 APPPATH\Models\Material.php(54): CodeIgniter\Debug\Exceptions->errorHandler()
 2 APPPATH\Controllers\MaterialController.php(22): App\Models\Material->getAllMaterialData()
 3 SYSTEMPATH\CodeIgniter.php(919): App\Controllers\MaterialController->index()
 4 SYSTEMPATH\CodeIgniter.php(494): CodeIgniter\CodeIgniter->runController()
 5 SYSTEMPATH\CodeIgniter.php(353): CodeIgniter\CodeIgniter->handleRequest()
 6 FCPATH\index.php(87): CodeIgniter\CodeIgniter->run()
 7 SYSTEMPATH\Commands\Server\rewrite.php(47): require_once('D:\\Kerja\\Cataloguing Tool\\Backend-Catalouging\\public\\index.php')
CRITICAL - 2023-12-14 03:17:45 --> Undefined array key "attributeValue"
in APPPATH\Models\Material.php on line 54.
 1 APPPATH\Models\Material.php(54): CodeIgniter\Debug\Exceptions->errorHandler()
 2 APPPATH\Controllers\MaterialController.php(22): App\Models\Material->getAllMaterialData()
 3 SYSTEMPATH\CodeIgniter.php(919): App\Controllers\MaterialController->index()
 4 SYSTEMPATH\CodeIgniter.php(494): CodeIgniter\CodeIgniter->runController()
 5 SYSTEMPATH\CodeIgniter.php(353): CodeIgniter\CodeIgniter->handleRequest()
 6 FCPATH\index.php(87): CodeIgniter\CodeIgniter->run()
 7 SYSTEMPATH\Commands\Server\rewrite.php(47): require_once('D:\\Kerja\\Cataloguing Tool\\Backend-Catalouging\\public\\index.php')
CRITICAL - 2023-12-14 03:17:46 --> Undefined array key "attributeValue"
in APPPATH\Models\Material.php on line 54.
 1 APPPATH\Models\Material.php(54): CodeIgniter\Debug\Exceptions->errorHandler()
 2 APPPATH\Controllers\MaterialController.php(22): App\Models\Material->getAllMaterialData()
 3 SYSTEMPATH\CodeIgniter.php(919): App\Controllers\MaterialController->index()
 4 SYSTEMPATH\CodeIgniter.php(494): CodeIgniter\CodeIgniter->runController()
 5 SYSTEMPATH\CodeIgniter.php(353): CodeIgniter\CodeIgniter->handleRequest()
 6 FCPATH\index.php(87): CodeIgniter\CodeIgniter->run()
 7 SYSTEMPATH\Commands\Server\rewrite.php(47): require_once('D:\\Kerja\\Cataloguing Tool\\Backend-Catalouging\\public\\index.php')
CRITICAL - 2023-12-14 03:17:50 --> Undefined array key "attributeValue"
in APPPATH\Models\Material.php on line 54.
 1 APPPATH\Models\Material.php(54): CodeIgniter\Debug\Exceptions->errorHandler()
 2 APPPATH\Controllers\MaterialController.php(22): App\Models\Material->getAllMaterialData()
 3 SYSTEMPATH\CodeIgniter.php(919): App\Controllers\MaterialController->index()
 4 SYSTEMPATH\CodeIgniter.php(494): CodeIgniter\CodeIgniter->runController()
 5 SYSTEMPATH\CodeIgniter.php(353): CodeIgniter\CodeIgniter->handleRequest()
 6 FCPATH\index.php(87): CodeIgniter\CodeIgniter->run()
 7 SYSTEMPATH\Commands\Server\rewrite.php(47): require_once('D:\\Kerja\\Cataloguing Tool\\Backend-Catalouging\\public\\index.php')
CRITICAL - 2023-12-14 03:17:51 --> Undefined array key "attributeValue"
in APPPATH\Models\Material.php on line 54.
 1 APPPATH\Models\Material.php(54): CodeIgniter\Debug\Exceptions->errorHandler()
 2 APPPATH\Controllers\MaterialController.php(22): App\Models\Material->getAllMaterialData()
 3 SYSTEMPATH\CodeIgniter.php(919): App\Controllers\MaterialController->index()
 4 SYSTEMPATH\CodeIgniter.php(494): CodeIgniter\CodeIgniter->runController()
 5 SYSTEMPATH\CodeIgniter.php(353): CodeIgniter\CodeIgniter->handleRequest()
 6 FCPATH\index.php(87): CodeIgniter\CodeIgniter->run()
 7 SYSTEMPATH\Commands\Server\rewrite.php(47): require_once('D:\\Kerja\\Cataloguing Tool\\Backend-Catalouging\\public\\index.php')
CRITICAL - 2023-12-14 03:18:35 --> Undefined array key "attributeValue"
in APPPATH\Models\Material.php on line 54.
 1 APPPATH\Models\Material.php(54): CodeIgniter\Debug\Exceptions->errorHandler()
 2 APPPATH\Controllers\MaterialController.php(22): App\Models\Material->getAllMaterialData()
 3 SYSTEMPATH\CodeIgniter.php(919): App\Controllers\MaterialController->index()
 4 SYSTEMPATH\CodeIgniter.php(494): CodeIgniter\CodeIgniter->runController()
 5 SYSTEMPATH\CodeIgniter.php(353): CodeIgniter\CodeIgniter->handleRequest()
 6 FCPATH\index.php(87): CodeIgniter\CodeIgniter->run()
 7 SYSTEMPATH\Commands\Server\rewrite.php(47): require_once('D:\\Kerja\\Cataloguing Tool\\Backend-Catalouging\\public\\index.php')
CRITICAL - 2023-12-14 03:18:55 --> Undefined array key "attributeValue"
in APPPATH\Models\Material.php on line 48.
 1 APPPATH\Models\Material.php(48): CodeIgniter\Debug\Exceptions->errorHandler()
 2 APPPATH\Controllers\MaterialController.php(22): App\Models\Material->getAllMaterialData()
 3 SYSTEMPATH\CodeIgniter.php(919): App\Controllers\MaterialController->index()
 4 SYSTEMPATH\CodeIgniter.php(494): CodeIgniter\CodeIgniter->runController()
 5 SYSTEMPATH\CodeIgniter.php(353): CodeIgniter\CodeIgniter->handleRequest()
 6 FCPATH\index.php(87): CodeIgniter\CodeIgniter->run()
 7 SYSTEMPATH\Commands\Server\rewrite.php(47): require_once('D:\\Kerja\\Cataloguing Tool\\Backend-Catalouging\\public\\index.php')
CRITICAL - 2023-12-14 03:53:13 --> syntax error, unexpected variable "$inc"
in APPPATH\Controllers\MaterialController.php on line 164.
 1 SYSTEMPATH\Autoloader\Autoloader.php(285): CodeIgniter\Autoloader\Autoloader->includeFile()
 2 SYSTEMPATH\Autoloader\Autoloader.php(263): CodeIgniter\Autoloader\Autoloader->loadInNamespace()
 3 [internal function]: CodeIgniter\Autoloader\Autoloader->loadClass()
 4 SYSTEMPATH\CodeIgniter.php(877): class_exists()
 5 SYSTEMPATH\CodeIgniter.php(481): CodeIgniter\CodeIgniter->startController()
 6 SYSTEMPATH\CodeIgniter.php(353): CodeIgniter\CodeIgniter->handleRequest()
 7 FCPATH\index.php(87): CodeIgniter\CodeIgniter->run()
 8 SYSTEMPATH\Commands\Server\rewrite.php(47): require_once('D:\\Kerja\\Cataloguing Tool\\Backend-Catalouging\\public\\index.php')
CRITICAL - 2023-12-14 03:53:17 --> syntax error, unexpected variable "$inc"
in APPPATH\Controllers\MaterialController.php on line 164.
 1 SYSTEMPATH\Autoloader\Autoloader.php(285): CodeIgniter\Autoloader\Autoloader->includeFile()
 2 SYSTEMPATH\Autoloader\Autoloader.php(263): CodeIgniter\Autoloader\Autoloader->loadInNamespace()
 3 [internal function]: CodeIgniter\Autoloader\Autoloader->loadClass()
 4 SYSTEMPATH\CodeIgniter.php(877): class_exists()
 5 SYSTEMPATH\CodeIgniter.php(481): CodeIgniter\CodeIgniter->startController()
 6 SYSTEMPATH\CodeIgniter.php(353): CodeIgniter\CodeIgniter->handleRequest()
 7 FCPATH\index.php(87): CodeIgniter\CodeIgniter->run()
 8 SYSTEMPATH\Commands\Server\rewrite.php(47): require_once('D:\\Kerja\\Cataloguing Tool\\Backend-Catalouging\\public\\index.php')
CRITICAL - 2023-12-14 03:53:18 --> syntax error, unexpected variable "$inc"
in APPPATH\Controllers\MaterialController.php on line 164.
 1 SYSTEMPATH\Autoloader\Autoloader.php(285): CodeIgniter\Autoloader\Autoloader->includeFile()
 2 SYSTEMPATH\Autoloader\Autoloader.php(263): CodeIgniter\Autoloader\Autoloader->loadInNamespace()
 3 [internal function]: CodeIgniter\Autoloader\Autoloader->loadClass()
 4 SYSTEMPATH\CodeIgniter.php(877): class_exists()
 5 SYSTEMPATH\CodeIgniter.php(481): CodeIgniter\CodeIgniter->startController()
 6 SYSTEMPATH\CodeIgniter.php(353): CodeIgniter\CodeIgniter->handleRequest()
 7 FCPATH\index.php(87): CodeIgniter\CodeIgniter->run()
 8 SYSTEMPATH\Commands\Server\rewrite.php(47): require_once('D:\\Kerja\\Cataloguing Tool\\Backend-Catalouging\\public\\index.php')
CRITICAL - 2023-12-14 03:53:52 --> syntax error, unexpected variable "$inc"
in APPPATH\Controllers\MaterialController.php on line 164.
 1 SYSTEMPATH\Autoloader\Autoloader.php(285): CodeIgniter\Autoloader\Autoloader->includeFile()
 2 SYSTEMPATH\Autoloader\Autoloader.php(263): CodeIgniter\Autoloader\Autoloader->loadInNamespace()
 3 [internal function]: CodeIgniter\Autoloader\Autoloader->loadClass()
 4 SYSTEMPATH\CodeIgniter.php(877): class_exists()
 5 SYSTEMPATH\CodeIgniter.php(481): CodeIgniter\CodeIgniter->startController()
 6 SYSTEMPATH\CodeIgniter.php(353): CodeIgniter\CodeIgniter->handleRequest()
 7 FCPATH\index.php(87): CodeIgniter\CodeIgniter->run()
 8 SYSTEMPATH\Commands\Server\rewrite.php(47): require_once('D:\\Kerja\\Cataloguing Tool\\Backend-Catalouging\\public\\index.php')
CRITICAL - 2023-12-14 03:55:16 --> syntax error, unexpected variable "$inc"
in APPPATH\Controllers\MaterialController.php on line 164.
 1 SYSTEMPATH\Autoloader\Autoloader.php(285): CodeIgniter\Autoloader\Autoloader->includeFile()
 2 SYSTEMPATH\Autoloader\Autoloader.php(263): CodeIgniter\Autoloader\Autoloader->loadInNamespace()
 3 [internal function]: CodeIgniter\Autoloader\Autoloader->loadClass()
 4 SYSTEMPATH\CodeIgniter.php(877): class_exists()
 5 SYSTEMPATH\CodeIgniter.php(481): CodeIgniter\CodeIgniter->startController()
 6 SYSTEMPATH\CodeIgniter.php(353): CodeIgniter\CodeIgniter->handleRequest()
 7 FCPATH\index.php(87): CodeIgniter\CodeIgniter->run()
 8 SYSTEMPATH\Commands\Server\rewrite.php(47): require_once('D:\\Kerja\\Cataloguing Tool\\Backend-Catalouging\\public\\index.php')
CRITICAL - 2023-12-14 03:55:19 --> syntax error, unexpected variable "$inc"
in APPPATH\Controllers\MaterialController.php on line 164.
 1 SYSTEMPATH\Autoloader\Autoloader.php(285): CodeIgniter\Autoloader\Autoloader->includeFile()
 2 SYSTEMPATH\Autoloader\Autoloader.php(263): CodeIgniter\Autoloader\Autoloader->loadInNamespace()
 3 [internal function]: CodeIgniter\Autoloader\Autoloader->loadClass()
 4 SYSTEMPATH\CodeIgniter.php(877): class_exists()
 5 SYSTEMPATH\CodeIgniter.php(481): CodeIgniter\CodeIgniter->startController()
 6 SYSTEMPATH\CodeIgniter.php(353): CodeIgniter\CodeIgniter->handleRequest()
 7 FCPATH\index.php(87): CodeIgniter\CodeIgniter->run()
 8 SYSTEMPATH\Commands\Server\rewrite.php(47): require_once('D:\\Kerja\\Cataloguing Tool\\Backend-Catalouging\\public\\index.php')
