CRITICAL - 2023-12-20 02:56:59 --> Undefined property: stdClass::$status
in APPPATH\Controllers\MaterialController.php on line 324.
 1 APPPATH\Controllers\MaterialController.php(324): CodeIgniter\Debug\Exceptions->errorHandler()
 2 SYSTEMPATH\CodeIgniter.php(919): App\Controllers\MaterialController->updateStatusByIDs()
 3 SYSTEMPATH\CodeIgniter.php(494): CodeIgniter\CodeIgniter->runController()
 4 SYSTEMPATH\CodeIgniter.php(353): CodeIgniter\CodeIgniter->handleRequest()
 5 FCPATH\index.php(87): CodeIgniter\CodeIgniter->run()
 6 SYSTEMPATH\Commands\Server\rewrite.php(47): require_once('D:\\Kerja\\Cataloguing Tool\\Backend-Catalouging\\public\\index.php')
ERROR - 2023-12-20 07:03:22 --> mysqli_sql_exception: Duplicate entry 'J1284' for key 'm_inc.INC' in D:\Kerja\Cataloguing Tool\Backend-Catalouging\system\Database\MySQLi\Connection.php:306
Stack trace:
#0 D:\Kerja\Cataloguing Tool\Backend-Catalouging\system\Database\MySQLi\Connection.php(306): mysqli->query()
#1 D:\Kerja\Cataloguing Tool\Backend-Catalouging\system\Database\BaseConnection.php(692): CodeIgniter\Database\MySQLi\Connection->execute()
#2 D:\Kerja\Cataloguing Tool\Backend-Catalouging\system\Database\BaseConnection.php(606): CodeIgniter\Database\BaseConnection->simpleQuery()
#3 D:\Kerja\Cataloguing Tool\Backend-Catalouging\system\Database\BaseBuilder.php(1800): CodeIgniter\Database\BaseConnection->query()
#4 D:\Kerja\Cataloguing Tool\Backend-Catalouging\system\Database\BaseBuilder.php(2191): CodeIgniter\Database\BaseBuilder->batchExecute()
#5 D:\Kerja\Cataloguing Tool\Backend-Catalouging\system\Model.php(353): CodeIgniter\Database\BaseBuilder->insertBatch()
#6 D:\Kerja\Cataloguing Tool\Backend-Catalouging\system\BaseModel.php(880): CodeIgniter\Model->doInsertBatch()
#7 D:\Kerja\Cataloguing Tool\Backend-Catalouging\app\Controllers\IncController.php(122): CodeIgniter\BaseModel->insertBatch()
#8 D:\Kerja\Cataloguing Tool\Backend-Catalouging\system\CodeIgniter.php(919): App\Controllers\IncController->bulkInsertFromExcel()
#9 D:\Kerja\Cataloguing Tool\Backend-Catalouging\system\CodeIgniter.php(494): CodeIgniter\CodeIgniter->runController()
#10 D:\Kerja\Cataloguing Tool\Backend-Catalouging\system\CodeIgniter.php(353): CodeIgniter\CodeIgniter->handleRequest()
#11 D:\Kerja\Cataloguing Tool\Backend-Catalouging\public\index.php(87): CodeIgniter\CodeIgniter->run()
#12 D:\Kerja\Cataloguing Tool\Backend-Catalouging\system\Commands\Server\rewrite.php(47): require_once('...')
#13 {main}
CRITICAL - 2023-12-20 07:03:22 --> Duplicate entry 'J1284' for key 'm_inc.INC'
in SYSTEMPATH\Database\BaseConnection.php on line 646.
 1 SYSTEMPATH\Database\BaseBuilder.php(1800): CodeIgniter\Database\BaseConnection->query()
 2 SYSTEMPATH\Database\BaseBuilder.php(2191): CodeIgniter\Database\BaseBuilder->batchExecute()
 3 SYSTEMPATH\Model.php(353): CodeIgniter\Database\BaseBuilder->insertBatch()
 4 SYSTEMPATH\BaseModel.php(880): CodeIgniter\Model->doInsertBatch()
 5 APPPATH\Controllers\IncController.php(122): CodeIgniter\BaseModel->insertBatch()
 6 SYSTEMPATH\CodeIgniter.php(919): App\Controllers\IncController->bulkInsertFromExcel()
 7 SYSTEMPATH\CodeIgniter.php(494): CodeIgniter\CodeIgniter->runController()
 8 SYSTEMPATH\CodeIgniter.php(353): CodeIgniter\CodeIgniter->handleRequest()
 9 FCPATH\index.php(87): CodeIgniter\CodeIgniter->run()
10 SYSTEMPATH\Commands\Server\rewrite.php(47): require_once('D:\\Kerja\\Cataloguing Tool\\Backend-Catalouging\\public\\index.php')
ERROR - 2023-12-20 07:05:16 --> mysqli_sql_exception: Duplicate entry 'J1284' for key 'm_inc.INC' in D:\Kerja\Cataloguing Tool\Backend-Catalouging\system\Database\MySQLi\Connection.php:306
Stack trace:
#0 D:\Kerja\Cataloguing Tool\Backend-Catalouging\system\Database\MySQLi\Connection.php(306): mysqli->query()
#1 D:\Kerja\Cataloguing Tool\Backend-Catalouging\system\Database\BaseConnection.php(692): CodeIgniter\Database\MySQLi\Connection->execute()
#2 D:\Kerja\Cataloguing Tool\Backend-Catalouging\system\Database\BaseConnection.php(606): CodeIgniter\Database\BaseConnection->simpleQuery()
#3 D:\Kerja\Cataloguing Tool\Backend-Catalouging\system\Database\BaseBuilder.php(1800): CodeIgniter\Database\BaseConnection->query()
#4 D:\Kerja\Cataloguing Tool\Backend-Catalouging\system\Database\BaseBuilder.php(2191): CodeIgniter\Database\BaseBuilder->batchExecute()
#5 D:\Kerja\Cataloguing Tool\Backend-Catalouging\system\Model.php(353): CodeIgniter\Database\BaseBuilder->insertBatch()
#6 D:\Kerja\Cataloguing Tool\Backend-Catalouging\system\BaseModel.php(880): CodeIgniter\Model->doInsertBatch()
#7 D:\Kerja\Cataloguing Tool\Backend-Catalouging\app\Controllers\IncController.php(122): CodeIgniter\BaseModel->insertBatch()
#8 D:\Kerja\Cataloguing Tool\Backend-Catalouging\system\CodeIgniter.php(919): App\Controllers\IncController->bulkInsertFromExcel()
#9 D:\Kerja\Cataloguing Tool\Backend-Catalouging\system\CodeIgniter.php(494): CodeIgniter\CodeIgniter->runController()
#10 D:\Kerja\Cataloguing Tool\Backend-Catalouging\system\CodeIgniter.php(353): CodeIgniter\CodeIgniter->handleRequest()
#11 D:\Kerja\Cataloguing Tool\Backend-Catalouging\public\index.php(87): CodeIgniter\CodeIgniter->run()
#12 D:\Kerja\Cataloguing Tool\Backend-Catalouging\system\Commands\Server\rewrite.php(47): require_once('...')
#13 {main}
CRITICAL - 2023-12-20 07:05:16 --> Duplicate entry 'J1284' for key 'm_inc.INC'
in SYSTEMPATH\Database\BaseConnection.php on line 646.
 1 SYSTEMPATH\Database\BaseBuilder.php(1800): CodeIgniter\Database\BaseConnection->query()
 2 SYSTEMPATH\Database\BaseBuilder.php(2191): CodeIgniter\Database\BaseBuilder->batchExecute()
 3 SYSTEMPATH\Model.php(353): CodeIgniter\Database\BaseBuilder->insertBatch()
 4 SYSTEMPATH\BaseModel.php(880): CodeIgniter\Model->doInsertBatch()
 5 APPPATH\Controllers\IncController.php(122): CodeIgniter\BaseModel->insertBatch()
 6 SYSTEMPATH\CodeIgniter.php(919): App\Controllers\IncController->bulkInsertFromExcel()
 7 SYSTEMPATH\CodeIgniter.php(494): CodeIgniter\CodeIgniter->runController()
 8 SYSTEMPATH\CodeIgniter.php(353): CodeIgniter\CodeIgniter->handleRequest()
 9 FCPATH\index.php(87): CodeIgniter\CodeIgniter->run()
10 SYSTEMPATH\Commands\Server\rewrite.php(47): require_once('D:\\Kerja\\Cataloguing Tool\\Backend-Catalouging\\public\\index.php')
ERROR - 2023-12-20 07:07:21 --> mysqli_sql_exception: Duplicate entry 'J1284' for key 'm_inc.INC' in D:\Kerja\Cataloguing Tool\Backend-Catalouging\system\Database\MySQLi\Connection.php:306
Stack trace:
#0 D:\Kerja\Cataloguing Tool\Backend-Catalouging\system\Database\MySQLi\Connection.php(306): mysqli->query()
#1 D:\Kerja\Cataloguing Tool\Backend-Catalouging\system\Database\BaseConnection.php(692): CodeIgniter\Database\MySQLi\Connection->execute()
#2 D:\Kerja\Cataloguing Tool\Backend-Catalouging\system\Database\BaseConnection.php(606): CodeIgniter\Database\BaseConnection->simpleQuery()
#3 D:\Kerja\Cataloguing Tool\Backend-Catalouging\system\Database\BaseBuilder.php(1800): CodeIgniter\Database\BaseConnection->query()
#4 D:\Kerja\Cataloguing Tool\Backend-Catalouging\system\Database\BaseBuilder.php(2191): CodeIgniter\Database\BaseBuilder->batchExecute()
#5 D:\Kerja\Cataloguing Tool\Backend-Catalouging\system\Model.php(353): CodeIgniter\Database\BaseBuilder->insertBatch()
#6 D:\Kerja\Cataloguing Tool\Backend-Catalouging\system\BaseModel.php(880): CodeIgniter\Model->doInsertBatch()
#7 D:\Kerja\Cataloguing Tool\Backend-Catalouging\app\Controllers\IncController.php(122): CodeIgniter\BaseModel->insertBatch()
#8 D:\Kerja\Cataloguing Tool\Backend-Catalouging\system\CodeIgniter.php(919): App\Controllers\IncController->bulkInsertFromExcel()
#9 D:\Kerja\Cataloguing Tool\Backend-Catalouging\system\CodeIgniter.php(494): CodeIgniter\CodeIgniter->runController()
#10 D:\Kerja\Cataloguing Tool\Backend-Catalouging\system\CodeIgniter.php(353): CodeIgniter\CodeIgniter->handleRequest()
#11 D:\Kerja\Cataloguing Tool\Backend-Catalouging\public\index.php(87): CodeIgniter\CodeIgniter->run()
#12 D:\Kerja\Cataloguing Tool\Backend-Catalouging\system\Commands\Server\rewrite.php(47): require_once('...')
#13 {main}
CRITICAL - 2023-12-20 07:07:21 --> Duplicate entry 'J1284' for key 'm_inc.INC'
in SYSTEMPATH\Database\BaseConnection.php on line 646.
 1 SYSTEMPATH\Database\BaseBuilder.php(1800): CodeIgniter\Database\BaseConnection->query()
 2 SYSTEMPATH\Database\BaseBuilder.php(2191): CodeIgniter\Database\BaseBuilder->batchExecute()
 3 SYSTEMPATH\Model.php(353): CodeIgniter\Database\BaseBuilder->insertBatch()
 4 SYSTEMPATH\BaseModel.php(880): CodeIgniter\Model->doInsertBatch()
 5 APPPATH\Controllers\IncController.php(122): CodeIgniter\BaseModel->insertBatch()
 6 SYSTEMPATH\CodeIgniter.php(919): App\Controllers\IncController->bulkInsertFromExcel()
 7 SYSTEMPATH\CodeIgniter.php(494): CodeIgniter\CodeIgniter->runController()
 8 SYSTEMPATH\CodeIgniter.php(353): CodeIgniter\CodeIgniter->handleRequest()
 9 FCPATH\index.php(87): CodeIgniter\CodeIgniter->run()
10 SYSTEMPATH\Commands\Server\rewrite.php(47): require_once('D:\\Kerja\\Cataloguing Tool\\Backend-Catalouging\\public\\index.php')
CRITICAL - 2023-12-20 07:28:02 --> Undefined property: stdClass::$inc
in APPPATH\Controllers\MaterialController.php on line 275.
 1 APPPATH\Controllers\MaterialController.php(275): CodeIgniter\Debug\Exceptions->errorHandler()
 2 SYSTEMPATH\CodeIgniter.php(919): App\Controllers\MaterialController->updateINCByIDs()
 3 SYSTEMPATH\CodeIgniter.php(494): CodeIgniter\CodeIgniter->runController()
 4 SYSTEMPATH\CodeIgniter.php(353): CodeIgniter\CodeIgniter->handleRequest()
 5 FCPATH\index.php(87): CodeIgniter\CodeIgniter->run()
 6 SYSTEMPATH\Commands\Server\rewrite.php(47): require_once('D:\\Kerja\\Cataloguing Tool\\Backend-Catalouging\\public\\index.php')
CRITICAL - 2023-12-20 07:28:15 --> Undefined property: stdClass::$inc
in APPPATH\Controllers\MaterialController.php on line 275.
 1 APPPATH\Controllers\MaterialController.php(275): CodeIgniter\Debug\Exceptions->errorHandler()
 2 SYSTEMPATH\CodeIgniter.php(919): App\Controllers\MaterialController->updateINCByIDs()
 3 SYSTEMPATH\CodeIgniter.php(494): CodeIgniter\CodeIgniter->runController()
 4 SYSTEMPATH\CodeIgniter.php(353): CodeIgniter\CodeIgniter->handleRequest()
 5 FCPATH\index.php(87): CodeIgniter\CodeIgniter->run()
 6 SYSTEMPATH\Commands\Server\rewrite.php(47): require_once('D:\\Kerja\\Cataloguing Tool\\Backend-Catalouging\\public\\index.php')
CRITICAL - 2023-12-20 07:28:56 --> Undefined property: stdClass::$inc
in APPPATH\Controllers\MaterialController.php on line 275.
 1 APPPATH\Controllers\MaterialController.php(275): CodeIgniter\Debug\Exceptions->errorHandler()
 2 SYSTEMPATH\CodeIgniter.php(919): App\Controllers\MaterialController->updateINCByIDs()
 3 SYSTEMPATH\CodeIgniter.php(494): CodeIgniter\CodeIgniter->runController()
 4 SYSTEMPATH\CodeIgniter.php(353): CodeIgniter\CodeIgniter->handleRequest()
 5 FCPATH\index.php(87): CodeIgniter\CodeIgniter->run()
 6 SYSTEMPATH\Commands\Server\rewrite.php(47): require_once('D:\\Kerja\\Cataloguing Tool\\Backend-Catalouging\\public\\index.php')
CRITICAL - 2023-12-20 07:30:23 --> Undefined property: stdClass::$inc
in APPPATH\Controllers\MaterialController.php on line 275.
 1 APPPATH\Controllers\MaterialController.php(275): CodeIgniter\Debug\Exceptions->errorHandler()
 2 SYSTEMPATH\CodeIgniter.php(919): App\Controllers\MaterialController->updateINCByIDs()
 3 SYSTEMPATH\CodeIgniter.php(494): CodeIgniter\CodeIgniter->runController()
 4 SYSTEMPATH\CodeIgniter.php(353): CodeIgniter\CodeIgniter->handleRequest()
 5 FCPATH\index.php(87): CodeIgniter\CodeIgniter->run()
 6 SYSTEMPATH\Commands\Server\rewrite.php(47): require_once('D:\\Kerja\\Cataloguing Tool\\Backend-Catalouging\\public\\index.php')
CRITICAL - 2023-12-20 08:04:47 --> Undefined property: stdClass::$inc
in APPPATH\Controllers\MaterialController.php on line 275.
 1 APPPATH\Controllers\MaterialController.php(275): CodeIgniter\Debug\Exceptions->errorHandler()
 2 SYSTEMPATH\CodeIgniter.php(919): App\Controllers\MaterialController->updateINCByIDs()
 3 SYSTEMPATH\CodeIgniter.php(494): CodeIgniter\CodeIgniter->runController()
 4 SYSTEMPATH\CodeIgniter.php(353): CodeIgniter\CodeIgniter->handleRequest()
 5 FCPATH\index.php(87): CodeIgniter\CodeIgniter->run()
 6 SYSTEMPATH\Commands\Server\rewrite.php(47): require_once('D:\\Kerja\\Cataloguing Tool\\Backend-Catalouging\\public\\index.php')
CRITICAL - 2023-12-20 08:07:56 --> Undefined property: stdClass::$inc
in APPPATH\Controllers\MaterialController.php on line 275.
 1 APPPATH\Controllers\MaterialController.php(275): CodeIgniter\Debug\Exceptions->errorHandler()
 2 SYSTEMPATH\CodeIgniter.php(919): App\Controllers\MaterialController->updateINCByIDs()
 3 SYSTEMPATH\CodeIgniter.php(494): CodeIgniter\CodeIgniter->runController()
 4 SYSTEMPATH\CodeIgniter.php(353): CodeIgniter\CodeIgniter->handleRequest()
 5 FCPATH\index.php(87): CodeIgniter\CodeIgniter->run()
 6 SYSTEMPATH\Commands\Server\rewrite.php(47): require_once('D:\\Kerja\\Cataloguing Tool\\Backend-Catalouging\\public\\index.php')
CRITICAL - 2023-12-20 08:31:33 --> Undefined property: stdClass::$inc
in APPPATH\Controllers\MaterialController.php on line 275.
 1 APPPATH\Controllers\MaterialController.php(275): CodeIgniter\Debug\Exceptions->errorHandler()
 2 SYSTEMPATH\CodeIgniter.php(919): App\Controllers\MaterialController->updateINCByIDs()
 3 SYSTEMPATH\CodeIgniter.php(494): CodeIgniter\CodeIgniter->runController()
 4 SYSTEMPATH\CodeIgniter.php(353): CodeIgniter\CodeIgniter->handleRequest()
 5 FCPATH\index.php(87): CodeIgniter\CodeIgniter->run()
 6 SYSTEMPATH\Commands\Server\rewrite.php(47): require_once('D:\\Kerja\\Cataloguing Tool\\Backend-Catalouging\\public\\index.php')
CRITICAL - 2023-12-20 09:33:15 --> Undefined property: stdClass::$inc
in APPPATH\Controllers\MaterialController.php on line 275.
 1 APPPATH\Controllers\MaterialController.php(275): CodeIgniter\Debug\Exceptions->errorHandler()
 2 SYSTEMPATH\CodeIgniter.php(919): App\Controllers\MaterialController->updateINCByIDs()
 3 SYSTEMPATH\CodeIgniter.php(494): CodeIgniter\CodeIgniter->runController()
 4 SYSTEMPATH\CodeIgniter.php(353): CodeIgniter\CodeIgniter->handleRequest()
 5 FCPATH\index.php(87): CodeIgniter\CodeIgniter->run()
 6 SYSTEMPATH\Commands\Server\rewrite.php(47): require_once('D:\\Kerja\\Cataloguing Tool\\Backend-Catalouging\\public\\index.php')
CRITICAL - 2023-12-20 09:34:09 --> Undefined property: stdClass::$inc
in APPPATH\Controllers\MaterialController.php on line 275.
 1 APPPATH\Controllers\MaterialController.php(275): CodeIgniter\Debug\Exceptions->errorHandler()
 2 SYSTEMPATH\CodeIgniter.php(919): App\Controllers\MaterialController->updateINCByIDs()
 3 SYSTEMPATH\CodeIgniter.php(494): CodeIgniter\CodeIgniter->runController()
 4 SYSTEMPATH\CodeIgniter.php(353): CodeIgniter\CodeIgniter->handleRequest()
 5 FCPATH\index.php(87): CodeIgniter\CodeIgniter->run()
 6 SYSTEMPATH\Commands\Server\rewrite.php(47): require_once('D:\\Kerja\\Cataloguing Tool\\Backend-Catalouging\\public\\index.php')
CRITICAL - 2023-12-20 09:34:58 --> Undefined property: stdClass::$inc
in APPPATH\Controllers\MaterialController.php on line 275.
 1 APPPATH\Controllers\MaterialController.php(275): CodeIgniter\Debug\Exceptions->errorHandler()
 2 SYSTEMPATH\CodeIgniter.php(919): App\Controllers\MaterialController->updateINCByIDs()
 3 SYSTEMPATH\CodeIgniter.php(494): CodeIgniter\CodeIgniter->runController()
 4 SYSTEMPATH\CodeIgniter.php(353): CodeIgniter\CodeIgniter->handleRequest()
 5 FCPATH\index.php(87): CodeIgniter\CodeIgniter->run()
 6 SYSTEMPATH\Commands\Server\rewrite.php(47): require_once('D:\\Kerja\\Cataloguing Tool\\Backend-Catalouging\\public\\index.php')
CRITICAL - 2023-12-20 11:17:39 --> Undefined property: stdClass::$inc
in APPPATH\Controllers\MaterialController.php on line 267.
 1 APPPATH\Controllers\MaterialController.php(267): CodeIgniter\Debug\Exceptions->errorHandler()
 2 SYSTEMPATH\CodeIgniter.php(919): App\Controllers\MaterialController->updateINCByIDs()
 3 SYSTEMPATH\CodeIgniter.php(494): CodeIgniter\CodeIgniter->runController()
 4 SYSTEMPATH\CodeIgniter.php(353): CodeIgniter\CodeIgniter->handleRequest()
 5 FCPATH\index.php(87): CodeIgniter\CodeIgniter->run()
 6 SYSTEMPATH\Commands\Server\rewrite.php(47): require_once('D:\\Kerja\\Cataloguing Tool\\Backend-Catalouging\\public\\index.php')
CRITICAL - 2023-12-20 11:31:41 --> Undefined property: stdClass::$inc
in APPPATH\Controllers\MaterialController.php on line 267.
 1 APPPATH\Controllers\MaterialController.php(267): CodeIgniter\Debug\Exceptions->errorHandler()
 2 SYSTEMPATH\CodeIgniter.php(919): App\Controllers\MaterialController->updateINCByIDs()
 3 SYSTEMPATH\CodeIgniter.php(494): CodeIgniter\CodeIgniter->runController()
 4 SYSTEMPATH\CodeIgniter.php(353): CodeIgniter\CodeIgniter->handleRequest()
 5 FCPATH\index.php(87): CodeIgniter\CodeIgniter->run()
 6 SYSTEMPATH\Commands\Server\rewrite.php(47): require_once('D:\\Kerja\\Cataloguing Tool\\Backend-Catalouging\\public\\index.php')
CRITICAL - 2023-12-20 11:34:15 --> Undefined property: stdClass::$inc
in APPPATH\Controllers\MaterialController.php on line 267.
 1 APPPATH\Controllers\MaterialController.php(267): CodeIgniter\Debug\Exceptions->errorHandler()
 2 SYSTEMPATH\CodeIgniter.php(919): App\Controllers\MaterialController->updateINCByIDs()
 3 SYSTEMPATH\CodeIgniter.php(494): CodeIgniter\CodeIgniter->runController()
 4 SYSTEMPATH\CodeIgniter.php(353): CodeIgniter\CodeIgniter->handleRequest()
 5 FCPATH\index.php(87): CodeIgniter\CodeIgniter->run()
 6 SYSTEMPATH\Commands\Server\rewrite.php(47): require_once('D:\\Kerja\\Cataloguing Tool\\Backend-Catalouging\\public\\index.php')
