ERROR - 2023-12-08 02:02:33 --> Error connecting to the database: mysqli_sql_exception: No connection could be made because the target machine actively refused it in D:\Kerja\Cataloguing Tool\Backend-Catalouging\system\Database\MySQLi\Connection.php:184
Stack trace:
#0 D:\Kerja\Cataloguing Tool\Backend-Catalouging\system\Database\MySQLi\Connection.php(184): mysqli->real_connect()
#1 D:\Kerja\Cataloguing Tool\Backend-Catalouging\system\Database\BaseConnection.php(391): CodeIgniter\Database\MySQLi\Connection->connect()
#2 D:\Kerja\Cataloguing Tool\Backend-Catalouging\system\Database\BaseConnection.php(574): CodeIgniter\Database\BaseConnection->initialize()
#3 D:\Kerja\Cataloguing Tool\Backend-Catalouging\system\Database\BaseBuilder.php(1615): CodeIgniter\Database\BaseConnection->query()
#4 D:\Kerja\Cataloguing Tool\Backend-Catalouging\system\Model.php(264): CodeIgniter\Database\BaseBuilder->get()
#5 D:\Kerja\Cataloguing Tool\Backend-Catalouging\system\BaseModel.php(662): CodeIgniter\Model->doFirst()
#6 D:\Kerja\Cataloguing Tool\Backend-Catalouging\app\Controllers\AuthController.php(39): CodeIgniter\BaseModel->first()
#7 D:\Kerja\Cataloguing Tool\Backend-Catalouging\system\CodeIgniter.php(919): App\Controllers\AuthController->login()
#8 D:\Kerja\Cataloguing Tool\Backend-Catalouging\system\CodeIgniter.php(494): CodeIgniter\CodeIgniter->runController()
#9 D:\Kerja\Cataloguing Tool\Backend-Catalouging\system\CodeIgniter.php(353): CodeIgniter\CodeIgniter->handleRequest()
#10 D:\Kerja\Cataloguing Tool\Backend-Catalouging\public\index.php(87): CodeIgniter\CodeIgniter->run()
#11 D:\Kerja\Cataloguing Tool\Backend-Catalouging\system\Commands\Server\rewrite.php(47): require_once('...')
#12 {main}

Next CodeIgniter\Database\Exceptions\DatabaseException: No connection could be made because the target machine actively refused it in D:\Kerja\Cataloguing Tool\Backend-Catalouging\system\Database\MySQLi\Connection.php:229
Stack trace:
#0 D:\Kerja\Cataloguing Tool\Backend-Catalouging\system\Database\BaseConnection.php(391): CodeIgniter\Database\MySQLi\Connection->connect()
#1 D:\Kerja\Cataloguing Tool\Backend-Catalouging\system\Database\BaseConnection.php(574): CodeIgniter\Database\BaseConnection->initialize()
#2 D:\Kerja\Cataloguing Tool\Backend-Catalouging\system\Database\BaseBuilder.php(1615): CodeIgniter\Database\BaseConnection->query()
#3 D:\Kerja\Cataloguing Tool\Backend-Catalouging\system\Model.php(264): CodeIgniter\Database\BaseBuilder->get()
#4 D:\Kerja\Cataloguing Tool\Backend-Catalouging\system\BaseModel.php(662): CodeIgniter\Model->doFirst()
#5 D:\Kerja\Cataloguing Tool\Backend-Catalouging\app\Controllers\AuthController.php(39): CodeIgniter\BaseModel->first()
#6 D:\Kerja\Cataloguing Tool\Backend-Catalouging\system\CodeIgniter.php(919): App\Controllers\AuthController->login()
#7 D:\Kerja\Cataloguing Tool\Backend-Catalouging\system\CodeIgniter.php(494): CodeIgniter\CodeIgniter->runController()
#8 D:\Kerja\Cataloguing Tool\Backend-Catalouging\system\CodeIgniter.php(353): CodeIgniter\CodeIgniter->handleRequest()
#9 D:\Kerja\Cataloguing Tool\Backend-Catalouging\public\index.php(87): CodeIgniter\CodeIgniter->run()
#10 D:\Kerja\Cataloguing Tool\Backend-Catalouging\system\Commands\Server\rewrite.php(47): require_once('...')
#11 {main}
CRITICAL - 2023-12-08 02:02:33 --> Unable to connect to the database.
Main connection [MySQLi]: No connection could be made because the target machine actively refused it
in SYSTEMPATH\Database\BaseConnection.php on line 427.
 1 SYSTEMPATH\Database\BaseConnection.php(574): CodeIgniter\Database\BaseConnection->initialize()
 2 SYSTEMPATH\Database\BaseBuilder.php(1615): CodeIgniter\Database\BaseConnection->query()
 3 SYSTEMPATH\Model.php(264): CodeIgniter\Database\BaseBuilder->get()
 4 SYSTEMPATH\BaseModel.php(662): CodeIgniter\Model->doFirst()
 5 APPPATH\Controllers\AuthController.php(39): CodeIgniter\BaseModel->first()
 6 SYSTEMPATH\CodeIgniter.php(919): App\Controllers\AuthController->login()
 7 SYSTEMPATH\CodeIgniter.php(494): CodeIgniter\CodeIgniter->runController()
 8 SYSTEMPATH\CodeIgniter.php(353): CodeIgniter\CodeIgniter->handleRequest()
 9 FCPATH\index.php(87): CodeIgniter\CodeIgniter->run()
10 SYSTEMPATH\Commands\Server\rewrite.php(47): require_once('D:\\Kerja\\Cataloguing Tool\\Backend-Catalouging\\public\\index.php')
ERROR - 2023-12-08 02:02:38 --> Error connecting to the database: mysqli_sql_exception: No connection could be made because the target machine actively refused it in D:\Kerja\Cataloguing Tool\Backend-Catalouging\system\Database\MySQLi\Connection.php:184
Stack trace:
#0 D:\Kerja\Cataloguing Tool\Backend-Catalouging\system\Database\MySQLi\Connection.php(184): mysqli->real_connect()
#1 D:\Kerja\Cataloguing Tool\Backend-Catalouging\system\Database\BaseConnection.php(391): CodeIgniter\Database\MySQLi\Connection->connect()
#2 D:\Kerja\Cataloguing Tool\Backend-Catalouging\system\Database\BaseConnection.php(574): CodeIgniter\Database\BaseConnection->initialize()
#3 D:\Kerja\Cataloguing Tool\Backend-Catalouging\system\Database\BaseBuilder.php(1615): CodeIgniter\Database\BaseConnection->query()
#4 D:\Kerja\Cataloguing Tool\Backend-Catalouging\system\Model.php(264): CodeIgniter\Database\BaseBuilder->get()
#5 D:\Kerja\Cataloguing Tool\Backend-Catalouging\system\BaseModel.php(662): CodeIgniter\Model->doFirst()
#6 D:\Kerja\Cataloguing Tool\Backend-Catalouging\app\Controllers\AuthController.php(39): CodeIgniter\BaseModel->first()
#7 D:\Kerja\Cataloguing Tool\Backend-Catalouging\system\CodeIgniter.php(919): App\Controllers\AuthController->login()
#8 D:\Kerja\Cataloguing Tool\Backend-Catalouging\system\CodeIgniter.php(494): CodeIgniter\CodeIgniter->runController()
#9 D:\Kerja\Cataloguing Tool\Backend-Catalouging\system\CodeIgniter.php(353): CodeIgniter\CodeIgniter->handleRequest()
#10 D:\Kerja\Cataloguing Tool\Backend-Catalouging\public\index.php(87): CodeIgniter\CodeIgniter->run()
#11 D:\Kerja\Cataloguing Tool\Backend-Catalouging\system\Commands\Server\rewrite.php(47): require_once('...')
#12 {main}

Next CodeIgniter\Database\Exceptions\DatabaseException: No connection could be made because the target machine actively refused it in D:\Kerja\Cataloguing Tool\Backend-Catalouging\system\Database\MySQLi\Connection.php:229
Stack trace:
#0 D:\Kerja\Cataloguing Tool\Backend-Catalouging\system\Database\BaseConnection.php(391): CodeIgniter\Database\MySQLi\Connection->connect()
#1 D:\Kerja\Cataloguing Tool\Backend-Catalouging\system\Database\BaseConnection.php(574): CodeIgniter\Database\BaseConnection->initialize()
#2 D:\Kerja\Cataloguing Tool\Backend-Catalouging\system\Database\BaseBuilder.php(1615): CodeIgniter\Database\BaseConnection->query()
#3 D:\Kerja\Cataloguing Tool\Backend-Catalouging\system\Model.php(264): CodeIgniter\Database\BaseBuilder->get()
#4 D:\Kerja\Cataloguing Tool\Backend-Catalouging\system\BaseModel.php(662): CodeIgniter\Model->doFirst()
#5 D:\Kerja\Cataloguing Tool\Backend-Catalouging\app\Controllers\AuthController.php(39): CodeIgniter\BaseModel->first()
#6 D:\Kerja\Cataloguing Tool\Backend-Catalouging\system\CodeIgniter.php(919): App\Controllers\AuthController->login()
#7 D:\Kerja\Cataloguing Tool\Backend-Catalouging\system\CodeIgniter.php(494): CodeIgniter\CodeIgniter->runController()
#8 D:\Kerja\Cataloguing Tool\Backend-Catalouging\system\CodeIgniter.php(353): CodeIgniter\CodeIgniter->handleRequest()
#9 D:\Kerja\Cataloguing Tool\Backend-Catalouging\public\index.php(87): CodeIgniter\CodeIgniter->run()
#10 D:\Kerja\Cataloguing Tool\Backend-Catalouging\system\Commands\Server\rewrite.php(47): require_once('...')
#11 {main}
CRITICAL - 2023-12-08 02:02:38 --> Unable to connect to the database.
Main connection [MySQLi]: No connection could be made because the target machine actively refused it
in SYSTEMPATH\Database\BaseConnection.php on line 427.
 1 SYSTEMPATH\Database\BaseConnection.php(574): CodeIgniter\Database\BaseConnection->initialize()
 2 SYSTEMPATH\Database\BaseBuilder.php(1615): CodeIgniter\Database\BaseConnection->query()
 3 SYSTEMPATH\Model.php(264): CodeIgniter\Database\BaseBuilder->get()
 4 SYSTEMPATH\BaseModel.php(662): CodeIgniter\Model->doFirst()
 5 APPPATH\Controllers\AuthController.php(39): CodeIgniter\BaseModel->first()
 6 SYSTEMPATH\CodeIgniter.php(919): App\Controllers\AuthController->login()
 7 SYSTEMPATH\CodeIgniter.php(494): CodeIgniter\CodeIgniter->runController()
 8 SYSTEMPATH\CodeIgniter.php(353): CodeIgniter\CodeIgniter->handleRequest()
 9 FCPATH\index.php(87): CodeIgniter\CodeIgniter->run()
10 SYSTEMPATH\Commands\Server\rewrite.php(47): require_once('D:\\Kerja\\Cataloguing Tool\\Backend-Catalouging\\public\\index.php')
ERROR - 2023-12-08 02:02:42 --> Error connecting to the database: mysqli_sql_exception: No connection could be made because the target machine actively refused it in D:\Kerja\Cataloguing Tool\Backend-Catalouging\system\Database\MySQLi\Connection.php:184
Stack trace:
#0 D:\Kerja\Cataloguing Tool\Backend-Catalouging\system\Database\MySQLi\Connection.php(184): mysqli->real_connect()
#1 D:\Kerja\Cataloguing Tool\Backend-Catalouging\system\Database\BaseConnection.php(391): CodeIgniter\Database\MySQLi\Connection->connect()
#2 D:\Kerja\Cataloguing Tool\Backend-Catalouging\system\Database\BaseConnection.php(574): CodeIgniter\Database\BaseConnection->initialize()
#3 D:\Kerja\Cataloguing Tool\Backend-Catalouging\system\Database\BaseBuilder.php(1615): CodeIgniter\Database\BaseConnection->query()
#4 D:\Kerja\Cataloguing Tool\Backend-Catalouging\system\Model.php(264): CodeIgniter\Database\BaseBuilder->get()
#5 D:\Kerja\Cataloguing Tool\Backend-Catalouging\system\BaseModel.php(662): CodeIgniter\Model->doFirst()
#6 D:\Kerja\Cataloguing Tool\Backend-Catalouging\app\Controllers\AuthController.php(39): CodeIgniter\BaseModel->first()
#7 D:\Kerja\Cataloguing Tool\Backend-Catalouging\system\CodeIgniter.php(919): App\Controllers\AuthController->login()
#8 D:\Kerja\Cataloguing Tool\Backend-Catalouging\system\CodeIgniter.php(494): CodeIgniter\CodeIgniter->runController()
#9 D:\Kerja\Cataloguing Tool\Backend-Catalouging\system\CodeIgniter.php(353): CodeIgniter\CodeIgniter->handleRequest()
#10 D:\Kerja\Cataloguing Tool\Backend-Catalouging\public\index.php(87): CodeIgniter\CodeIgniter->run()
#11 D:\Kerja\Cataloguing Tool\Backend-Catalouging\system\Commands\Server\rewrite.php(47): require_once('...')
#12 {main}

Next CodeIgniter\Database\Exceptions\DatabaseException: No connection could be made because the target machine actively refused it in D:\Kerja\Cataloguing Tool\Backend-Catalouging\system\Database\MySQLi\Connection.php:229
Stack trace:
#0 D:\Kerja\Cataloguing Tool\Backend-Catalouging\system\Database\BaseConnection.php(391): CodeIgniter\Database\MySQLi\Connection->connect()
#1 D:\Kerja\Cataloguing Tool\Backend-Catalouging\system\Database\BaseConnection.php(574): CodeIgniter\Database\BaseConnection->initialize()
#2 D:\Kerja\Cataloguing Tool\Backend-Catalouging\system\Database\BaseBuilder.php(1615): CodeIgniter\Database\BaseConnection->query()
#3 D:\Kerja\Cataloguing Tool\Backend-Catalouging\system\Model.php(264): CodeIgniter\Database\BaseBuilder->get()
#4 D:\Kerja\Cataloguing Tool\Backend-Catalouging\system\BaseModel.php(662): CodeIgniter\Model->doFirst()
#5 D:\Kerja\Cataloguing Tool\Backend-Catalouging\app\Controllers\AuthController.php(39): CodeIgniter\BaseModel->first()
#6 D:\Kerja\Cataloguing Tool\Backend-Catalouging\system\CodeIgniter.php(919): App\Controllers\AuthController->login()
#7 D:\Kerja\Cataloguing Tool\Backend-Catalouging\system\CodeIgniter.php(494): CodeIgniter\CodeIgniter->runController()
#8 D:\Kerja\Cataloguing Tool\Backend-Catalouging\system\CodeIgniter.php(353): CodeIgniter\CodeIgniter->handleRequest()
#9 D:\Kerja\Cataloguing Tool\Backend-Catalouging\public\index.php(87): CodeIgniter\CodeIgniter->run()
#10 D:\Kerja\Cataloguing Tool\Backend-Catalouging\system\Commands\Server\rewrite.php(47): require_once('...')
#11 {main}
CRITICAL - 2023-12-08 02:02:42 --> Unable to connect to the database.
Main connection [MySQLi]: No connection could be made because the target machine actively refused it
in SYSTEMPATH\Database\BaseConnection.php on line 427.
 1 SYSTEMPATH\Database\BaseConnection.php(574): CodeIgniter\Database\BaseConnection->initialize()
 2 SYSTEMPATH\Database\BaseBuilder.php(1615): CodeIgniter\Database\BaseConnection->query()
 3 SYSTEMPATH\Model.php(264): CodeIgniter\Database\BaseBuilder->get()
 4 SYSTEMPATH\BaseModel.php(662): CodeIgniter\Model->doFirst()
 5 APPPATH\Controllers\AuthController.php(39): CodeIgniter\BaseModel->first()
 6 SYSTEMPATH\CodeIgniter.php(919): App\Controllers\AuthController->login()
 7 SYSTEMPATH\CodeIgniter.php(494): CodeIgniter\CodeIgniter->runController()
 8 SYSTEMPATH\CodeIgniter.php(353): CodeIgniter\CodeIgniter->handleRequest()
 9 FCPATH\index.php(87): CodeIgniter\CodeIgniter->run()
10 SYSTEMPATH\Commands\Server\rewrite.php(47): require_once('D:\\Kerja\\Cataloguing Tool\\Backend-Catalouging\\public\\index.php')
CRITICAL - 2023-12-08 06:22:46 --> Cannot redeclare App\Controllers\GroupController::delete()
in APPPATH\Controllers\GroupController.php on line 215.
 1 [internal function]: CodeIgniter\Debug\Exceptions->shutdownHandler()
CRITICAL - 2023-12-08 06:26:52 --> Cannot redeclare App\Controllers\GroupController::delete()
in APPPATH\Controllers\GroupController.php on line 215.
 1 [internal function]: CodeIgniter\Debug\Exceptions->shutdownHandler()
CRITICAL - 2023-12-08 06:27:40 --> Cannot redeclare App\Controllers\GroupController::delete()
in APPPATH\Controllers\GroupController.php on line 215.
 1 [internal function]: CodeIgniter\Debug\Exceptions->shutdownHandler()
