ERROR - 2023-12-15 09:16:11 --> mysqli_sql_exception: Unknown column 'd_attribute.attribute_value' in 'field list' in D:\Kerja\Cataloguing Tool\Backend-Catalouging\system\Database\MySQLi\Connection.php:306
Stack trace:
#0 D:\Kerja\Cataloguing Tool\Backend-Catalouging\system\Database\MySQLi\Connection.php(306): mysqli->query()
#1 D:\Kerja\Cataloguing Tool\Backend-Catalouging\system\Database\BaseConnection.php(692): CodeIgniter\Database\MySQLi\Connection->execute()
#2 D:\Kerja\Cataloguing Tool\Backend-Catalouging\system\Database\BaseConnection.php(606): CodeIgniter\Database\BaseConnection->simpleQuery()
#3 D:\Kerja\Cataloguing Tool\Backend-Catalouging\system\Database\BaseBuilder.php(1615): CodeIgniter\Database\BaseConnection->query()
#4 D:\Kerja\Cataloguing Tool\Backend-Catalouging\system\Model.php(237): CodeIgniter\Database\BaseBuilder->get()
#5 D:\Kerja\Cataloguing Tool\Backend-Catalouging\system\BaseModel.php(624): CodeIgniter\Model->doFindAll()
#6 D:\Kerja\Cataloguing Tool\Backend-Catalouging\app\Models\Attribute.php(21): CodeIgniter\BaseModel->findAll()
#7 D:\Kerja\Cataloguing Tool\Backend-Catalouging\app\Controllers\AttributeController.php(26): App\Models\Attribute->getAllAttributeData()
#8 D:\Kerja\Cataloguing Tool\Backend-Catalouging\system\CodeIgniter.php(919): App\Controllers\AttributeController->index()
#9 D:\Kerja\Cataloguing Tool\Backend-Catalouging\system\CodeIgniter.php(494): CodeIgniter\CodeIgniter->runController()
#10 D:\Kerja\Cataloguing Tool\Backend-Catalouging\system\CodeIgniter.php(353): CodeIgniter\CodeIgniter->handleRequest()
#11 D:\Kerja\Cataloguing Tool\Backend-Catalouging\public\index.php(87): CodeIgniter\CodeIgniter->run()
#12 D:\Kerja\Cataloguing Tool\Backend-Catalouging\system\Commands\Server\rewrite.php(47): require_once('...')
#13 {main}
CRITICAL - 2023-12-15 09:16:11 --> Unknown column 'd_attribute.attribute_value' in 'field list'
in SYSTEMPATH\Database\BaseConnection.php on line 646.
 1 SYSTEMPATH\Database\BaseBuilder.php(1615): CodeIgniter\Database\BaseConnection->query()
 2 SYSTEMPATH\Model.php(237): CodeIgniter\Database\BaseBuilder->get()
 3 SYSTEMPATH\BaseModel.php(624): CodeIgniter\Model->doFindAll()
 4 APPPATH\Models\Attribute.php(21): CodeIgniter\BaseModel->findAll()
 5 APPPATH\Controllers\AttributeController.php(26): App\Models\Attribute->getAllAttributeData()
 6 SYSTEMPATH\CodeIgniter.php(919): App\Controllers\AttributeController->index()
 7 SYSTEMPATH\CodeIgniter.php(494): CodeIgniter\CodeIgniter->runController()
 8 SYSTEMPATH\CodeIgniter.php(353): CodeIgniter\CodeIgniter->handleRequest()
 9 FCPATH\index.php(87): CodeIgniter\CodeIgniter->run()
10 SYSTEMPATH\Commands\Server\rewrite.php(47): require_once('D:\\Kerja\\Cataloguing Tool\\Backend-Catalouging\\public\\index.php')
ERROR - 2023-12-15 09:16:12 --> mysqli_sql_exception: Unknown column 'd_attribute.attribute_value' in 'field list' in D:\Kerja\Cataloguing Tool\Backend-Catalouging\system\Database\MySQLi\Connection.php:306
Stack trace:
#0 D:\Kerja\Cataloguing Tool\Backend-Catalouging\system\Database\MySQLi\Connection.php(306): mysqli->query()
#1 D:\Kerja\Cataloguing Tool\Backend-Catalouging\system\Database\BaseConnection.php(692): CodeIgniter\Database\MySQLi\Connection->execute()
#2 D:\Kerja\Cataloguing Tool\Backend-Catalouging\system\Database\BaseConnection.php(606): CodeIgniter\Database\BaseConnection->simpleQuery()
#3 D:\Kerja\Cataloguing Tool\Backend-Catalouging\system\Database\BaseBuilder.php(1615): CodeIgniter\Database\BaseConnection->query()
#4 D:\Kerja\Cataloguing Tool\Backend-Catalouging\system\Model.php(237): CodeIgniter\Database\BaseBuilder->get()
#5 D:\Kerja\Cataloguing Tool\Backend-Catalouging\system\BaseModel.php(624): CodeIgniter\Model->doFindAll()
#6 D:\Kerja\Cataloguing Tool\Backend-Catalouging\app\Models\Attribute.php(21): CodeIgniter\BaseModel->findAll()
#7 D:\Kerja\Cataloguing Tool\Backend-Catalouging\app\Controllers\AttributeController.php(26): App\Models\Attribute->getAllAttributeData()
#8 D:\Kerja\Cataloguing Tool\Backend-Catalouging\system\CodeIgniter.php(919): App\Controllers\AttributeController->index()
#9 D:\Kerja\Cataloguing Tool\Backend-Catalouging\system\CodeIgniter.php(494): CodeIgniter\CodeIgniter->runController()
#10 D:\Kerja\Cataloguing Tool\Backend-Catalouging\system\CodeIgniter.php(353): CodeIgniter\CodeIgniter->handleRequest()
#11 D:\Kerja\Cataloguing Tool\Backend-Catalouging\public\index.php(87): CodeIgniter\CodeIgniter->run()
#12 D:\Kerja\Cataloguing Tool\Backend-Catalouging\system\Commands\Server\rewrite.php(47): require_once('...')
#13 {main}
CRITICAL - 2023-12-15 09:16:12 --> Unknown column 'd_attribute.attribute_value' in 'field list'
in SYSTEMPATH\Database\BaseConnection.php on line 646.
 1 SYSTEMPATH\Database\BaseBuilder.php(1615): CodeIgniter\Database\BaseConnection->query()
 2 SYSTEMPATH\Model.php(237): CodeIgniter\Database\BaseBuilder->get()
 3 SYSTEMPATH\BaseModel.php(624): CodeIgniter\Model->doFindAll()
 4 APPPATH\Models\Attribute.php(21): CodeIgniter\BaseModel->findAll()
 5 APPPATH\Controllers\AttributeController.php(26): App\Models\Attribute->getAllAttributeData()
 6 SYSTEMPATH\CodeIgniter.php(919): App\Controllers\AttributeController->index()
 7 SYSTEMPATH\CodeIgniter.php(494): CodeIgniter\CodeIgniter->runController()
 8 SYSTEMPATH\CodeIgniter.php(353): CodeIgniter\CodeIgniter->handleRequest()
 9 FCPATH\index.php(87): CodeIgniter\CodeIgniter->run()
10 SYSTEMPATH\Commands\Server\rewrite.php(47): require_once('D:\\Kerja\\Cataloguing Tool\\Backend-Catalouging\\public\\index.php')
ERROR - 2023-12-15 09:17:15 --> mysqli_sql_exception: Unknown column 'd_attribute.attribute_value' in 'field list' in D:\Kerja\Cataloguing Tool\Backend-Catalouging\system\Database\MySQLi\Connection.php:306
Stack trace:
#0 D:\Kerja\Cataloguing Tool\Backend-Catalouging\system\Database\MySQLi\Connection.php(306): mysqli->query()
#1 D:\Kerja\Cataloguing Tool\Backend-Catalouging\system\Database\BaseConnection.php(692): CodeIgniter\Database\MySQLi\Connection->execute()
#2 D:\Kerja\Cataloguing Tool\Backend-Catalouging\system\Database\BaseConnection.php(606): CodeIgniter\Database\BaseConnection->simpleQuery()
#3 D:\Kerja\Cataloguing Tool\Backend-Catalouging\system\Database\BaseBuilder.php(1615): CodeIgniter\Database\BaseConnection->query()
#4 D:\Kerja\Cataloguing Tool\Backend-Catalouging\system\Model.php(237): CodeIgniter\Database\BaseBuilder->get()
#5 D:\Kerja\Cataloguing Tool\Backend-Catalouging\system\BaseModel.php(624): CodeIgniter\Model->doFindAll()
#6 D:\Kerja\Cataloguing Tool\Backend-Catalouging\app\Models\Attribute.php(21): CodeIgniter\BaseModel->findAll()
#7 D:\Kerja\Cataloguing Tool\Backend-Catalouging\app\Controllers\AttributeController.php(26): App\Models\Attribute->getAllAttributeData()
#8 D:\Kerja\Cataloguing Tool\Backend-Catalouging\system\CodeIgniter.php(919): App\Controllers\AttributeController->index()
#9 D:\Kerja\Cataloguing Tool\Backend-Catalouging\system\CodeIgniter.php(494): CodeIgniter\CodeIgniter->runController()
#10 D:\Kerja\Cataloguing Tool\Backend-Catalouging\system\CodeIgniter.php(353): CodeIgniter\CodeIgniter->handleRequest()
#11 D:\Kerja\Cataloguing Tool\Backend-Catalouging\public\index.php(87): CodeIgniter\CodeIgniter->run()
#12 D:\Kerja\Cataloguing Tool\Backend-Catalouging\system\Commands\Server\rewrite.php(47): require_once('...')
#13 {main}
CRITICAL - 2023-12-15 09:17:15 --> Unknown column 'd_attribute.attribute_value' in 'field list'
in SYSTEMPATH\Database\BaseConnection.php on line 646.
 1 SYSTEMPATH\Database\BaseBuilder.php(1615): CodeIgniter\Database\BaseConnection->query()
 2 SYSTEMPATH\Model.php(237): CodeIgniter\Database\BaseBuilder->get()
 3 SYSTEMPATH\BaseModel.php(624): CodeIgniter\Model->doFindAll()
 4 APPPATH\Models\Attribute.php(21): CodeIgniter\BaseModel->findAll()
 5 APPPATH\Controllers\AttributeController.php(26): App\Models\Attribute->getAllAttributeData()
 6 SYSTEMPATH\CodeIgniter.php(919): App\Controllers\AttributeController->index()
 7 SYSTEMPATH\CodeIgniter.php(494): CodeIgniter\CodeIgniter->runController()
 8 SYSTEMPATH\CodeIgniter.php(353): CodeIgniter\CodeIgniter->handleRequest()
 9 FCPATH\index.php(87): CodeIgniter\CodeIgniter->run()
10 SYSTEMPATH\Commands\Server\rewrite.php(47): require_once('D:\\Kerja\\Cataloguing Tool\\Backend-Catalouging\\public\\index.php')
ERROR - 2023-12-15 09:20:15 --> mysqli_sql_exception: Unknown column 'd_attribute.attribute_value' in 'field list' in D:\Kerja\Cataloguing Tool\Backend-Catalouging\system\Database\MySQLi\Connection.php:306
Stack trace:
#0 D:\Kerja\Cataloguing Tool\Backend-Catalouging\system\Database\MySQLi\Connection.php(306): mysqli->query()
#1 D:\Kerja\Cataloguing Tool\Backend-Catalouging\system\Database\BaseConnection.php(692): CodeIgniter\Database\MySQLi\Connection->execute()
#2 D:\Kerja\Cataloguing Tool\Backend-Catalouging\system\Database\BaseConnection.php(606): CodeIgniter\Database\BaseConnection->simpleQuery()
#3 D:\Kerja\Cataloguing Tool\Backend-Catalouging\system\Database\BaseBuilder.php(1615): CodeIgniter\Database\BaseConnection->query()
#4 D:\Kerja\Cataloguing Tool\Backend-Catalouging\system\Model.php(237): CodeIgniter\Database\BaseBuilder->get()
#5 D:\Kerja\Cataloguing Tool\Backend-Catalouging\system\BaseModel.php(624): CodeIgniter\Model->doFindAll()
#6 D:\Kerja\Cataloguing Tool\Backend-Catalouging\app\Models\Attribute.php(21): CodeIgniter\BaseModel->findAll()
#7 D:\Kerja\Cataloguing Tool\Backend-Catalouging\app\Controllers\AttributeController.php(26): App\Models\Attribute->getAllAttributeData()
#8 D:\Kerja\Cataloguing Tool\Backend-Catalouging\system\CodeIgniter.php(919): App\Controllers\AttributeController->index()
#9 D:\Kerja\Cataloguing Tool\Backend-Catalouging\system\CodeIgniter.php(494): CodeIgniter\CodeIgniter->runController()
#10 D:\Kerja\Cataloguing Tool\Backend-Catalouging\system\CodeIgniter.php(353): CodeIgniter\CodeIgniter->handleRequest()
#11 D:\Kerja\Cataloguing Tool\Backend-Catalouging\public\index.php(87): CodeIgniter\CodeIgniter->run()
#12 D:\Kerja\Cataloguing Tool\Backend-Catalouging\system\Commands\Server\rewrite.php(47): require_once('...')
#13 {main}
CRITICAL - 2023-12-15 09:20:15 --> Unknown column 'd_attribute.attribute_value' in 'field list'
in SYSTEMPATH\Database\BaseConnection.php on line 646.
 1 SYSTEMPATH\Database\BaseBuilder.php(1615): CodeIgniter\Database\BaseConnection->query()
 2 SYSTEMPATH\Model.php(237): CodeIgniter\Database\BaseBuilder->get()
 3 SYSTEMPATH\BaseModel.php(624): CodeIgniter\Model->doFindAll()
 4 APPPATH\Models\Attribute.php(21): CodeIgniter\BaseModel->findAll()
 5 APPPATH\Controllers\AttributeController.php(26): App\Models\Attribute->getAllAttributeData()
 6 SYSTEMPATH\CodeIgniter.php(919): App\Controllers\AttributeController->index()
 7 SYSTEMPATH\CodeIgniter.php(494): CodeIgniter\CodeIgniter->runController()
 8 SYSTEMPATH\CodeIgniter.php(353): CodeIgniter\CodeIgniter->handleRequest()
 9 FCPATH\index.php(87): CodeIgniter\CodeIgniter->run()
10 SYSTEMPATH\Commands\Server\rewrite.php(47): require_once('D:\\Kerja\\Cataloguing Tool\\Backend-Catalouging\\public\\index.php')
ERROR - 2023-12-15 09:21:42 --> mysqli_sql_exception: Unknown column 'd_attribute.attribute_value' in 'field list' in D:\Kerja\Cataloguing Tool\Backend-Catalouging\system\Database\MySQLi\Connection.php:306
Stack trace:
#0 D:\Kerja\Cataloguing Tool\Backend-Catalouging\system\Database\MySQLi\Connection.php(306): mysqli->query()
#1 D:\Kerja\Cataloguing Tool\Backend-Catalouging\system\Database\BaseConnection.php(692): CodeIgniter\Database\MySQLi\Connection->execute()
#2 D:\Kerja\Cataloguing Tool\Backend-Catalouging\system\Database\BaseConnection.php(606): CodeIgniter\Database\BaseConnection->simpleQuery()
#3 D:\Kerja\Cataloguing Tool\Backend-Catalouging\system\Database\BaseBuilder.php(1615): CodeIgniter\Database\BaseConnection->query()
#4 D:\Kerja\Cataloguing Tool\Backend-Catalouging\system\Model.php(237): CodeIgniter\Database\BaseBuilder->get()
#5 D:\Kerja\Cataloguing Tool\Backend-Catalouging\system\BaseModel.php(624): CodeIgniter\Model->doFindAll()
#6 D:\Kerja\Cataloguing Tool\Backend-Catalouging\app\Models\Attribute.php(21): CodeIgniter\BaseModel->findAll()
#7 D:\Kerja\Cataloguing Tool\Backend-Catalouging\app\Controllers\AttributeController.php(26): App\Models\Attribute->getAllAttributeData()
#8 D:\Kerja\Cataloguing Tool\Backend-Catalouging\system\CodeIgniter.php(919): App\Controllers\AttributeController->index()
#9 D:\Kerja\Cataloguing Tool\Backend-Catalouging\system\CodeIgniter.php(494): CodeIgniter\CodeIgniter->runController()
#10 D:\Kerja\Cataloguing Tool\Backend-Catalouging\system\CodeIgniter.php(353): CodeIgniter\CodeIgniter->handleRequest()
#11 D:\Kerja\Cataloguing Tool\Backend-Catalouging\public\index.php(87): CodeIgniter\CodeIgniter->run()
#12 D:\Kerja\Cataloguing Tool\Backend-Catalouging\system\Commands\Server\rewrite.php(47): require_once('...')
#13 {main}
CRITICAL - 2023-12-15 09:21:42 --> Unknown column 'd_attribute.attribute_value' in 'field list'
in SYSTEMPATH\Database\BaseConnection.php on line 646.
 1 SYSTEMPATH\Database\BaseBuilder.php(1615): CodeIgniter\Database\BaseConnection->query()
 2 SYSTEMPATH\Model.php(237): CodeIgniter\Database\BaseBuilder->get()
 3 SYSTEMPATH\BaseModel.php(624): CodeIgniter\Model->doFindAll()
 4 APPPATH\Models\Attribute.php(21): CodeIgniter\BaseModel->findAll()
 5 APPPATH\Controllers\AttributeController.php(26): App\Models\Attribute->getAllAttributeData()
 6 SYSTEMPATH\CodeIgniter.php(919): App\Controllers\AttributeController->index()
 7 SYSTEMPATH\CodeIgniter.php(494): CodeIgniter\CodeIgniter->runController()
 8 SYSTEMPATH\CodeIgniter.php(353): CodeIgniter\CodeIgniter->handleRequest()
 9 FCPATH\index.php(87): CodeIgniter\CodeIgniter->run()
10 SYSTEMPATH\Commands\Server\rewrite.php(47): require_once('D:\\Kerja\\Cataloguing Tool\\Backend-Catalouging\\public\\index.php')
ERROR - 2023-12-15 09:21:52 --> mysqli_sql_exception: Unknown column 'd_attribute.attribute_value' in 'field list' in D:\Kerja\Cataloguing Tool\Backend-Catalouging\system\Database\MySQLi\Connection.php:306
Stack trace:
#0 D:\Kerja\Cataloguing Tool\Backend-Catalouging\system\Database\MySQLi\Connection.php(306): mysqli->query()
#1 D:\Kerja\Cataloguing Tool\Backend-Catalouging\system\Database\BaseConnection.php(692): CodeIgniter\Database\MySQLi\Connection->execute()
#2 D:\Kerja\Cataloguing Tool\Backend-Catalouging\system\Database\BaseConnection.php(606): CodeIgniter\Database\BaseConnection->simpleQuery()
#3 D:\Kerja\Cataloguing Tool\Backend-Catalouging\system\Database\BaseBuilder.php(1615): CodeIgniter\Database\BaseConnection->query()
#4 D:\Kerja\Cataloguing Tool\Backend-Catalouging\system\Model.php(237): CodeIgniter\Database\BaseBuilder->get()
#5 D:\Kerja\Cataloguing Tool\Backend-Catalouging\system\BaseModel.php(624): CodeIgniter\Model->doFindAll()
#6 D:\Kerja\Cataloguing Tool\Backend-Catalouging\app\Models\Attribute.php(21): CodeIgniter\BaseModel->findAll()
#7 D:\Kerja\Cataloguing Tool\Backend-Catalouging\app\Controllers\AttributeController.php(26): App\Models\Attribute->getAllAttributeData()
#8 D:\Kerja\Cataloguing Tool\Backend-Catalouging\system\CodeIgniter.php(919): App\Controllers\AttributeController->index()
#9 D:\Kerja\Cataloguing Tool\Backend-Catalouging\system\CodeIgniter.php(494): CodeIgniter\CodeIgniter->runController()
#10 D:\Kerja\Cataloguing Tool\Backend-Catalouging\system\CodeIgniter.php(353): CodeIgniter\CodeIgniter->handleRequest()
#11 D:\Kerja\Cataloguing Tool\Backend-Catalouging\public\index.php(87): CodeIgniter\CodeIgniter->run()
#12 D:\Kerja\Cataloguing Tool\Backend-Catalouging\system\Commands\Server\rewrite.php(47): require_once('...')
#13 {main}
CRITICAL - 2023-12-15 09:21:52 --> Unknown column 'd_attribute.attribute_value' in 'field list'
in SYSTEMPATH\Database\BaseConnection.php on line 646.
 1 SYSTEMPATH\Database\BaseBuilder.php(1615): CodeIgniter\Database\BaseConnection->query()
 2 SYSTEMPATH\Model.php(237): CodeIgniter\Database\BaseBuilder->get()
 3 SYSTEMPATH\BaseModel.php(624): CodeIgniter\Model->doFindAll()
 4 APPPATH\Models\Attribute.php(21): CodeIgniter\BaseModel->findAll()
 5 APPPATH\Controllers\AttributeController.php(26): App\Models\Attribute->getAllAttributeData()
 6 SYSTEMPATH\CodeIgniter.php(919): App\Controllers\AttributeController->index()
 7 SYSTEMPATH\CodeIgniter.php(494): CodeIgniter\CodeIgniter->runController()
 8 SYSTEMPATH\CodeIgniter.php(353): CodeIgniter\CodeIgniter->handleRequest()
 9 FCPATH\index.php(87): CodeIgniter\CodeIgniter->run()
10 SYSTEMPATH\Commands\Server\rewrite.php(47): require_once('D:\\Kerja\\Cataloguing Tool\\Backend-Catalouging\\public\\index.php')
ERROR - 2023-12-15 09:22:12 --> mysqli_sql_exception: Unknown column 'd_attribute.attribute_value' in 'field list' in D:\Kerja\Cataloguing Tool\Backend-Catalouging\system\Database\MySQLi\Connection.php:306
Stack trace:
#0 D:\Kerja\Cataloguing Tool\Backend-Catalouging\system\Database\MySQLi\Connection.php(306): mysqli->query()
#1 D:\Kerja\Cataloguing Tool\Backend-Catalouging\system\Database\BaseConnection.php(692): CodeIgniter\Database\MySQLi\Connection->execute()
#2 D:\Kerja\Cataloguing Tool\Backend-Catalouging\system\Database\BaseConnection.php(606): CodeIgniter\Database\BaseConnection->simpleQuery()
#3 D:\Kerja\Cataloguing Tool\Backend-Catalouging\system\Database\BaseBuilder.php(1615): CodeIgniter\Database\BaseConnection->query()
#4 D:\Kerja\Cataloguing Tool\Backend-Catalouging\system\Model.php(237): CodeIgniter\Database\BaseBuilder->get()
#5 D:\Kerja\Cataloguing Tool\Backend-Catalouging\system\BaseModel.php(624): CodeIgniter\Model->doFindAll()
#6 D:\Kerja\Cataloguing Tool\Backend-Catalouging\app\Models\Attribute.php(21): CodeIgniter\BaseModel->findAll()
#7 D:\Kerja\Cataloguing Tool\Backend-Catalouging\app\Controllers\AttributeController.php(26): App\Models\Attribute->getAllAttributeData()
#8 D:\Kerja\Cataloguing Tool\Backend-Catalouging\system\CodeIgniter.php(919): App\Controllers\AttributeController->index()
#9 D:\Kerja\Cataloguing Tool\Backend-Catalouging\system\CodeIgniter.php(494): CodeIgniter\CodeIgniter->runController()
#10 D:\Kerja\Cataloguing Tool\Backend-Catalouging\system\CodeIgniter.php(353): CodeIgniter\CodeIgniter->handleRequest()
#11 D:\Kerja\Cataloguing Tool\Backend-Catalouging\public\index.php(87): CodeIgniter\CodeIgniter->run()
#12 D:\Kerja\Cataloguing Tool\Backend-Catalouging\system\Commands\Server\rewrite.php(47): require_once('...')
#13 {main}
CRITICAL - 2023-12-15 09:22:12 --> Unknown column 'd_attribute.attribute_value' in 'field list'
in SYSTEMPATH\Database\BaseConnection.php on line 646.
 1 SYSTEMPATH\Database\BaseBuilder.php(1615): CodeIgniter\Database\BaseConnection->query()
 2 SYSTEMPATH\Model.php(237): CodeIgniter\Database\BaseBuilder->get()
 3 SYSTEMPATH\BaseModel.php(624): CodeIgniter\Model->doFindAll()
 4 APPPATH\Models\Attribute.php(21): CodeIgniter\BaseModel->findAll()
 5 APPPATH\Controllers\AttributeController.php(26): App\Models\Attribute->getAllAttributeData()
 6 SYSTEMPATH\CodeIgniter.php(919): App\Controllers\AttributeController->index()
 7 SYSTEMPATH\CodeIgniter.php(494): CodeIgniter\CodeIgniter->runController()
 8 SYSTEMPATH\CodeIgniter.php(353): CodeIgniter\CodeIgniter->handleRequest()
 9 FCPATH\index.php(87): CodeIgniter\CodeIgniter->run()
10 SYSTEMPATH\Commands\Server\rewrite.php(47): require_once('D:\\Kerja\\Cataloguing Tool\\Backend-Catalouging\\public\\index.php')
ERROR - 2023-12-15 09:23:26 --> mysqli_sql_exception: Unknown column 'd_attribute.attribute_value' in 'field list' in D:\Kerja\Cataloguing Tool\Backend-Catalouging\system\Database\MySQLi\Connection.php:306
Stack trace:
#0 D:\Kerja\Cataloguing Tool\Backend-Catalouging\system\Database\MySQLi\Connection.php(306): mysqli->query()
#1 D:\Kerja\Cataloguing Tool\Backend-Catalouging\system\Database\BaseConnection.php(692): CodeIgniter\Database\MySQLi\Connection->execute()
#2 D:\Kerja\Cataloguing Tool\Backend-Catalouging\system\Database\BaseConnection.php(606): CodeIgniter\Database\BaseConnection->simpleQuery()
#3 D:\Kerja\Cataloguing Tool\Backend-Catalouging\system\Database\BaseBuilder.php(1615): CodeIgniter\Database\BaseConnection->query()
#4 D:\Kerja\Cataloguing Tool\Backend-Catalouging\system\Model.php(237): CodeIgniter\Database\BaseBuilder->get()
#5 D:\Kerja\Cataloguing Tool\Backend-Catalouging\system\BaseModel.php(624): CodeIgniter\Model->doFindAll()
#6 D:\Kerja\Cataloguing Tool\Backend-Catalouging\app\Models\Attribute.php(21): CodeIgniter\BaseModel->findAll()
#7 D:\Kerja\Cataloguing Tool\Backend-Catalouging\app\Controllers\AttributeController.php(26): App\Models\Attribute->getAllAttributeData()
#8 D:\Kerja\Cataloguing Tool\Backend-Catalouging\system\CodeIgniter.php(919): App\Controllers\AttributeController->index()
#9 D:\Kerja\Cataloguing Tool\Backend-Catalouging\system\CodeIgniter.php(494): CodeIgniter\CodeIgniter->runController()
#10 D:\Kerja\Cataloguing Tool\Backend-Catalouging\system\CodeIgniter.php(353): CodeIgniter\CodeIgniter->handleRequest()
#11 D:\Kerja\Cataloguing Tool\Backend-Catalouging\public\index.php(87): CodeIgniter\CodeIgniter->run()
#12 D:\Kerja\Cataloguing Tool\Backend-Catalouging\system\Commands\Server\rewrite.php(47): require_once('...')
#13 {main}
CRITICAL - 2023-12-15 09:23:26 --> Unknown column 'd_attribute.attribute_value' in 'field list'
in SYSTEMPATH\Database\BaseConnection.php on line 646.
 1 SYSTEMPATH\Database\BaseBuilder.php(1615): CodeIgniter\Database\BaseConnection->query()
 2 SYSTEMPATH\Model.php(237): CodeIgniter\Database\BaseBuilder->get()
 3 SYSTEMPATH\BaseModel.php(624): CodeIgniter\Model->doFindAll()
 4 APPPATH\Models\Attribute.php(21): CodeIgniter\BaseModel->findAll()
 5 APPPATH\Controllers\AttributeController.php(26): App\Models\Attribute->getAllAttributeData()
 6 SYSTEMPATH\CodeIgniter.php(919): App\Controllers\AttributeController->index()
 7 SYSTEMPATH\CodeIgniter.php(494): CodeIgniter\CodeIgniter->runController()
 8 SYSTEMPATH\CodeIgniter.php(353): CodeIgniter\CodeIgniter->handleRequest()
 9 FCPATH\index.php(87): CodeIgniter\CodeIgniter->run()
10 SYSTEMPATH\Commands\Server\rewrite.php(47): require_once('D:\\Kerja\\Cataloguing Tool\\Backend-Catalouging\\public\\index.php')
ERROR - 2023-12-15 09:29:03 --> mysqli_sql_exception: Unknown column 'd_attribute.attribute_value' in 'field list' in D:\Kerja\Cataloguing Tool\Backend-Catalouging\system\Database\MySQLi\Connection.php:306
Stack trace:
#0 D:\Kerja\Cataloguing Tool\Backend-Catalouging\system\Database\MySQLi\Connection.php(306): mysqli->query()
#1 D:\Kerja\Cataloguing Tool\Backend-Catalouging\system\Database\BaseConnection.php(692): CodeIgniter\Database\MySQLi\Connection->execute()
#2 D:\Kerja\Cataloguing Tool\Backend-Catalouging\system\Database\BaseConnection.php(606): CodeIgniter\Database\BaseConnection->simpleQuery()
#3 D:\Kerja\Cataloguing Tool\Backend-Catalouging\system\Database\BaseBuilder.php(1615): CodeIgniter\Database\BaseConnection->query()
#4 D:\Kerja\Cataloguing Tool\Backend-Catalouging\system\Model.php(237): CodeIgniter\Database\BaseBuilder->get()
#5 D:\Kerja\Cataloguing Tool\Backend-Catalouging\system\BaseModel.php(624): CodeIgniter\Model->doFindAll()
#6 D:\Kerja\Cataloguing Tool\Backend-Catalouging\app\Models\Attribute.php(21): CodeIgniter\BaseModel->findAll()
#7 D:\Kerja\Cataloguing Tool\Backend-Catalouging\app\Controllers\AttributeController.php(26): App\Models\Attribute->getAllAttributeData()
#8 D:\Kerja\Cataloguing Tool\Backend-Catalouging\system\CodeIgniter.php(919): App\Controllers\AttributeController->index()
#9 D:\Kerja\Cataloguing Tool\Backend-Catalouging\system\CodeIgniter.php(494): CodeIgniter\CodeIgniter->runController()
#10 D:\Kerja\Cataloguing Tool\Backend-Catalouging\system\CodeIgniter.php(353): CodeIgniter\CodeIgniter->handleRequest()
#11 D:\Kerja\Cataloguing Tool\Backend-Catalouging\public\index.php(87): CodeIgniter\CodeIgniter->run()
#12 D:\Kerja\Cataloguing Tool\Backend-Catalouging\system\Commands\Server\rewrite.php(47): require_once('...')
#13 {main}
CRITICAL - 2023-12-15 09:29:03 --> Unknown column 'd_attribute.attribute_value' in 'field list'
in SYSTEMPATH\Database\BaseConnection.php on line 646.
 1 SYSTEMPATH\Database\BaseBuilder.php(1615): CodeIgniter\Database\BaseConnection->query()
 2 SYSTEMPATH\Model.php(237): CodeIgniter\Database\BaseBuilder->get()
 3 SYSTEMPATH\BaseModel.php(624): CodeIgniter\Model->doFindAll()
 4 APPPATH\Models\Attribute.php(21): CodeIgniter\BaseModel->findAll()
 5 APPPATH\Controllers\AttributeController.php(26): App\Models\Attribute->getAllAttributeData()
 6 SYSTEMPATH\CodeIgniter.php(919): App\Controllers\AttributeController->index()
 7 SYSTEMPATH\CodeIgniter.php(494): CodeIgniter\CodeIgniter->runController()
 8 SYSTEMPATH\CodeIgniter.php(353): CodeIgniter\CodeIgniter->handleRequest()
 9 FCPATH\index.php(87): CodeIgniter\CodeIgniter->run()
10 SYSTEMPATH\Commands\Server\rewrite.php(47): require_once('D:\\Kerja\\Cataloguing Tool\\Backend-Catalouging\\public\\index.php')
ERROR - 2023-12-15 09:29:05 --> mysqli_sql_exception: Unknown column 'd_attribute.attribute_value' in 'field list' in D:\Kerja\Cataloguing Tool\Backend-Catalouging\system\Database\MySQLi\Connection.php:306
Stack trace:
#0 D:\Kerja\Cataloguing Tool\Backend-Catalouging\system\Database\MySQLi\Connection.php(306): mysqli->query()
#1 D:\Kerja\Cataloguing Tool\Backend-Catalouging\system\Database\BaseConnection.php(692): CodeIgniter\Database\MySQLi\Connection->execute()
#2 D:\Kerja\Cataloguing Tool\Backend-Catalouging\system\Database\BaseConnection.php(606): CodeIgniter\Database\BaseConnection->simpleQuery()
#3 D:\Kerja\Cataloguing Tool\Backend-Catalouging\system\Database\BaseBuilder.php(1615): CodeIgniter\Database\BaseConnection->query()
#4 D:\Kerja\Cataloguing Tool\Backend-Catalouging\system\Model.php(237): CodeIgniter\Database\BaseBuilder->get()
#5 D:\Kerja\Cataloguing Tool\Backend-Catalouging\system\BaseModel.php(624): CodeIgniter\Model->doFindAll()
#6 D:\Kerja\Cataloguing Tool\Backend-Catalouging\app\Models\Attribute.php(21): CodeIgniter\BaseModel->findAll()
#7 D:\Kerja\Cataloguing Tool\Backend-Catalouging\app\Controllers\AttributeController.php(26): App\Models\Attribute->getAllAttributeData()
#8 D:\Kerja\Cataloguing Tool\Backend-Catalouging\system\CodeIgniter.php(919): App\Controllers\AttributeController->index()
#9 D:\Kerja\Cataloguing Tool\Backend-Catalouging\system\CodeIgniter.php(494): CodeIgniter\CodeIgniter->runController()
#10 D:\Kerja\Cataloguing Tool\Backend-Catalouging\system\CodeIgniter.php(353): CodeIgniter\CodeIgniter->handleRequest()
#11 D:\Kerja\Cataloguing Tool\Backend-Catalouging\public\index.php(87): CodeIgniter\CodeIgniter->run()
#12 D:\Kerja\Cataloguing Tool\Backend-Catalouging\system\Commands\Server\rewrite.php(47): require_once('...')
#13 {main}
CRITICAL - 2023-12-15 09:29:05 --> Unknown column 'd_attribute.attribute_value' in 'field list'
in SYSTEMPATH\Database\BaseConnection.php on line 646.
 1 SYSTEMPATH\Database\BaseBuilder.php(1615): CodeIgniter\Database\BaseConnection->query()
 2 SYSTEMPATH\Model.php(237): CodeIgniter\Database\BaseBuilder->get()
 3 SYSTEMPATH\BaseModel.php(624): CodeIgniter\Model->doFindAll()
 4 APPPATH\Models\Attribute.php(21): CodeIgniter\BaseModel->findAll()
 5 APPPATH\Controllers\AttributeController.php(26): App\Models\Attribute->getAllAttributeData()
 6 SYSTEMPATH\CodeIgniter.php(919): App\Controllers\AttributeController->index()
 7 SYSTEMPATH\CodeIgniter.php(494): CodeIgniter\CodeIgniter->runController()
 8 SYSTEMPATH\CodeIgniter.php(353): CodeIgniter\CodeIgniter->handleRequest()
 9 FCPATH\index.php(87): CodeIgniter\CodeIgniter->run()
10 SYSTEMPATH\Commands\Server\rewrite.php(47): require_once('D:\\Kerja\\Cataloguing Tool\\Backend-Catalouging\\public\\index.php')
ERROR - 2023-12-15 09:29:27 --> mysqli_sql_exception: Unknown column 'd_attribute.attribute_value' in 'field list' in D:\Kerja\Cataloguing Tool\Backend-Catalouging\system\Database\MySQLi\Connection.php:306
Stack trace:
#0 D:\Kerja\Cataloguing Tool\Backend-Catalouging\system\Database\MySQLi\Connection.php(306): mysqli->query()
#1 D:\Kerja\Cataloguing Tool\Backend-Catalouging\system\Database\BaseConnection.php(692): CodeIgniter\Database\MySQLi\Connection->execute()
#2 D:\Kerja\Cataloguing Tool\Backend-Catalouging\system\Database\BaseConnection.php(606): CodeIgniter\Database\BaseConnection->simpleQuery()
#3 D:\Kerja\Cataloguing Tool\Backend-Catalouging\system\Database\BaseBuilder.php(1615): CodeIgniter\Database\BaseConnection->query()
#4 D:\Kerja\Cataloguing Tool\Backend-Catalouging\system\Model.php(237): CodeIgniter\Database\BaseBuilder->get()
#5 D:\Kerja\Cataloguing Tool\Backend-Catalouging\system\BaseModel.php(624): CodeIgniter\Model->doFindAll()
#6 D:\Kerja\Cataloguing Tool\Backend-Catalouging\app\Models\Attribute.php(21): CodeIgniter\BaseModel->findAll()
#7 D:\Kerja\Cataloguing Tool\Backend-Catalouging\app\Controllers\AttributeController.php(26): App\Models\Attribute->getAllAttributeData()
#8 D:\Kerja\Cataloguing Tool\Backend-Catalouging\system\CodeIgniter.php(919): App\Controllers\AttributeController->index()
#9 D:\Kerja\Cataloguing Tool\Backend-Catalouging\system\CodeIgniter.php(494): CodeIgniter\CodeIgniter->runController()
#10 D:\Kerja\Cataloguing Tool\Backend-Catalouging\system\CodeIgniter.php(353): CodeIgniter\CodeIgniter->handleRequest()
#11 D:\Kerja\Cataloguing Tool\Backend-Catalouging\public\index.php(87): CodeIgniter\CodeIgniter->run()
#12 D:\Kerja\Cataloguing Tool\Backend-Catalouging\system\Commands\Server\rewrite.php(47): require_once('...')
#13 {main}
CRITICAL - 2023-12-15 09:29:27 --> Unknown column 'd_attribute.attribute_value' in 'field list'
in SYSTEMPATH\Database\BaseConnection.php on line 646.
 1 SYSTEMPATH\Database\BaseBuilder.php(1615): CodeIgniter\Database\BaseConnection->query()
 2 SYSTEMPATH\Model.php(237): CodeIgniter\Database\BaseBuilder->get()
 3 SYSTEMPATH\BaseModel.php(624): CodeIgniter\Model->doFindAll()
 4 APPPATH\Models\Attribute.php(21): CodeIgniter\BaseModel->findAll()
 5 APPPATH\Controllers\AttributeController.php(26): App\Models\Attribute->getAllAttributeData()
 6 SYSTEMPATH\CodeIgniter.php(919): App\Controllers\AttributeController->index()
 7 SYSTEMPATH\CodeIgniter.php(494): CodeIgniter\CodeIgniter->runController()
 8 SYSTEMPATH\CodeIgniter.php(353): CodeIgniter\CodeIgniter->handleRequest()
 9 FCPATH\index.php(87): CodeIgniter\CodeIgniter->run()
10 SYSTEMPATH\Commands\Server\rewrite.php(47): require_once('D:\\Kerja\\Cataloguing Tool\\Backend-Catalouging\\public\\index.php')
CRITICAL - 2023-12-15 09:52:00 --> Undefined array key "groupName"
in APPPATH\Models\Material.php on line 43.
 1 APPPATH\Models\Material.php(43): CodeIgniter\Debug\Exceptions->errorHandler()
 2 APPPATH\Controllers\MaterialController.php(22): App\Models\Material->getAllMaterialData()
 3 SYSTEMPATH\CodeIgniter.php(919): App\Controllers\MaterialController->index()
 4 SYSTEMPATH\CodeIgniter.php(494): CodeIgniter\CodeIgniter->runController()
 5 SYSTEMPATH\CodeIgniter.php(353): CodeIgniter\CodeIgniter->handleRequest()
 6 FCPATH\index.php(87): CodeIgniter\CodeIgniter->run()
 7 SYSTEMPATH\Commands\Server\rewrite.php(47): require_once('D:\\Kerja\\Cataloguing Tool\\Backend-Catalouging\\public\\index.php')
CRITICAL - 2023-12-15 09:52:02 --> Undefined array key "groupName"
in APPPATH\Models\Material.php on line 43.
 1 APPPATH\Models\Material.php(43): CodeIgniter\Debug\Exceptions->errorHandler()
 2 APPPATH\Controllers\MaterialController.php(22): App\Models\Material->getAllMaterialData()
 3 SYSTEMPATH\CodeIgniter.php(919): App\Controllers\MaterialController->index()
 4 SYSTEMPATH\CodeIgniter.php(494): CodeIgniter\CodeIgniter->runController()
 5 SYSTEMPATH\CodeIgniter.php(353): CodeIgniter\CodeIgniter->handleRequest()
 6 FCPATH\index.php(87): CodeIgniter\CodeIgniter->run()
 7 SYSTEMPATH\Commands\Server\rewrite.php(47): require_once('D:\\Kerja\\Cataloguing Tool\\Backend-Catalouging\\public\\index.php')
CRITICAL - 2023-12-15 09:52:03 --> Undefined array key "groupName"
in APPPATH\Models\Material.php on line 43.
 1 APPPATH\Models\Material.php(43): CodeIgniter\Debug\Exceptions->errorHandler()
 2 APPPATH\Controllers\MaterialController.php(22): App\Models\Material->getAllMaterialData()
 3 SYSTEMPATH\CodeIgniter.php(919): App\Controllers\MaterialController->index()
 4 SYSTEMPATH\CodeIgniter.php(494): CodeIgniter\CodeIgniter->runController()
 5 SYSTEMPATH\CodeIgniter.php(353): CodeIgniter\CodeIgniter->handleRequest()
 6 FCPATH\index.php(87): CodeIgniter\CodeIgniter->run()
 7 SYSTEMPATH\Commands\Server\rewrite.php(47): require_once('D:\\Kerja\\Cataloguing Tool\\Backend-Catalouging\\public\\index.php')
CRITICAL - 2023-12-15 10:07:50 --> syntax error, unexpected single-quoted string "inc", expecting "]"
in APPPATH\Models\Material.php on line 12.
 1 SYSTEMPATH\Autoloader\Autoloader.php(285): CodeIgniter\Autoloader\Autoloader->includeFile()
 2 SYSTEMPATH\Autoloader\Autoloader.php(263): CodeIgniter\Autoloader\Autoloader->loadInNamespace()
 3 [internal function]: CodeIgniter\Autoloader\Autoloader->loadClass()
 4 SYSTEMPATH\RESTful\BaseResource.php(67): class_exists()
 5 SYSTEMPATH\RESTful\BaseResource.php(49): CodeIgniter\RESTful\BaseResource->setModel()
 6 SYSTEMPATH\CodeIgniter.php(892): CodeIgniter\RESTful\BaseResource->initController()
 7 SYSTEMPATH\CodeIgniter.php(485): CodeIgniter\CodeIgniter->createController()
 8 SYSTEMPATH\CodeIgniter.php(353): CodeIgniter\CodeIgniter->handleRequest()
 9 FCPATH\index.php(87): CodeIgniter\CodeIgniter->run()
10 SYSTEMPATH\Commands\Server\rewrite.php(47): require_once('D:\\Kerja\\Cataloguing Tool\\Backend-Catalouging\\public\\index.php')
ERROR - 2023-12-15 10:08:29 --> mysqli_sql_exception: Unknown column 'd.material.globalAttributeValue' in 'field list' in D:\Kerja\Cataloguing Tool\Backend-Catalouging\system\Database\MySQLi\Connection.php:306
Stack trace:
#0 D:\Kerja\Cataloguing Tool\Backend-Catalouging\system\Database\MySQLi\Connection.php(306): mysqli->query()
#1 D:\Kerja\Cataloguing Tool\Backend-Catalouging\system\Database\BaseConnection.php(692): CodeIgniter\Database\MySQLi\Connection->execute()
#2 D:\Kerja\Cataloguing Tool\Backend-Catalouging\system\Database\BaseConnection.php(606): CodeIgniter\Database\BaseConnection->simpleQuery()
#3 D:\Kerja\Cataloguing Tool\Backend-Catalouging\system\Database\BaseBuilder.php(1615): CodeIgniter\Database\BaseConnection->query()
#4 D:\Kerja\Cataloguing Tool\Backend-Catalouging\system\Model.php(237): CodeIgniter\Database\BaseBuilder->get()
#5 D:\Kerja\Cataloguing Tool\Backend-Catalouging\system\BaseModel.php(624): CodeIgniter\Model->doFindAll()
#6 D:\Kerja\Cataloguing Tool\Backend-Catalouging\app\Models\Material.php(22): CodeIgniter\BaseModel->findAll()
#7 D:\Kerja\Cataloguing Tool\Backend-Catalouging\app\Controllers\MaterialController.php(22): App\Models\Material->getAllMaterialData()
#8 D:\Kerja\Cataloguing Tool\Backend-Catalouging\system\CodeIgniter.php(919): App\Controllers\MaterialController->index()
#9 D:\Kerja\Cataloguing Tool\Backend-Catalouging\system\CodeIgniter.php(494): CodeIgniter\CodeIgniter->runController()
#10 D:\Kerja\Cataloguing Tool\Backend-Catalouging\system\CodeIgniter.php(353): CodeIgniter\CodeIgniter->handleRequest()
#11 D:\Kerja\Cataloguing Tool\Backend-Catalouging\public\index.php(87): CodeIgniter\CodeIgniter->run()
#12 D:\Kerja\Cataloguing Tool\Backend-Catalouging\system\Commands\Server\rewrite.php(47): require_once('...')
#13 {main}
CRITICAL - 2023-12-15 10:08:29 --> Unknown column 'd.material.globalAttributeValue' in 'field list'
in SYSTEMPATH\Database\BaseConnection.php on line 646.
 1 SYSTEMPATH\Database\BaseBuilder.php(1615): CodeIgniter\Database\BaseConnection->query()
 2 SYSTEMPATH\Model.php(237): CodeIgniter\Database\BaseBuilder->get()
 3 SYSTEMPATH\BaseModel.php(624): CodeIgniter\Model->doFindAll()
 4 APPPATH\Models\Material.php(22): CodeIgniter\BaseModel->findAll()
 5 APPPATH\Controllers\MaterialController.php(22): App\Models\Material->getAllMaterialData()
 6 SYSTEMPATH\CodeIgniter.php(919): App\Controllers\MaterialController->index()
 7 SYSTEMPATH\CodeIgniter.php(494): CodeIgniter\CodeIgniter->runController()
 8 SYSTEMPATH\CodeIgniter.php(353): CodeIgniter\CodeIgniter->handleRequest()
 9 FCPATH\index.php(87): CodeIgniter\CodeIgniter->run()
10 SYSTEMPATH\Commands\Server\rewrite.php(47): require_once('D:\\Kerja\\Cataloguing Tool\\Backend-Catalouging\\public\\index.php')
ERROR - 2023-12-15 10:09:19 --> mysqli_sql_exception: Unknown column 'd.material.global_attribute_value' in 'field list' in D:\Kerja\Cataloguing Tool\Backend-Catalouging\system\Database\MySQLi\Connection.php:306
Stack trace:
#0 D:\Kerja\Cataloguing Tool\Backend-Catalouging\system\Database\MySQLi\Connection.php(306): mysqli->query()
#1 D:\Kerja\Cataloguing Tool\Backend-Catalouging\system\Database\BaseConnection.php(692): CodeIgniter\Database\MySQLi\Connection->execute()
#2 D:\Kerja\Cataloguing Tool\Backend-Catalouging\system\Database\BaseConnection.php(606): CodeIgniter\Database\BaseConnection->simpleQuery()
#3 D:\Kerja\Cataloguing Tool\Backend-Catalouging\system\Database\BaseBuilder.php(1615): CodeIgniter\Database\BaseConnection->query()
#4 D:\Kerja\Cataloguing Tool\Backend-Catalouging\system\Model.php(237): CodeIgniter\Database\BaseBuilder->get()
#5 D:\Kerja\Cataloguing Tool\Backend-Catalouging\system\BaseModel.php(624): CodeIgniter\Model->doFindAll()
#6 D:\Kerja\Cataloguing Tool\Backend-Catalouging\app\Models\Material.php(22): CodeIgniter\BaseModel->findAll()
#7 D:\Kerja\Cataloguing Tool\Backend-Catalouging\app\Controllers\MaterialController.php(22): App\Models\Material->getAllMaterialData()
#8 D:\Kerja\Cataloguing Tool\Backend-Catalouging\system\CodeIgniter.php(919): App\Controllers\MaterialController->index()
#9 D:\Kerja\Cataloguing Tool\Backend-Catalouging\system\CodeIgniter.php(494): CodeIgniter\CodeIgniter->runController()
#10 D:\Kerja\Cataloguing Tool\Backend-Catalouging\system\CodeIgniter.php(353): CodeIgniter\CodeIgniter->handleRequest()
#11 D:\Kerja\Cataloguing Tool\Backend-Catalouging\public\index.php(87): CodeIgniter\CodeIgniter->run()
#12 D:\Kerja\Cataloguing Tool\Backend-Catalouging\system\Commands\Server\rewrite.php(47): require_once('...')
#13 {main}
CRITICAL - 2023-12-15 10:09:19 --> Unknown column 'd.material.global_attribute_value' in 'field list'
in SYSTEMPATH\Database\BaseConnection.php on line 646.
 1 SYSTEMPATH\Database\BaseBuilder.php(1615): CodeIgniter\Database\BaseConnection->query()
 2 SYSTEMPATH\Model.php(237): CodeIgniter\Database\BaseBuilder->get()
 3 SYSTEMPATH\BaseModel.php(624): CodeIgniter\Model->doFindAll()
 4 APPPATH\Models\Material.php(22): CodeIgniter\BaseModel->findAll()
 5 APPPATH\Controllers\MaterialController.php(22): App\Models\Material->getAllMaterialData()
 6 SYSTEMPATH\CodeIgniter.php(919): App\Controllers\MaterialController->index()
 7 SYSTEMPATH\CodeIgniter.php(494): CodeIgniter\CodeIgniter->runController()
 8 SYSTEMPATH\CodeIgniter.php(353): CodeIgniter\CodeIgniter->handleRequest()
 9 FCPATH\index.php(87): CodeIgniter\CodeIgniter->run()
10 SYSTEMPATH\Commands\Server\rewrite.php(47): require_once('D:\\Kerja\\Cataloguing Tool\\Backend-Catalouging\\public\\index.php')
ERROR - 2023-12-15 10:09:21 --> mysqli_sql_exception: Unknown column 'd.material.global_attribute_value' in 'field list' in D:\Kerja\Cataloguing Tool\Backend-Catalouging\system\Database\MySQLi\Connection.php:306
Stack trace:
#0 D:\Kerja\Cataloguing Tool\Backend-Catalouging\system\Database\MySQLi\Connection.php(306): mysqli->query()
#1 D:\Kerja\Cataloguing Tool\Backend-Catalouging\system\Database\BaseConnection.php(692): CodeIgniter\Database\MySQLi\Connection->execute()
#2 D:\Kerja\Cataloguing Tool\Backend-Catalouging\system\Database\BaseConnection.php(606): CodeIgniter\Database\BaseConnection->simpleQuery()
#3 D:\Kerja\Cataloguing Tool\Backend-Catalouging\system\Database\BaseBuilder.php(1615): CodeIgniter\Database\BaseConnection->query()
#4 D:\Kerja\Cataloguing Tool\Backend-Catalouging\system\Model.php(237): CodeIgniter\Database\BaseBuilder->get()
#5 D:\Kerja\Cataloguing Tool\Backend-Catalouging\system\BaseModel.php(624): CodeIgniter\Model->doFindAll()
#6 D:\Kerja\Cataloguing Tool\Backend-Catalouging\app\Models\Material.php(22): CodeIgniter\BaseModel->findAll()
#7 D:\Kerja\Cataloguing Tool\Backend-Catalouging\app\Controllers\MaterialController.php(22): App\Models\Material->getAllMaterialData()
#8 D:\Kerja\Cataloguing Tool\Backend-Catalouging\system\CodeIgniter.php(919): App\Controllers\MaterialController->index()
#9 D:\Kerja\Cataloguing Tool\Backend-Catalouging\system\CodeIgniter.php(494): CodeIgniter\CodeIgniter->runController()
#10 D:\Kerja\Cataloguing Tool\Backend-Catalouging\system\CodeIgniter.php(353): CodeIgniter\CodeIgniter->handleRequest()
#11 D:\Kerja\Cataloguing Tool\Backend-Catalouging\public\index.php(87): CodeIgniter\CodeIgniter->run()
#12 D:\Kerja\Cataloguing Tool\Backend-Catalouging\system\Commands\Server\rewrite.php(47): require_once('...')
#13 {main}
CRITICAL - 2023-12-15 10:09:21 --> Unknown column 'd.material.global_attribute_value' in 'field list'
in SYSTEMPATH\Database\BaseConnection.php on line 646.
 1 SYSTEMPATH\Database\BaseBuilder.php(1615): CodeIgniter\Database\BaseConnection->query()
 2 SYSTEMPATH\Model.php(237): CodeIgniter\Database\BaseBuilder->get()
 3 SYSTEMPATH\BaseModel.php(624): CodeIgniter\Model->doFindAll()
 4 APPPATH\Models\Material.php(22): CodeIgniter\BaseModel->findAll()
 5 APPPATH\Controllers\MaterialController.php(22): App\Models\Material->getAllMaterialData()
 6 SYSTEMPATH\CodeIgniter.php(919): App\Controllers\MaterialController->index()
 7 SYSTEMPATH\CodeIgniter.php(494): CodeIgniter\CodeIgniter->runController()
 8 SYSTEMPATH\CodeIgniter.php(353): CodeIgniter\CodeIgniter->handleRequest()
 9 FCPATH\index.php(87): CodeIgniter\CodeIgniter->run()
10 SYSTEMPATH\Commands\Server\rewrite.php(47): require_once('D:\\Kerja\\Cataloguing Tool\\Backend-Catalouging\\public\\index.php')
