CRITICAL - 2023-12-05 03:49:45 --> Attempt to read property "name" on null
in APPPATH\Controllers\UserController.php on line 136.
 1 APPPATH\Controllers\UserController.php(136): CodeIgniter\Debug\Exceptions->errorHandler()
 2 SYSTEMPATH\CodeIgniter.php(919): App\Controllers\UserController->create()
 3 SYSTEMPATH\CodeIgniter.php(494): CodeIgniter\CodeIgniter->runController()
 4 SYSTEMPATH\CodeIgniter.php(353): CodeIgniter\CodeIgniter->handleRequest()
 5 FCPATH\index.php(87): CodeIgniter\CodeIgniter->run()
 6 SYSTEMPATH\Commands\Server\rewrite.php(47): require_once('D:\\Kerja\\Cataloguing Tool\\Backend-Catalouging\\public\\index.php')
CRITICAL - 2023-12-05 04:04:42 --> Undefined variable $issuedAt
in APPPATH\Controllers\AuthController.php on line 47.
 1 APPPATH\Controllers\AuthController.php(47): CodeIgniter\Debug\Exceptions->errorHandler()
 2 SYSTEMPATH\CodeIgniter.php(919): App\Controllers\AuthController->login()
 3 SYSTEMPATH\CodeIgniter.php(494): CodeIgniter\CodeIgniter->runController()
 4 SYSTEMPATH\CodeIgniter.php(353): CodeIgniter\CodeIgniter->handleRequest()
 5 FCPATH\index.php(87): CodeIgniter\CodeIgniter->run()
 6 SYSTEMPATH\Commands\Server\rewrite.php(47): require_once('D:\\Kerja\\Cataloguing Tool\\Backend-Catalouging\\public\\index.php')
CRITICAL - 2023-12-05 04:06:08 --> Undefined variable $issuedAt
in APPPATH\Controllers\AuthController.php on line 47.
 1 APPPATH\Controllers\AuthController.php(47): CodeIgniter\Debug\Exceptions->errorHandler()
 2 SYSTEMPATH\CodeIgniter.php(919): App\Controllers\AuthController->login()
 3 SYSTEMPATH\CodeIgniter.php(494): CodeIgniter\CodeIgniter->runController()
 4 SYSTEMPATH\CodeIgniter.php(353): CodeIgniter\CodeIgniter->handleRequest()
 5 FCPATH\index.php(87): CodeIgniter\CodeIgniter->run()
 6 SYSTEMPATH\Commands\Server\rewrite.php(47): require_once('D:\\Kerja\\Cataloguing Tool\\Backend-Catalouging\\public\\index.php')
CRITICAL - 2023-12-05 04:06:14 --> Undefined variable $issuedAt
in APPPATH\Controllers\AuthController.php on line 47.
 1 APPPATH\Controllers\AuthController.php(47): CodeIgniter\Debug\Exceptions->errorHandler()
 2 SYSTEMPATH\CodeIgniter.php(919): App\Controllers\AuthController->login()
 3 SYSTEMPATH\CodeIgniter.php(494): CodeIgniter\CodeIgniter->runController()
 4 SYSTEMPATH\CodeIgniter.php(353): CodeIgniter\CodeIgniter->handleRequest()
 5 FCPATH\index.php(87): CodeIgniter\CodeIgniter->run()
 6 SYSTEMPATH\Commands\Server\rewrite.php(47): require_once('D:\\Kerja\\Cataloguing Tool\\Backend-Catalouging\\public\\index.php')
CRITICAL - 2023-12-05 04:06:42 --> Class "App\Controllers\JWT" not found
in APPPATH\Controllers\AuthController.php on line 49.
 1 SYSTEMPATH\CodeIgniter.php(919): App\Controllers\AuthController->login()
 2 SYSTEMPATH\CodeIgniter.php(494): CodeIgniter\CodeIgniter->runController()
 3 SYSTEMPATH\CodeIgniter.php(353): CodeIgniter\CodeIgniter->handleRequest()
 4 FCPATH\index.php(87): CodeIgniter\CodeIgniter->run()
 5 SYSTEMPATH\Commands\Server\rewrite.php(47): require_once('D:\\Kerja\\Cataloguing Tool\\Backend-Catalouging\\public\\index.php')
